454.000000
625.400000
633.200000
656.600000
700.000000
654.200000
614.800000
569.200000
603.000000
553.200000
676.200000
501.000000
552.600000
578.400000
613.000000
587.400000
611.600000
643.400000
691.000000
723.400000
362.600000
479.000000
546.000000
621.000000
575.800000
597.600000
657.800000
501.200000
582.600000
657.600000
617.000000
722.000000
648.200000
615.800000
417.400000
523.400000
496.800000
640.400000
643.200000
553.200000
511.600000
610.800000
654.600000
541.200000
631.200000
703.800000
649.600000
664.600000
441.000000
578.400000
641.000000
632.200000
515.000000
560.400000
649.600000
539.200000
563.400000
681.000000
569.200000
648.000000
529.000000
674.800000
669.800000
651.400000
505.800000
750.600000
423.400000
585.800000
515.200000
524.200000
640.800000
617.000000
703.000000
543.200000
507.600000
621.400000
545.600000
647.200000
646.000000
699.800000
724.400000
691.600000
669.600000
453.200000
568.800000
487.000000
570.000000
635.400000
506.800000
588.400000
560.800000
662.000000
509.000000
650.000000
615.800000
679.000000
674.400000
605.200000
604.600000
484.000000
623.200000
599.400000
576.000000
490.000000
595.800000
586.400000
513.000000
514.800000
667.800000
738.200000
618.600000
656.400000
561.800000
548.800000
568.600000
550.600000
691.800000
701.200000
620.000000
530.400000
598.600000
553.800000
560.200000
601.000000
630.200000
663.800000
661.600000
587.800000
644.800000
544.400000
539.800000
540.200000
602.200000
600.000000
550.200000
393.000000
648.600000
568.400000
658.800000
572.800000
602.400000
565.000000
765.800000
782.000000
370.600000
1079.600000
534.400000
522.600000
607.000000
498.000000
720.200000
557.200000
568.200000
493.200000
597.600000
611.000000
549.800000
469.200000
632.800000
574.200000
