------------------------------------------------------------
Client connecting to 10.10.1.2, TCP port 5001
TCP window size: 85.0 KByte (default)
------------------------------------------------------------
[  3] local 10.10.1.1 port 48822 connected with 10.10.1.2 port 5001
[ ID] Interval       Transfer     Bandwidth
[  3]  0.0- 1.0 sec  12.8 MBytes   107 Mbits/sec
[  3]  1.0- 2.0 sec  10.5 MBytes  88.1 Mbits/sec
[  3]  2.0- 3.0 sec  10.0 MBytes  83.9 Mbits/sec
[  3]  3.0- 4.0 sec  15.6 MBytes   131 Mbits/sec
[  3]  4.0- 5.0 sec  15.9 MBytes   133 Mbits/sec
[  3]  5.0- 6.0 sec  14.1 MBytes   118 Mbits/sec
[  3]  6.0- 7.0 sec  17.1 MBytes   144 Mbits/sec
[  3]  7.0- 8.0 sec  13.0 MBytes   109 Mbits/sec
[  3]  8.0- 9.0 sec  12.1 MBytes   102 Mbits/sec
[  3]  9.0-10.0 sec  12.1 MBytes   102 Mbits/sec
[  3] 10.0-11.0 sec  13.9 MBytes   116 Mbits/sec
[  3] 11.0-12.0 sec  11.9 MBytes  99.6 Mbits/sec
[  3] 12.0-13.0 sec  12.2 MBytes   103 Mbits/sec
[  3] 13.0-14.0 sec  9.38 MBytes  78.6 Mbits/sec
[  3] 14.0-15.0 sec  16.4 MBytes   137 Mbits/sec
[  3] 15.0-16.0 sec  22.0 MBytes   185 Mbits/sec
[  3] 16.0-17.0 sec  10.2 MBytes  86.0 Mbits/sec
[  3] 17.0-18.0 sec  10.8 MBytes  90.2 Mbits/sec
[  3] 18.0-19.0 sec  12.5 MBytes   105 Mbits/sec
[  3] 19.0-20.0 sec  12.8 MBytes   107 Mbits/sec
[  3]  0.0-20.0 sec   265 MBytes   111 Mbits/sec
