This is pdfTeX, Version 3.1415926-2.5-1.40.14 (TeX Live 2013/Debian) (format=pdflatex 2015.12.10)  4 JUN 2016 21:32
entering extended mode
 restricted \write18 enabled.
 %&-line parsing enabled.
**paper.tex
(./paper.tex
LaTeX2e <2011/06/27>
Babel <3.9h> and hyphenation patterns for 78 languages loaded.
(./sig-alternate-05-2015.cls
(/usr/share/texlive/texmf-dist/tex/latex/graphics/epsfig.sty
Package: epsfig 1999/02/16 v1.7a (e)psfig emulation (SPQR)

(/usr/share/texlive/texmf-dist/tex/latex/graphics/graphicx.sty
Package: graphicx 1999/02/16 v1.0f Enhanced LaTeX Graphics (DPC,SPQR)

(/usr/share/texlive/texmf-dist/tex/latex/graphics/keyval.sty
Package: keyval 1999/03/16 v1.13 key=value parser (DPC)
\KV@toks@=\toks14
)
(/usr/share/texlive/texmf-dist/tex/latex/graphics/graphics.sty
Package: graphics 2009/02/05 v1.0o Standard LaTeX Graphics (DPC,SPQR)

(/usr/share/texlive/texmf-dist/tex/latex/graphics/trig.sty
Package: trig 1999/03/16 v1.09 sin cos tan (DPC)
)
(/usr/share/texlive/texmf-dist/tex/latex/latexconfig/graphics.cfg
File: graphics.cfg 2010/04/23 v1.9 graphics configuration of TeX Live
)
Package graphics Info: Driver file: pdftex.def on input line 91.

(/usr/share/texlive/texmf-dist/tex/latex/pdftex-def/pdftex.def
File: pdftex.def 2011/05/27 v0.06d Graphics/color for pdfTeX

(/usr/share/texlive/texmf-dist/tex/generic/oberdiek/infwarerr.sty
Package: infwarerr 2010/04/08 v1.3 Providing info/warning/error messages (HO)
)
(/usr/share/texlive/texmf-dist/tex/generic/oberdiek/ltxcmds.sty
Package: ltxcmds 2011/11/09 v1.22 LaTeX kernel commands for general use (HO)
)
\Gread@gobject=\count79
))
\Gin@req@height=\dimen102
\Gin@req@width=\dimen103
)
\epsfxsize=\dimen104
\epsfysize=\dimen105
)
(/usr/share/texlive/texmf-dist/tex/latex/amsfonts/amssymb.sty
Package: amssymb 2013/01/14 v3.01 AMS font symbols

(/usr/share/texlive/texmf-dist/tex/latex/amsfonts/amsfonts.sty
Package: amsfonts 2013/01/14 v3.01 Basic AMSFonts support
\@emptytoks=\toks15
\symAMSa=\mathgroup4
\symAMSb=\mathgroup5
LaTeX Font Info:    Overwriting math alphabet `\mathfrak' in version `bold'
(Font)                  U/euf/m/n --> U/euf/b/n on input line 106.
))
(/usr/share/texlive/texmf-dist/tex/latex/amsmath/amsmath.sty
Package: amsmath 2013/01/14 v2.14 AMS math features
\@mathmargin=\skip41

For additional information on amsmath, use the `?' option.
(/usr/share/texlive/texmf-dist/tex/latex/amsmath/amstext.sty
Package: amstext 2000/06/29 v2.01

(/usr/share/texlive/texmf-dist/tex/latex/amsmath/amsgen.sty
File: amsgen.sty 1999/11/30 v2.0
\@emptytoks=\toks16
\ex@=\dimen106
))
(/usr/share/texlive/texmf-dist/tex/latex/amsmath/amsbsy.sty
Package: amsbsy 1999/11/29 v1.2d
\pmbraise@=\dimen107
)
(/usr/share/texlive/texmf-dist/tex/latex/amsmath/amsopn.sty
Package: amsopn 1999/12/14 v2.01 operator names
)
\inf@bad=\count80
LaTeX Info: Redefining \frac on input line 210.
\uproot@=\count81
\leftroot@=\count82
LaTeX Info: Redefining \overline on input line 306.
\classnum@=\count83
\DOTSCASE@=\count84
LaTeX Info: Redefining \ldots on input line 378.
LaTeX Info: Redefining \dots on input line 381.
LaTeX Info: Redefining \cdots on input line 466.
\Mathstrutbox@=\box26
\strutbox@=\box27
\big@size=\dimen108
LaTeX Font Info:    Redeclaring font encoding OML on input line 566.
LaTeX Font Info:    Redeclaring font encoding OMS on input line 567.
\macc@depth=\count85
\c@MaxMatrixCols=\count86
\dotsspace@=\muskip10
\c@parentequation=\count87
\dspbrk@lvl=\count88
\tag@help=\toks17
\row@=\count89
\column@=\count90
\maxfields@=\count91
\andhelp@=\toks18
\eqnshift@=\dimen109
\alignsep@=\dimen110
\tagshift@=\dimen111
\tagwidth@=\dimen112
\totwidth@=\dimen113
\lineht@=\dimen114
\@envbody=\toks19
\multlinegap=\skip42
\multlinetaggap=\skip43
\mathdisplay@stack=\toks20
LaTeX Info: Redefining \[ on input line 2665.
LaTeX Info: Redefining \] on input line 2666.
)
Document Class 'sig-alternate' <9th June '13>. Modified by G.K.M. Tobin/Gerry M
urray/Boris Veytsman
Based in part upon document Style `acmconf' <22 May 89>. Hacked 4/91 by
shivers@cs.cmu.edu, 4/93 by theobald@cs.mcgill.ca
Excerpts were taken from (Journal Style) 'esub2acm.cls'.
****** Bugs/comments/suggestions/technicalities to Gerry Murray -- murray@hq.ac
m.org ******
Questions on the style, SIGS policies, etc. to Adrienne Griscti griscti@acm.org

\ACM@basesize=\count92
(/usr/share/texlive/texmf-dist/tex/latex/comment/comment.sty
\CommentStream=\write3

Excluding comment 'comment') Excluding comment 'CCSXML'
\footheight=\dimen115
\@maxsep=\dimen116
\@dblmaxsep=\dimen117

(/usr/share/texlive/texmf-dist/tex/generic/oberdiek/ifpdf.sty
Package: ifpdf 2011/01/30 v2.3 Provides the ifpdf switch (HO)
Package ifpdf Info: pdfTeX in PDF mode is detected.
)
\aucount=\count93
\originalaucount=\count94
\auwidth=\dimen118
\auskip=\dimen119
\auskipcount=\count95
\auskip=\dimen120
\allauboxes=\dimen121
\addauthors=\toks21
\addauflag=\count96
\subtitletext=\toks22
\savesection=\count97
\sectioncntr=\count98
\c@figure=\count99
\c@table=\count100
\titleboxnotes=\toks23
\titleboxnoteflag=\count101


LaTeX Warning: You have requested document class `sig-alternate-05-2015',
               but the document class provides `sig-alternate'.

Document Class: sig-alternate 2013/05/12 v2.7 based on acmproc.cls V1.3 <Nov. 3
0 '99>
(/usr/share/texlive/texmf-dist/tex/latex/base/latexsym.sty
Package: latexsym 1998/08/17 v2.2e Standard LaTeX package (lasy symbols)
\symlasy=\mathgroup6
LaTeX Font Info:    Overwriting symbol font `lasy' in version `bold'
(Font)                  U/lasy/m/n --> U/lasy/b/n on input line 47.
)
\@acmtitlebox=\box28
\titlenotecount=\count102
\tntoks=\toks24
\tntokstwo=\toks25
\tntoksthree=\toks26
\tntoksfour=\toks27
\tntoksfive=\toks28
\catcount=\count103
\copyrightnotice=\toks29
\conf=\toks30
\confinfo=\toks31
\c@part=\count104
\c@section=\count105
\c@subsection=\count106
\c@subsubsection=\count107
\c@paragraph=\count108

Using 'Abbrev' bibliography style
LaTeX Info: Redefining \cite on input line 1408.
\bibindent=\dimen122
\colcntr=\count109
\saveb@x=\box29
\copyrtyr=\toks32
\acmcopyr=\toks33
\boilerplate=\toks34
(/usr/share/texlive/texmf-dist/tex/latex/url/url.sty
\Urlmuskip=\muskip11
Package: url 2013/09/16  ver 3.4  Verb mode for urls, etc.
) (./acmcopyright.sty
Package: acmcopyright 2014/06/29 v1.2 Copyright statemens for ACM classes

(/usr/share/texlive/texmf-dist/tex/latex/xkeyval/xkeyval.sty
Package: xkeyval 2012/10/14 v2.6b package option processing (HA)

(/usr/share/texlive/texmf-dist/tex/generic/xkeyval/xkeyval.tex
\XKV@toks=\toks35
\XKV@tempa@toks=\toks36
\XKV@depth=\count110
File: xkeyval.tex 2012/10/14 v2.6b key=value parser (HA)
)))
\copyrightetc=\toks37

(/usr/share/texlive/texmf-dist/tex/latex/base/fontenc.sty
Package: fontenc 2005/09/27 v1.99g Standard LaTeX package

(/usr/share/texlive/texmf-dist/tex/latex/base/t1enc.def
File: t1enc.def 2005/09/27 v1.99g Standard LaTeX file
LaTeX Font Info:    Redeclaring font encoding T1 on input line 43.
)
LaTeX Font Info:    Try loading font information for T1+aer on input line 100.

(/usr/share/texlive/texmf-dist/tex/latex/ae/t1aer.fd
File: t1aer.fd 1997/11/16 Font definitions for T1/aer.
)))
(/usr/share/texlive/texmf-dist/tex/latex/preprint/balance.sty
Package: balance 1999/02/23 4.3 (PWD)
\oldvsize=\dimen123
)
(/usr/share/texlive/texmf-dist/tex/latex/hyperref/hyperref.sty
Package: hyperref 2012/11/06 v6.83m Hypertext links for LaTeX

(/usr/share/texlive/texmf-dist/tex/generic/oberdiek/hobsub-hyperref.sty
Package: hobsub-hyperref 2012/05/28 v1.13 Bundle oberdiek, subset hyperref (HO)


(/usr/share/texlive/texmf-dist/tex/generic/oberdiek/hobsub-generic.sty
Package: hobsub-generic 2012/05/28 v1.13 Bundle oberdiek, subset generic (HO)
Package: hobsub 2012/05/28 v1.13 Construct package bundles (HO)
Package hobsub Info: Skipping package `infwarerr' (already loaded).
Package hobsub Info: Skipping package `ltxcmds' (already loaded).
Package: ifluatex 2010/03/01 v1.3 Provides the ifluatex switch (HO)
Package ifluatex Info: LuaTeX not detected.
Package: ifvtex 2010/03/01 v1.5 Detect VTeX and its facilities (HO)
Package ifvtex Info: VTeX not detected.
Package: intcalc 2007/09/27 v1.1 Expandable calculations with integers (HO)
Package hobsub Info: Skipping package `ifpdf' (already loaded).
Package: etexcmds 2011/02/16 v1.5 Avoid name clashes with e-TeX commands (HO)
Package etexcmds Info: Could not find \expanded.
(etexcmds)             That can mean that you are not using pdfTeX 1.50 or
(etexcmds)             that some package has redefined \expanded.
(etexcmds)             In the latter case, load this package earlier.
Package: kvsetkeys 2012/04/25 v1.16 Key value parser (HO)
Package: kvdefinekeys 2011/04/07 v1.3 Define keys (HO)
Package: pdftexcmds 2011/11/29 v0.20 Utility functions of pdfTeX for LuaTeX (HO
)
Package pdftexcmds Info: LuaTeX not detected.
Package pdftexcmds Info: \pdf@primitive is available.
Package pdftexcmds Info: \pdf@ifprimitive is available.
Package pdftexcmds Info: \pdfdraftmode found.
Package: pdfescape 2011/11/25 v1.13 Implements pdfTeX's escape features (HO)
Package: bigintcalc 2012/04/08 v1.3 Expandable calculations on big integers (HO
)
Package: bitset 2011/01/30 v1.1 Handle bit-vector datatype (HO)
Package: uniquecounter 2011/01/30 v1.2 Provide unlimited unique counter (HO)
)
Package hobsub Info: Skipping package `hobsub' (already loaded).
Package: letltxmacro 2010/09/02 v1.4 Let assignment for LaTeX macros (HO)
Package: hopatch 2012/05/28 v1.2 Wrapper for package hooks (HO)
Package: xcolor-patch 2011/01/30 xcolor patch
Package: atveryend 2011/06/30 v1.8 Hooks at the very end of document (HO)
Package atveryend Info: \enddocument detected (standard20110627).
Package: atbegshi 2011/10/05 v1.16 At begin shipout hook (HO)
Package: refcount 2011/10/16 v3.4 Data extraction from label references (HO)
Package: hycolor 2011/01/30 v1.7 Color options for hyperref/bookmark (HO)
)
(/usr/share/texlive/texmf-dist/tex/generic/ifxetex/ifxetex.sty
Package: ifxetex 2010/09/12 v0.6 Provides ifxetex conditional
)
(/usr/share/texlive/texmf-dist/tex/latex/oberdiek/auxhook.sty
Package: auxhook 2011/03/04 v1.3 Hooks for auxiliary files (HO)
)
(/usr/share/texlive/texmf-dist/tex/latex/oberdiek/kvoptions.sty
Package: kvoptions 2011/06/30 v3.11 Key value format for package options (HO)
)
\@linkdim=\dimen124
\Hy@linkcounter=\count111
\Hy@pagecounter=\count112

(/usr/share/texlive/texmf-dist/tex/latex/hyperref/pd1enc.def
File: pd1enc.def 2012/11/06 v6.83m Hyperref: PDFDocEncoding definition (HO)
)
\Hy@SavedSpaceFactor=\count113

(/usr/share/texlive/texmf-dist/tex/latex/latexconfig/hyperref.cfg
File: hyperref.cfg 2002/06/06 v1.2 hyperref configuration of TeXLive
)
Package hyperref Info: Option `breaklinks' set `true' on input line 4319.
Package hyperref Info: Option `colorlinks' set `true' on input line 4319.
Package hyperref Info: Option `plainpages' set `false' on input line 4319.
Package hyperref Info: Hyper figures OFF on input line 4443.
Package hyperref Info: Link nesting OFF on input line 4448.
Package hyperref Info: Hyper index ON on input line 4451.
Package hyperref Info: Plain pages OFF on input line 4458.
Package hyperref Info: Backreferencing OFF on input line 4463.
Package hyperref Info: Implicit mode ON; LaTeX internals redefined.
Package hyperref Info: Bookmarks ON on input line 4688.
\c@Hy@tempcnt=\count114
LaTeX Info: Redefining \url on input line 5041.
\XeTeXLinkMargin=\dimen125
\Fld@menulength=\count115
\Field@Width=\dimen126
\Fld@charsize=\dimen127
Package hyperref Info: Hyper figures OFF on input line 6295.
Package hyperref Info: Link nesting OFF on input line 6300.
Package hyperref Info: Hyper index ON on input line 6303.
Package hyperref Info: backreferencing OFF on input line 6310.
Package hyperref Info: Link coloring ON on input line 6313.
Package hyperref Info: Link coloring with OCG OFF on input line 6320.
Package hyperref Info: PDF/A mode OFF on input line 6325.
LaTeX Info: Redefining \ref on input line 6365.
LaTeX Info: Redefining \pageref on input line 6369.


Package hyperref Warning: Option `pdfpagelabels' is turned off
(hyperref)                because \thepage is undefined.

\c@Item=\count116
\c@Hfootnote=\count117
)

Package hyperref Message: Driver (autodetected): hpdftex.

(/usr/share/texlive/texmf-dist/tex/latex/hyperref/hpdftex.def
File: hpdftex.def 2012/11/06 v6.83m Hyperref driver for pdfTeX
\Fld@listcount=\count118
\c@bookmark@seq@number=\count119

(/usr/share/texlive/texmf-dist/tex/latex/oberdiek/rerunfilecheck.sty
Package: rerunfilecheck 2011/04/15 v1.7 Rerun checks for auxiliary files (HO)
Package uniquecounter Info: New unique counter `rerunfilecheck' on input line 2
82.
)
\Hy@SectionHShift=\skip44
)
(/usr/share/texlive/texmf-dist/tex/latex/float/float.sty
Package: float 2001/11/08 v1.3d Float enhancements (AL)
\c@float@type=\count120
\float@exts=\toks38
\float@box=\box30
\@float@everytoks=\toks39
\@floatcapt=\box31
)
(/usr/share/texlive/texmf-dist/tex/latex/graphics/color.sty
Package: color 2005/11/14 v1.0j Standard LaTeX Color (DPC)

(/usr/share/texlive/texmf-dist/tex/latex/latexconfig/color.cfg
File: color.cfg 2007/01/18 v1.5 color configuration of teTeX/TeXLive
)
Package color Info: Driver file: pdftex.def on input line 130.
)
(/usr/share/texlive/texmf-dist/tex/latex/psnfss/times.sty
Package: times 2005/04/12 PSNFSS-v9.2a (SPQR) 
)
(/usr/share/texlive/texmf-dist/tex/latex/natbib/natbib.sty
Package: natbib 2010/09/13 8.31b (PWD, AO)
\bibhang=\skip45
\bibsep=\skip46
LaTeX Info: Redefining \cite on input line 694.
LaTeX Info: Redefining \citeyear on input line 735.
\c@NAT@ctr=\count121
)
(/usr/share/texlive/texmf-dist/tex/latex/enumitem/enumitem.sty
Package: enumitem 2011/09/28 v3.5.2 Customized lists
\labelindent=\skip47
\enit@outerparindent=\dimen128
\enit@toks=\toks40
\enit@inbox=\box32
\enitdp@description=\count122
)
(/usr/share/texlive/texmf-dist/tex/latex/tools/verbatim.sty
Package: verbatim 2003/08/22 v1.5q LaTeX2e package for verbatim enhancements
\every@verbatim=\toks41
\verbatim@line=\toks42
\verbatim@in@stream=\read1
)
(/usr/share/texlive/texmf-dist/tex/latex/tools/xspace.sty
Package: xspace 2009/10/20 v1.13 Space after command names (DPC,MH)
)
(/usr/share/texlive/texmf-dist/tex/latex/l3packages/xfrac/xfrac.sty
(/usr/share/texlive/texmf-dist/tex/latex/l3packages/l3keys2e/l3keys2e.sty
(/usr/share/texlive/texmf-dist/tex/latex/l3kernel/expl3.sty
(/usr/share/texlive/texmf-dist/tex/latex/l3kernel/l3names.sty
(/usr/share/texlive/texmf-dist/tex/latex/l3kernel/l3bootstrap.sty
Package: l3bootstrap 2014/01/04 v4640 L3 Experimental bootstrap code
)
Package: l3names 2014/01/04 v4640 L3 Namespace for primitives
)
(/usr/share/texlive/texmf-dist/tex/latex/etex-pkg/etex.sty
Package: etex 1998/03/26 v2.0 eTeX basic definition package (PEB)
\et@xins=\count123
)
Package: expl3 2014/01/07 v4646 L3 Experimental code bundle wrapper

(/usr/share/texlive/texmf-dist/tex/latex/l3kernel/l3basics.sty
Package: l3basics 2014/01/04 v4642 L3 Basic definitions
)
(/usr/share/texlive/texmf-dist/tex/latex/l3kernel/l3expan.sty
Package: l3expan 2014/01/04 v4642 L3 Argument expansion
)
(/usr/share/texlive/texmf-dist/tex/latex/l3kernel/l3tl.sty
Package: l3tl 2013/12/27 v4625 L3 Token lists
)
(/usr/share/texlive/texmf-dist/tex/latex/l3kernel/l3seq.sty
Package: l3seq 2013/12/14 v4623 L3 Sequences and stacks
)
(/usr/share/texlive/texmf-dist/tex/latex/l3kernel/l3int.sty
Package: l3int 2013/08/02 v4583 L3 Integers
\c_max_int=\count124
\l_tmpa_int=\count125
\l_tmpb_int=\count126
\g_tmpa_int=\count127
\g_tmpb_int=\count128
)
(/usr/share/texlive/texmf-dist/tex/latex/l3kernel/l3quark.sty
Package: l3quark 2013/12/14 v4623 L3 Quarks
)
(/usr/share/texlive/texmf-dist/tex/latex/l3kernel/l3prg.sty
Package: l3prg 2014/01/04 v4642 L3 Control structures
\g__prg_map_int=\count129
)
(/usr/share/texlive/texmf-dist/tex/latex/l3kernel/l3clist.sty
Package: l3clist 2013/07/28 v4581 L3 Comma separated lists
)
(/usr/share/texlive/texmf-dist/tex/latex/l3kernel/l3token.sty
Package: l3token 2013/08/25 v4587 L3 Experimental token manipulation
)
(/usr/share/texlive/texmf-dist/tex/latex/l3kernel/l3prop.sty
Package: l3prop 2013/12/14 v4623 L3 Property lists
)
(/usr/share/texlive/texmf-dist/tex/latex/l3kernel/l3msg.sty
Package: l3msg 2013/07/28 v4581 L3 Messages
)
(/usr/share/texlive/texmf-dist/tex/latex/l3kernel/l3file.sty
Package: l3file 2013/10/13 v4596 L3 File and I/O operations
\l_iow_line_count_int=\count130
\l__iow_target_count_int=\count131
\l__iow_current_line_int=\count132
\l__iow_current_word_int=\count133
\l__iow_current_indentation_int=\count134
)
(/usr/share/texlive/texmf-dist/tex/latex/l3kernel/l3skip.sty
Package: l3skip 2013/07/28 v4581 L3 Dimensions and skips
\c_zero_dim=\dimen129
\c_max_dim=\dimen130
\l_tmpa_dim=\dimen131
\l_tmpb_dim=\dimen132
\g_tmpa_dim=\dimen133
\g_tmpb_dim=\dimen134
\c_zero_skip=\skip48
\c_max_skip=\skip49
\l_tmpa_skip=\skip50
\l_tmpb_skip=\skip51
\g_tmpa_skip=\skip52
\g_tmpb_skip=\skip53
\c_zero_muskip=\muskip12
\c_max_muskip=\muskip13
\l_tmpa_muskip=\muskip14
\l_tmpb_muskip=\muskip15
\g_tmpa_muskip=\muskip16
\g_tmpb_muskip=\muskip17
)
(/usr/share/texlive/texmf-dist/tex/latex/l3kernel/l3keys.sty
Package: l3keys 2013/12/08 v4614 L3 Experimental key-value interfaces
\g__keyval_level_int=\count135
\l_keys_choice_int=\count136
)
(/usr/share/texlive/texmf-dist/tex/latex/l3kernel/l3fp.sty
Package: l3fp 2014/01/04 v4642 L3 Floating points
\c__fp_leading_shift_int=\count137
\c__fp_middle_shift_int=\count138
\c__fp_trailing_shift_int=\count139
\c__fp_big_leading_shift_int=\count140
\c__fp_big_middle_shift_int=\count141
\c__fp_big_trailing_shift_int=\count142
\c__fp_Bigg_leading_shift_int=\count143
\c__fp_Bigg_middle_shift_int=\count144
\c__fp_Bigg_trailing_shift_int=\count145
)
(/usr/share/texlive/texmf-dist/tex/latex/l3kernel/l3box.sty
Package: l3box 2013/07/28 v4581 L3 Experimental boxes
\c_empty_box=\box33
\l_tmpa_box=\box34
\l_tmpb_box=\box35
\g_tmpa_box=\box36
\g_tmpb_box=\box37
)
(/usr/share/texlive/texmf-dist/tex/latex/l3kernel/l3coffins.sty
Package: l3coffins 2013/12/14 v4624 L3 Coffin code layer
\l__coffin_internal_box=\box38
\l__coffin_internal_dim=\dimen135
\l__coffin_offset_x_dim=\dimen136
\l__coffin_offset_y_dim=\dimen137
\l__coffin_x_dim=\dimen138
\l__coffin_y_dim=\dimen139
\l__coffin_x_prime_dim=\dimen140
\l__coffin_y_prime_dim=\dimen141
\c_empty_coffin=\box39
\l__coffin_aligned_coffin=\box40
\l__coffin_aligned_internal_coffin=\box41
\l_tmpa_coffin=\box42
\l_tmpb_coffin=\box43
\l__coffin_display_coffin=\box44
\l__coffin_display_coord_coffin=\box45
\l__coffin_display_pole_coffin=\box46
\l__coffin_display_offset_dim=\dimen142
\l__coffin_display_x_dim=\dimen143
\l__coffin_display_y_dim=\dimen144
)
(/usr/share/texlive/texmf-dist/tex/latex/l3kernel/l3color.sty
Package: l3color 2012/08/29 v4156 L3 Experimental color support
)
(/usr/share/texlive/texmf-dist/tex/latex/l3kernel/l3luatex.sty
Package: l3luatex 2013/07/28 v4581 L3 Experimental LuaTeX-specific functions
\g__cctab_allocate_int=\count146
\g__cctab_stack_int=\count147
)
(/usr/share/texlive/texmf-dist/tex/latex/l3kernel/l3candidates.sty
Package: l3candidates 2014/01/06 v4643 L3 Experimental additions to l3kernel
\l__box_top_dim=\dimen145
\l__box_bottom_dim=\dimen146
\l__box_left_dim=\dimen147
\l__box_right_dim=\dimen148
\l__box_top_new_dim=\dimen149
\l__box_bottom_new_dim=\dimen150
\l__box_left_new_dim=\dimen151
\l__box_right_new_dim=\dimen152
\l__box_internal_box=\box47
\l__coffin_bounding_shift_dim=\dimen153
\l__coffin_left_corner_dim=\dimen154
\l__coffin_right_corner_dim=\dimen155
\l__coffin_bottom_corner_dim=\dimen156
\l__coffin_top_corner_dim=\dimen157
\l__coffin_scaled_total_height_dim=\dimen158
\l__coffin_scaled_width_dim=\dimen159
))
Package: l3keys2e 2013/12/31 v4634 LaTeX2e option processing using LaTeX3 keys
)
(/usr/share/texlive/texmf-dist/tex/latex/base/textcomp.sty
Package: textcomp 2005/09/27 v1.99g Standard LaTeX package
Package textcomp Info: Sub-encoding information:
(textcomp)               5 = only ISO-Adobe without \textcurrency
(textcomp)               4 = 5 + \texteuro
(textcomp)               3 = 4 + \textohm
(textcomp)               2 = 3 + \textestimated + \textcurrency
(textcomp)               1 = TS1 - \textcircled - \t
(textcomp)               0 = TS1 (full)
(textcomp)             Font families with sub-encoding setting implement
(textcomp)             only a restricted character set as indicated.
(textcomp)             Family '?' is the default used for unknown fonts.
(textcomp)             See the documentation for details.
Package textcomp Info: Setting ? sub-encoding to TS1/1 on input line 71.

(/usr/share/texlive/texmf-dist/tex/latex/base/ts1enc.def
File: ts1enc.def 2001/06/05 v3.0e (jk/car/fm) Standard LaTeX file
)
LaTeX Info: Redefining \oldstylenums on input line 266.
Package textcomp Info: Setting cmr sub-encoding to TS1/0 on input line 281.
Package textcomp Info: Setting cmss sub-encoding to TS1/0 on input line 282.
Package textcomp Info: Setting cmtt sub-encoding to TS1/0 on input line 283.
Package textcomp Info: Setting cmvtt sub-encoding to TS1/0 on input line 284.
Package textcomp Info: Setting cmbr sub-encoding to TS1/0 on input line 285.
Package textcomp Info: Setting cmtl sub-encoding to TS1/0 on input line 286.
Package textcomp Info: Setting ccr sub-encoding to TS1/0 on input line 287.
Package textcomp Info: Setting ptm sub-encoding to TS1/4 on input line 288.
Package textcomp Info: Setting pcr sub-encoding to TS1/4 on input line 289.
Package textcomp Info: Setting phv sub-encoding to TS1/4 on input line 290.
Package textcomp Info: Setting ppl sub-encoding to TS1/3 on input line 291.
Package textcomp Info: Setting pag sub-encoding to TS1/4 on input line 292.
Package textcomp Info: Setting pbk sub-encoding to TS1/4 on input line 293.
Package textcomp Info: Setting pnc sub-encoding to TS1/4 on input line 294.
Package textcomp Info: Setting pzc sub-encoding to TS1/4 on input line 295.
Package textcomp Info: Setting bch sub-encoding to TS1/4 on input line 296.
Package textcomp Info: Setting put sub-encoding to TS1/5 on input line 297.
Package textcomp Info: Setting uag sub-encoding to TS1/5 on input line 298.
Package textcomp Info: Setting ugq sub-encoding to TS1/5 on input line 299.
Package textcomp Info: Setting ul8 sub-encoding to TS1/4 on input line 300.
Package textcomp Info: Setting ul9 sub-encoding to TS1/4 on input line 301.
Package textcomp Info: Setting augie sub-encoding to TS1/5 on input line 302.
Package textcomp Info: Setting dayrom sub-encoding to TS1/3 on input line 303.
Package textcomp Info: Setting dayroms sub-encoding to TS1/3 on input line 304.

Package textcomp Info: Setting pxr sub-encoding to TS1/0 on input line 305.
Package textcomp Info: Setting pxss sub-encoding to TS1/0 on input line 306.
Package textcomp Info: Setting pxtt sub-encoding to TS1/0 on input line 307.
Package textcomp Info: Setting txr sub-encoding to TS1/0 on input line 308.
Package textcomp Info: Setting txss sub-encoding to TS1/0 on input line 309.
Package textcomp Info: Setting txtt sub-encoding to TS1/0 on input line 310.
Package textcomp Info: Setting lmr sub-encoding to TS1/0 on input line 311.
Package textcomp Info: Setting lmdh sub-encoding to TS1/0 on input line 312.
Package textcomp Info: Setting lmss sub-encoding to TS1/0 on input line 313.
Package textcomp Info: Setting lmssq sub-encoding to TS1/0 on input line 314.
Package textcomp Info: Setting lmvtt sub-encoding to TS1/0 on input line 315.
Package textcomp Info: Setting qhv sub-encoding to TS1/0 on input line 316.
Package textcomp Info: Setting qag sub-encoding to TS1/0 on input line 317.
Package textcomp Info: Setting qbk sub-encoding to TS1/0 on input line 318.
Package textcomp Info: Setting qcr sub-encoding to TS1/0 on input line 319.
Package textcomp Info: Setting qcs sub-encoding to TS1/0 on input line 320.
Package textcomp Info: Setting qpl sub-encoding to TS1/0 on input line 321.
Package textcomp Info: Setting qtm sub-encoding to TS1/0 on input line 322.
Package textcomp Info: Setting qzc sub-encoding to TS1/0 on input line 323.
Package textcomp Info: Setting qhvc sub-encoding to TS1/0 on input line 324.
Package textcomp Info: Setting futs sub-encoding to TS1/4 on input line 325.
Package textcomp Info: Setting futx sub-encoding to TS1/4 on input line 326.
Package textcomp Info: Setting futj sub-encoding to TS1/4 on input line 327.
Package textcomp Info: Setting hlh sub-encoding to TS1/3 on input line 328.
Package textcomp Info: Setting hls sub-encoding to TS1/3 on input line 329.
Package textcomp Info: Setting hlst sub-encoding to TS1/3 on input line 330.
Package textcomp Info: Setting hlct sub-encoding to TS1/5 on input line 331.
Package textcomp Info: Setting hlx sub-encoding to TS1/5 on input line 332.
Package textcomp Info: Setting hlce sub-encoding to TS1/5 on input line 333.
Package textcomp Info: Setting hlcn sub-encoding to TS1/5 on input line 334.
Package textcomp Info: Setting hlcw sub-encoding to TS1/5 on input line 335.
Package textcomp Info: Setting hlcf sub-encoding to TS1/5 on input line 336.
Package textcomp Info: Setting pplx sub-encoding to TS1/3 on input line 337.
Package textcomp Info: Setting pplj sub-encoding to TS1/3 on input line 338.
Package textcomp Info: Setting ptmx sub-encoding to TS1/4 on input line 339.
Package textcomp Info: Setting ptmj sub-encoding to TS1/4 on input line 340.
)
(/usr/share/texlive/texmf-dist/tex/latex/l3packages/xparse/xparse.sty
Package: xparse 2013/12/31 v4634 L3 Experimental document command parser
\l__xparse_current_arg_int=\count148
\l__xparse_m_args_int=\count149
\l__xparse_mandatory_args_int=\count150
\l__xparse_processor_int=\count151
\l__xparse_v_nesting_int=\count152
)
(/usr/share/texlive/texmf-dist/tex/latex/l3packages/xtemplate/xtemplate.sty
Package: xtemplate 2013/12/31 v4634 L3 Experimental prototype document function
s
\l__xtemplate_tmp_dim=\dimen160
\l__xtemplate_tmp_int=\count153
\l__xtemplate_tmp_muskip=\muskip18
\l__xtemplate_tmp_skip=\skip54
Variant \prop_get:NoNTF already defined; not changing it on line 106
Variant \prop_get:NoNT already defined; not changing it on line 107
Variant \prop_get:NoNF already defined; not changing it on line 108
)
Package: xfrac 2012/11/09 v4299 L3 Experimental split-level fractions
\l__xfrac_slash_box=\box48
\l__xfrac_tmp_box=\box49
\l__xfrac_denominator_bot_sep_dim=\dimen161
\l__xfrac_numerator_bot_sep_dim=\dimen162
\l__xfrac_numerator_top_sep_dim=\dimen163
\l__xfrac_slash_left_sep_dim=\dimen164
\l__xfrac_slash_right_sep_dim=\dimen165
\l__xfrac_slash_left_muskip=\muskip19
\l__xfrac_slash_right_muskip=\muskip20
.................................................
. xtemplate info: "declare-object-type"
. 
. Declaring object type 'xfrac' taking 3 argument(s) on line 96.
.................................................
.................................................
. LaTeX info: "xparse/define-command"
. 
. Defining document command \sfrac with arg. spec. 'omom' on line 436.
.................................................
)
(/usr/share/texlive/texmf-dist/tex/latex/algorithms/algorithmic.sty
Package: algorithmic 2009/08/24 v0.1 Document Style `algorithmic'

(/usr/share/texlive/texmf-dist/tex/latex/base/ifthen.sty
Package: ifthen 2001/05/26 v1.1c Standard LaTeX ifthen package (DPC)
)
\c@ALC@unique=\count154
\c@ALC@line=\count155
\c@ALC@rem=\count156
\c@ALC@depth=\count157
\ALC@tlm=\skip55
\algorithmicindent=\skip56
)
(/usr/share/texlive/texmf-dist/tex/latex/algorithms/algorithm.sty
Package: algorithm 2009/08/24 v0.1 Document Style `algorithm' - floating enviro
nment
\@float@every@algorithm=\toks43
\c@algorithm=\count158
)
(/usr/share/texlive/texmf-dist/tex/latex/listings/listings.sty
\lst@mode=\count159
\lst@gtempboxa=\box50
\lst@token=\toks44
\lst@length=\count160
\lst@currlwidth=\dimen166
\lst@column=\count161
\lst@pos=\count162
\lst@lostspace=\dimen167
\lst@width=\dimen168
\lst@newlines=\count163
\lst@lineno=\count164
\abovecaptionskip=\skip57
\belowcaptionskip=\skip58
\lst@maxwidth=\dimen169

(/usr/share/texlive/texmf-dist/tex/latex/listings/lstmisc.sty
File: lstmisc.sty 2013/08/26 1.5b (Carsten Heinz)
\c@lstnumber=\count165
\lst@skipnumbers=\count166
\lst@framebox=\box51
)
(/usr/share/texlive/texmf-dist/tex/latex/listings/listings.cfg
File: listings.cfg 2013/08/26 1.5b listings configuration
))
Package: listings 2013/08/26 1.5b (Carsten Heinz)

(/usr/share/texlive/texmf-dist/tex/latex/datetime/datetime.sty
Package: datetime 2013/09/10 v2.59 Date Time Package

(/usr/share/texlive/texmf-dist/tex/latex/etoolbox/etoolbox.sty
Package: etoolbox 2011/01/03 v2.1 e-TeX tools for LaTeX
\etb@tempcnta=\count167
)
(/usr/share/texlive/texmf-dist/tex/latex/fmtcount/fmtcount.sty
Package: fmtcount 2013/08/17 v2.03

(/usr/share/texlive/texmf-dist/tex/latex/fmtcount/fcprefix.sty
Package: fcprefix 2012/09/28

(/usr/share/texlive/texmf-dist/tex/latex/fmtcount/fcnumparser.sty
Package: fcnumparser 2012/09/28
\fc@digit@counter=\count168
))
\c@padzeroesN=\count169
\fc@tmpcatcode=\count170
\@DT@modctr=\count171
\@ordinalctr=\count172
\@orgargctr=\count173
\@strctr=\count174
\@tmpstrctr=\count175
\@DT@loopN=\count176
\@DT@X=\count177

(/usr/share/texlive/texmf-dist/tex/latex/fmtcount/fc-english.def
File: fc-english.def 2013/08/17
))
(/usr/share/texlive/texmf-dist/tex/latex/datetime/datetime-defaults.sty
Package: datetime-defaults 2013/09/10
)
\@day=\count178
\@month=\count179
\@year=\count180
\c@HOUR=\count181
\c@HOURXII=\count182
\c@MINUTE=\count183
\c@TOHOUR=\count184
\c@TOMINUTE=\count185
\c@SECOND=\count186
\currenthour=\count187
\currentminute=\count188
\currentsecond=\count189
Package datetime Info: No datetime.cfg file found, using default settings on in
put line 308.
\@dtctr=\count190
\dayofyear=\count191
\dayofweek=\count192
LaTeX Info: Redefining \today on input line 736.
\dt@a=\toks45
\dt@b=\toks46
)
(/usr/share/texlive/texmf-dist/tex/latex/morefloats/morefloats.sty
Package: morefloats 2012/01/28 v1.0f Raise limit of unprocessed floats (HMM; DH
)
Package morefloats Info: Maximum number of possible floats asked for: 36.
(morefloats)             LaTeX might run out of memory before this
(morefloats)             (in which case it will notify you).
(morefloats)              on input line 171.
\bx@S=\insert233
\bx@T=\insert232
\bx@U=\insert231
\bx@V=\insert230
\bx@W=\insert229
\bx@X=\insert228
\bx@Y=\insert227
\bx@Z=\insert226
\bx@AA=\insert225
\bx@AB=\insert224
\bx@AC=\insert223
\bx@AD=\insert222
\bx@AE=\insert221
\bx@AF=\insert220
\bx@AG=\insert219
\bx@AH=\insert218
\bx@AI=\insert217
\bx@AJ=\insert216
)
(/usr/share/texlive/texmf-dist/tex/latex/caption/caption.sty
Package: caption 2013/05/02 v3.3-89 Customizing captions (AR)

(/usr/share/texlive/texmf-dist/tex/latex/caption/caption3.sty
Package: caption3 2013/05/02 v1.6-88 caption3 kernel (AR)
Package caption3 Info: TeX engine: e-TeX on input line 57.
\captionmargin=\dimen170
\captionmargin@=\dimen171
\captionwidth=\dimen172
\caption@tempdima=\dimen173
\caption@indent=\dimen174
\caption@parindent=\dimen175
\caption@hangindent=\dimen176
Package caption Info: Unknown document class (or package),
(caption)             standard defaults will be used.
)

Package caption Warning: Unsupported document class (or package) detected,
(caption)                usage of the caption package is not recommended.
See the caption package documentation for explanation.

Package caption Info: \@makecaption = \long macro:#1#2-> \vskip 10pt \setbox \@
tempboxa \hbox {\textbf {#1: #2}} \ifdim \wd \@tempboxa >\hsize \textbf {#1: #2
}\par \else \hbox to\hsize {\hfil \box \@tempboxa \hfil } \fi .
\c@ContinuedFloat=\count193
Package caption Info: float package is loaded.
Package caption Info: hyperref package is loaded.
Package caption Info: listings package is loaded.
) (/usr/share/texlive/texmf-dist/tex/latex/caption/subcaption.sty
Package: subcaption 2013/02/03 v1.1-62 Sub-captions (AR)
\c@subfigure=\count194
\c@subtable=\count195
)
\c@mv@mathchartertext=\count196
LaTeX Font Info:    Overwriting symbol font `letters' in version `normal'
(Font)                  OML/cmm/m/it --> OML/mdbch/m/n on input line 33.


LaTeX Warning: Unused global option(s):
    [10pt].

(./paper.aux)
\openout1 = `paper.aux'.

LaTeX Font Info:    Checking defaults for OML/cmm/m/it on input line 96.
LaTeX Font Info:    ... okay on input line 96.
LaTeX Font Info:    Checking defaults for T1/cmr/m/n on input line 96.
LaTeX Font Info:    ... okay on input line 96.
LaTeX Font Info:    Checking defaults for OT1/cmr/m/n on input line 96.
LaTeX Font Info:    ... okay on input line 96.
LaTeX Font Info:    Checking defaults for OMS/cmsy/m/n on input line 96.
LaTeX Font Info:    ... okay on input line 96.
LaTeX Font Info:    Checking defaults for OMX/cmex/m/n on input line 96.
LaTeX Font Info:    ... okay on input line 96.
LaTeX Font Info:    Checking defaults for U/cmr/m/n on input line 96.
LaTeX Font Info:    ... okay on input line 96.
LaTeX Font Info:    Checking defaults for PD1/pdf/m/n on input line 96.
LaTeX Font Info:    ... okay on input line 96.
LaTeX Font Info:    Checking defaults for TS1/cmr/m/n on input line 96.
LaTeX Font Info:    Try loading font information for TS1+cmr on input line 96.
 (/usr/share/texlive/texmf-dist/tex/latex/base/ts1cmr.fd
File: ts1cmr.fd 1999/05/25 v2.5h Standard LaTeX font definitions
)
LaTeX Font Info:    ... okay on input line 96.
LaTeX Font Info:    Try loading font information for T1+ptm on input line 96.

(/usr/share/texlive/texmf-dist/tex/latex/psnfss/t1ptm.fd
File: t1ptm.fd 2001/06/04 font definitions for T1/ptm.
)
(/usr/share/texlive/texmf-dist/tex/context/base/supp-pdf.mkii
[Loading MPS to PDF converter (version 2006.09.02).]
\scratchcounter=\count197
\scratchdimen=\dimen177
\scratchbox=\box52
\nofMPsegments=\count198
\nofMParguments=\count199
\everyMPshowfont=\toks47
\MPscratchCnt=\count200
\MPscratchDim=\dimen178
\MPnumerator=\count201
Normal \count register pool exhausted, switching to extended pool.
\makeMPintoPDFobject=\count277
\everyMPtoPDFconversion=\toks48
) (/usr/share/texlive/texmf-dist/tex/latex/oberdiek/epstopdf-base.sty
Package: epstopdf-base 2010/02/09 v2.5 Base part for package epstopdf

(/usr/share/texlive/texmf-dist/tex/latex/oberdiek/grfext.sty
Package: grfext 2010/08/19 v1.1 Manage graphics extensions (HO)
)
Package grfext Info: Graphics extension search list:
(grfext)             [.png,.pdf,.jpg,.mps,.jpeg,.jbig2,.jb2,.PNG,.PDF,.JPG,.JPE
G,.JBIG2,.JB2,.eps]
(grfext)             \AppendGraphicsExtensions on input line 452.

(/usr/share/texlive/texmf-dist/tex/latex/latexconfig/epstopdf-sys.cfg
File: epstopdf-sys.cfg 2010/07/13 v1.3 Configuration of (r)epstopdf for TeX Liv
e
))
\AtBeginShipoutBox=\box53


Package hyperref Warning: Height of page (\paperheight) is invalid (0.0pt),
(hyperref)                using 11in.

Package hyperref Info: Link coloring ON on input line 96.
(/usr/share/texlive/texmf-dist/tex/latex/hyperref/nameref.sty
Package: nameref 2012/10/27 v2.43 Cross-referencing by name of section

(/usr/share/texlive/texmf-dist/tex/generic/oberdiek/gettitlestring.sty
Package: gettitlestring 2010/12/03 v1.4 Cleanup title references (HO)
)
\c@section@level=\count278
)
LaTeX Info: Redefining \ref on input line 96.
LaTeX Info: Redefining \pageref on input line 96.
LaTeX Info: Redefining \nameref on input line 96.

(./paper.out) (./paper.out)
\@outlinefile=\write4
\openout4 = `paper.out'.

\c@lstlisting=\count279
Package caption Info: Begin \AtBeginDocument code.
Package caption Info: End \AtBeginDocument code.
LaTeX Font Info:    Try loading font information for OML+mdbch on input line 13
3.

(/usr/share/texlive/texmf-dist/tex/latex/mathdesign/mdbch/omlmdbch.fd
File: omlmdbch.fd 2013/08/29 Fontinst v1.933 font definitions for OML/mdbch.
)
LaTeX Font Info:    Font shape `OML/mdbch/m/n' will be
(Font)              scaled to size 9.60007pt on input line 133.
LaTeX Font Info:    Font shape `OML/mdbch/m/n' will be
(Font)              scaled to size 6.72005pt on input line 133.
LaTeX Font Info:    Font shape `OML/mdbch/m/n' will be
(Font)              scaled to size 4.80003pt on input line 133.
LaTeX Font Info:    Try loading font information for U+msa on input line 133.

(/usr/share/texlive/texmf-dist/tex/latex/amsfonts/umsa.fd
File: umsa.fd 2013/01/14 v3.01 AMS symbols A
)
LaTeX Font Info:    Try loading font information for U+msb on input line 133.

(/usr/share/texlive/texmf-dist/tex/latex/amsfonts/umsb.fd
File: umsb.fd 2013/01/14 v3.01 AMS symbols B
)
LaTeX Font Info:    Try loading font information for U+lasy on input line 133.

(/usr/share/texlive/texmf-dist/tex/latex/base/ulasy.fd
File: ulasy.fd 1998/08/17 v2.2e LaTeX symbol font definitions
)
LaTeX Font Info:    Try loading font information for TS1+ptm on input line 133.


(/usr/share/texlive/texmf-dist/tex/latex/psnfss/ts1ptm.fd
File: ts1ptm.fd 2001/06/04 font definitions for TS1/ptm.
)
LaTeX Font Info:    Font shape `OML/mdbch/m/n' will be
(Font)              scaled to size 8.64006pt on input line 133.
LaTeX Font Info:    Font shape `OML/mdbch/m/n' will be
(Font)              scaled to size 5.76004pt on input line 133.
 (./abstract.tex)
Excluding 'CCSXML' comment.
LaTeX Font Info:    Font shape `T1/ptm/bx/n' in size <10> not available
(Font)              Font shape `T1/ptm/b/n' tried instead on input line 232.
 (./intro.tex
Overfull \hbox (5.5375pt too wide) in paragraph at lines 17--37
\T1/ptm/m/n/10 VMs. In-network re-ac-tive dis-tributed load bal-anc-ing schemes
,
 []


Overfull \hbox (7.13765pt too wide) in paragraph at lines 47--48
\T1/ptm/m/n/10 load bal-anc-ing scheme with-out re-quir-ing spe-cial pur-pose h
ard-
 []


Underfull \vbox (badness 10000) has occurred while \output is active []

 [1{/var/lib/texmf/fonts/map/pdftex/updmap/pdftex.map}


]
Overfull \hbox (3.18735pt too wide) in paragraph at lines 129--147
\T1/ptm/m/n/10 work. Presto uses the max-i-mum TCP Seg-ment Of-fload (TSO)
 []


Overfull \hbox (2.17711pt too wide) in paragraph at lines 129--147
\T1/ptm/m/n/10 size (64 KB) as flow-cell gran-u-lar-ity, al-low-ing for fine-gr
ained
 []


Overfull \hbox (1.65793pt too wide) in paragraph at lines 199--204
\T1/ptm/m/n/10 Our ex-per-i-ments show Presto out-per-forms ex-ist-ing load
 []


Overfull \hbox (3.52765pt too wide) in paragraph at lines 199--204
\T1/ptm/m/n/10 bal-anc-ing schemes (in-clud-ing flowlet switch-ing, ECMP,
 []

) (./background.tex

Package hyperref Warning: Token not allowed in a PDF string (PDFDocEncoding):
(hyperref)                removing `\\' on input line 1.


Overfull \hbox (1.88705pt too wide) in paragraph at lines 39--61
\T1/ptm/m/n/10 tive schemes must take great care to avoid os-cil-la-tions. Pres
to
 []

pdfTeX warning (ext4): destination with the same identifier (name{page.}) has b
een already used, duplicate ignored
<to be read again> 
                   \relax 
l.61 
      [2]
Overfull \hbox (5.55797pt too wide) in paragraph at lines 62--89
\T1/ptm/m/n/10 Gbps in-curs great com-pu-ta-tional over-head, and there-fore ho
st-
 []


Overfull \hbox (4.86798pt too wide) in paragraph at lines 62--89
\T1/ptm/m/n/10 stack. For ex-am-ple, per-packet load bal-anc-ing tech-niques [[
]]
 []

<./figures/flowlets/histo.pdf, id=138, 361.35pt x 216.81pt>
File: ./figures/flowlets/histo.pdf Graphic file (type pdf)

<use ./figures/flowlets/histo.pdf>
Package pdftex.def Info: ./figures/flowlets/histo.pdf used on input line 94.
(pdftex.def)             Requested size: 226.79846pt x 136.07823pt.
LaTeX Font Info:    Try loading font information for T1+pcr on input line 99.

(/usr/share/texlive/texmf-dist/tex/latex/psnfss/t1pcr.fd
File: t1pcr.fd 2001/06/04 font definitions for T1/pcr.
)
Underfull \vbox (badness 10000) has occurred while \output is active []


Underfull \vbox (badness 5105) has occurred while \output is active []

pdfTeX warning (ext4): destination with the same identifier (name{page.}) has b
een already used, duplicate ignored
<to be read again> 
                   \relax 
l.208 ...graph{Per-Hop vs End-to-End Multipathing}
                                                   [3 <./figures/flowlets/histo
.pdf>]
Overfull \hbox (1.40776pt too wide) in paragraph at lines 208--220
\T1/ptm/m/n/10 to-end level can al-low for weighted schedul-ing at the vSwitch
 []


Overfull \hbox (2.13773pt too wide) in paragraph at lines 273--283
[]\T1/ptm/m/n/10 Because mod-ern CPUs use ag-gres-sive prefetch-ing, the cost
 []


Overfull \hbox (1.08739pt too wide) in paragraph at lines 273--283
\T1/ptm/m/n/10 of re-ceiv-ing TCP data is now dom-i-nated by per-packet, rather

 []


Underfull \vbox (badness 7667) has occurred while \output is active []


<./figures/gro-design/gro-break.pdf, id=591, 348.16043pt x 228.25253pt>
File: ./figures/gro-design/gro-break.pdf Graphic file (type pdf)

<use ./figures/gro-design/gro-break.pdf>
Package pdftex.def Info: ./figures/gro-design/gro-break.pdf used on input line 
307.
(pdftex.def)             Requested size: 226.79846pt x 148.68628pt.

Underfull \vbox (badness 3138) has occurred while \output is active []

pdfTeX warning (ext4): destination with the same identifier (name{page.}) has b
een already used, duplicate ignored
<to be read again> 
                   \relax 
l.316 
       [4 <./figures/gro-design/gro-break.pdf>]) (./design.tex
<./figures/macro/macro_evaluation_topology_refined.pdf, id=632, 651.43375pt x 2
20.825pt>
File: ./figures/macro/macro_evaluation_topology_refined.pdf Graphic file (type 
pdf)
 <use ./figures/macro/macro_evaluation_topology_refined.pdf>
Package pdftex.def Info: ./figures/macro/macro_evaluation_topology_refined.pdf 
used on input line 35.
(pdftex.def)             Requested size: 226.79253pt x 85.68pt.
Package hyperref Info: bookmark level for unknown algorithm defaults to 0 on in
put line 139.

Underfull \vbox (badness 10000) has occurred while \output is active []

pdfTeX warning (ext4): destination with the same identifier (name{page.}) has b
een already used, duplicate ignored
<to be read again> 
                   \relax 
l.170 
       [5 <./figures/macro/macro_evaluation_topology_refined.pdf>]
Overfull \hbox (7.13364pt too wide) in paragraph at lines 227--238
\T1/ptm/m/n/10 into larger seg-ments. The first three pack-ets ($\OML/mdbch/m/n
/10 P[]$\T1/ptm/m/n/10 -$\OML/mdbch/m/n/10 P[]$\T1/ptm/m/n/10 ) are merged
 []


Underfull \vbox (badness 10000) has occurred while \output is active []

pdfTeX warning (ext4): destination with the same identifier (name{page.}) has b
een already used, duplicate ignored
<to be read again> 
                   \relax 
l.268 
       [6]
Underfull \vbox (badness 10000) has occurred while \output is active []


Overfull \hbox (5.3067pt too wide) in paragraph at lines 332--340
\T1/ptm/b/n/10 How to Han-dle Re-trans-mis-sions?  \T1/ptm/m/n/10 Re-trans-mit-
ted TCP pack-
 []


Underfull \vbox (badness 2073) has occurred while \output is active []

pdfTeX warning (ext4): destination with the same identifier (name{page.}) has b
een already used, duplicate ignored
<to be read again> 
                   \relax 
l.398 
       [7]) (./implementation.tex
Overfull \hbox (2.35799pt too wide) in paragraph at lines 20--25
\T1/ptm/b/n/10 Testbed  \T1/ptm/m/n/10 We con-ducted our ex-per-i-ments on a ph
ys-i-cal testbed
 []

) (./microbenchmarks.tex
<./figures/micro_test_topology/micro_scalabilitytest_topology_refined.pdf, id=8
78, 533.995pt x 211.79124pt>
File: ./figures/micro_test_topology/micro_scalabilitytest_topology_refined.pdf 
Graphic file (type pdf)

<use ./figures/micro_test_topology/micro_scalabilitytest_topology_refined.pdf>
Package pdftex.def Info: ./figures/micro_test_topology/micro_scalabilitytest_to
pology_refined.pdf used on input line 16.
(pdftex.def)             Requested size: 113.40308pt x 44.97514pt.

<./figures/micro_test_topology/micro_congestiontest_topology_refined.pdf, id=87
9, 435.6275pt x 192.72pt>
File: ./figures/micro_test_topology/micro_congestiontest_topology_refined.pdf G
raphic file (type pdf)

<use ./figures/micro_test_topology/micro_congestiontest_topology_refined.pdf>
Package pdftex.def Info: ./figures/micro_test_topology/micro_congestiontest_top
ology_refined.pdf used on input line 22.
(pdftex.def)             Requested size: 113.40308pt x 50.16776pt.

<./figures/gro_effectiveness/metric1_seg_cdf_compare.pdf, id=880, 361.35pt x 28
9.08pt>
File: ./figures/gro_effectiveness/metric1_seg_cdf_compare.pdf Graphic file (typ
e pdf)
 <use ./figures/gro_effectiveness/metric1_seg_cdf_compare.pdf>
Package pdftex.def Info: ./figures/gro_effectiveness/metric1_seg_cdf_compare.pd
f used on input line 35.
(pdftex.def)             Requested size: 113.40308pt x 90.72102pt.

<./figures/gro_effectiveness/metric1_pktsize_cdf_compare.pdf, id=881, 361.35pt 
x 289.08pt>
File: ./figures/gro_effectiveness/metric1_pktsize_cdf_compare.pdf Graphic file 
(type pdf)
 <use ./figures/gro_effectiveness/metric1_pktsize_cdf_compare.pdf>
Package pdftex.def Info: ./figures/gro_effectiveness/metric1_pktsize_cdf_compar
e.pdf used on input line 41.
(pdftex.def)             Requested size: 113.40308pt x 90.72102pt.
pdfTeX warning (ext4): destination with the same identifier (name{page.}) has b
een already used, duplicate ignored
<to be read again> 
                   \relax 
l.80 
      [8 <./figures/micro_test_topology/micro_scalabilitytest_topology_refined.
pdf> <./figures/micro_test_topology/micro_congestiontest_topology_refined.pdf> 
<./figures/gro_effectiveness/metric1_seg_cdf_compare.pdf> <./figures/gro_effect
iveness/metric1_pktsize_cdf_compare.pdf

pdfTeX warning: pdflatex (file ./figures/gro_effectiveness/metric1_pktsize_cdf_
compare.pdf): PDF inclusion: multiple pdfs with page group included in a single
 page
>]
<./figures/mornitor_cpu/macro_compare_cpu_usage.pdf, id=1169, 361.35pt x 216.81
pt>
File: ./figures/mornitor_cpu/macro_compare_cpu_usage.pdf Graphic file (type pdf
)
 <use ./figures/mornitor_cpu/macro_compare_cpu_usage.pdf>
Package pdftex.def Info: ./figures/mornitor_cpu/macro_compare_cpu_usage.pdf use
d on input line 83.
(pdftex.def)             Requested size: 226.79846pt x 136.07823pt.

<./figures/scalability_test/scalability_compare_tput_witherrbar.pdf, id=1172, 3
61.35pt x 216.81pt>
File: ./figures/scalability_test/scalability_compare_tput_witherrbar.pdf Graphi
c file (type pdf)

<use ./figures/scalability_test/scalability_compare_tput_witherrbar.pdf>
Package pdftex.def Info: ./figures/scalability_test/scalability_compare_tput_wi
therrbar.pdf used on input line 108.
(pdftex.def)             Requested size: 226.79846pt x 136.07823pt.

<./figures/scalability_test/scalability_compare_latency.pdf, id=1173, 361.35pt 
x 216.81pt>
File: ./figures/scalability_test/scalability_compare_latency.pdf Graphic file (
type pdf)
 <use ./figures/scalability_test/scalability_compare_latency.pdf>
Package pdftex.def Info: ./figures/scalability_test/scalability_compare_latency
.pdf used on input line 130.
(pdftex.def)             Requested size: 226.79846pt x 136.07823pt.

<./figures/scalability_test/scalability_compare_loss.pdf, id=1174, 361.35pt x 2
89.08pt>
File: ./figures/scalability_test/scalability_compare_loss.pdf Graphic file (typ
e pdf)
 <use ./figures/scalability_test/scalability_compare_loss.pdf>
Package pdftex.def Info: ./figures/scalability_test/scalability_compare_loss.pd
f used on input line 144.
(pdftex.def)             Requested size: 113.40308pt x 90.72102pt.

<./figures/scalability_test/scalability_compare_fairness.pdf, id=1175, 361.35pt
 x 289.08pt>
File: ./figures/scalability_test/scalability_compare_fairness.pdf Graphic file 
(type pdf)
 <use ./figures/scalability_test/scalability_compare_fairness.pdf>
Package pdftex.def Info: ./figures/scalability_test/scalability_compare_fairnes
s.pdf used on input line 149.
(pdftex.def)             Requested size: 113.40308pt x 90.72102pt.

Underfull \vbox (badness 10000) has occurred while \output is active []


<./figures/congestion_test/congestion_compare_tput_witherrbar.pdf, id=1182, 361
.35pt x 216.81pt>
File: ./figures/congestion_test/congestion_compare_tput_witherrbar.pdf Graphic 
file (type pdf)

<use ./figures/congestion_test/congestion_compare_tput_witherrbar.pdf>
Package pdftex.def Info: ./figures/congestion_test/congestion_compare_tput_with
errbar.pdf used on input line 177.
(pdftex.def)             Requested size: 226.79846pt x 136.07823pt.

Underfull \hbox (badness 1092) in paragraph at lines 178--178
[]\T1/ptm/m/n/10 Figure 10: |Through-put com-par-i-son in over-sub-scrip-tion
 []


<./figures/congestion_test/congestion_compare_latency.pdf, id=1183, 361.35pt x 
216.81pt>
File: ./figures/congestion_test/congestion_compare_latency.pdf Graphic file (ty
pe pdf)
 <use ./figures/congestion_test/congestion_compare_latency.pdf>
Package pdftex.def Info: ./figures/congestion_test/congestion_compare_latency.p
df used on input line 185.
(pdftex.def)             Requested size: 226.79846pt x 136.07823pt.

<./figures/congestion_test/congestion_compare_loss.pdf, id=1184, 361.35pt x 289
.08pt>
File: ./figures/congestion_test/congestion_compare_loss.pdf Graphic file (type 
pdf)
 <use ./figures/congestion_test/congestion_compare_loss.pdf>
Package pdftex.def Info: ./figures/congestion_test/congestion_compare_loss.pdf 
used on input line 198.
(pdftex.def)             Requested size: 113.40308pt x 90.72102pt.

<./figures/congestion_test/congestion_compare_fairness.pdf, id=1185, 361.35pt x
 289.08pt>
File: ./figures/congestion_test/congestion_compare_fairness.pdf Graphic file (t
ype pdf)
 <use ./figures/congestion_test/congestion_compare_fairness.pdf>
Package pdftex.def Info: ./figures/congestion_test/congestion_compare_fairness.
pdf used on input line 204.
(pdftex.def)             Requested size: 113.40308pt x 90.72102pt.
pdfTeX warning (ext4): destination with the same identifier (name{page.}) has b
een already used, duplicate ignored
<to be read again> 
                   \relax 
l.224 
       [9 <./figures/mornitor_cpu/macro_compare_cpu_usage.pdf> <./figures/scala
bility_test/scalability_compare_tput_witherrbar.pdf

pdfTeX warning: pdflatex (file ./figures/scalability_test/scalability_compare_t
put_witherrbar.pdf): PDF inclusion: multiple pdfs with page group included in a
 single page
> <./figures/scalability_test/scalability_compare_latency.pdf

pdfTeX warning: pdflatex (file ./figures/scalability_test/scalability_compare_l
atency.pdf): PDF inclusion: multiple pdfs with page group included in a single 
page
>]
<./figures/flowlets/flowlet_switching/flowlet_presto_compare_sockperf.pdf, id=1
391, 361.35pt x 216.81pt>
File: ./figures/flowlets/flowlet_switching/flowlet_presto_compare_sockperf.pdf 
Graphic file (type pdf)

<use ./figures/flowlets/flowlet_switching/flowlet_presto_compare_sockperf.pdf>
Package pdftex.def Info: ./figures/flowlets/flowlet_switching/flowlet_presto_co
mpare_sockperf.pdf used on input line 227.
(pdftex.def)             Requested size: 226.79846pt x 136.07823pt.

<./figures/presto_compare_2modes/presto_compare_2mods.pdf, id=1395, 361.35pt x 
216.81pt>
File: ./figures/presto_compare_2modes/presto_compare_2mods.pdf Graphic file (ty
pe pdf)
 <use ./figures/presto_compare_2modes/presto_compare_2mods.pdf>
Package pdftex.def Info: ./figures/presto_compare_2modes/presto_compare_2mods.p
df used on input line 268.
(pdftex.def)             Requested size: 226.79846pt x 136.07823pt.

Underfull \vbox (badness 10000) has occurred while \output is active []

)
(./eval.tex
Overfull \hbox (1.80725pt too wide) in paragraph at lines 281--1
\T1/ptm/m/n/10 Presto + shadow MAC gives bet-ter la-tency per-for-mance com-
 []


Overfull \hbox (6.35768pt too wide) in paragraph at lines 281--1
\T1/ptm/m/n/10 pared with Presto + ECMP. The per-for-mance dif-fer-ence comes
 []

pdfTeX warning (ext4): destination with the same identifier (name{page.}) has b
een already used, duplicate ignored
<to be read again> 
                   \relax 
l.1 \section
            {Evaluation} [10 <./figures/scalability_test/scalability_compare_lo
ss.pdf> <./figures/scalability_test/scalability_compare_fairness.pdf

pdfTeX warning: pdflatex (file ./figures/scalability_test/scalability_compare_f
airness.pdf): PDF inclusion: multiple pdfs with page group included in a single
 page
> <./figures/congestion_test/congestion_compare_tput_witherrbar.pdf

pdfTeX warning: pdflatex (file ./figures/congestion_test/congestion_compare_tpu
t_witherrbar.pdf): PDF inclusion: multiple pdfs with page group included in a s
ingle page
> <./figures/congestion_test/congestion_compare_latency.pdf

pdfTeX warning: pdflatex (file ./figures/congestion_test/congestion_compare_lat
ency.pdf): PDF inclusion: multiple pdfs with page group included in a single pa
ge
> <./figures/congestion_test/congestion_compare_loss.pdf

pdfTeX warning: pdflatex (file ./figures/congestion_test/congestion_compare_los
s.pdf): PDF inclusion: multiple pdfs with page group included in a single page
> <./figures/congestion_test/congestion_compare_fairness.pdf

pdfTeX warning: pdflatex (file ./figures/congestion_test/congestion_compare_fai
rness.pdf): PDF inclusion: multiple pdfs with page group included in a single p
age
> <./figures/flowlets/flowlet_switching/flowlet_presto_compare_sockperf.pdf

pdfTeX warning: pdflatex (file ./figures/flowlets/flowlet_switching/flowlet_pre
sto_compare_sockperf.pdf): PDF inclusion: multiple pdfs with page group include
d in a single page
>]
<./figures/macro/stride/macro_compare_tput_witherrbar.pdf, id=1614, 361.35pt x 
216.81pt>
File: ./figures/macro/stride/macro_compare_tput_witherrbar.pdf Graphic file (ty
pe pdf)
 <use ./figures/macro/stride/macro_compare_tput_witherrbar.pdf>
Package pdftex.def Info: ./figures/macro/stride/macro_compare_tput_witherrbar.p
df used on input line 10.
(pdftex.def)             Requested size: 226.79846pt x 136.07823pt.

Overfull \hbox (6.11743pt too wide) in paragraph at lines 5--14
\T1/ptm/m/n/10 (i) syn-thetic work-loads, (ii) trace-driven work-loads, (iii) w
ork-
 []


<./figures/macro/stride/macro_compare_fct_stride_mice.pdf, id=1615, 361.35pt x 
289.08pt>
File: ./figures/macro/stride/macro_compare_fct_stride_mice.pdf Graphic file (ty
pe pdf)
 <use ./figures/macro/stride/macro_compare_fct_stride_mice.pdf>
Package pdftex.def Info: ./figures/macro/stride/macro_compare_fct_stride_mice.p
df used on input line 21.
(pdftex.def)             Requested size: 151.20154pt x 120.96284pt.

<./figures/macro/bijection/macro_compare_fct_bijection_mice.pdf, id=1616, 361.3
5pt x 289.08pt>
File: ./figures/macro/bijection/macro_compare_fct_bijection_mice.pdf Graphic fi
le (type pdf)

<use ./figures/macro/bijection/macro_compare_fct_bijection_mice.pdf>
Package pdftex.def Info: ./figures/macro/bijection/macro_compare_fct_bijection_
mice.pdf used on input line 27.
(pdftex.def)             Requested size: 151.20154pt x 120.96284pt.

<./figures/macro/shuffle/macro_compare_fct_shuffle_mice.pdf, id=1617, 361.35pt 
x 289.08pt>
File: ./figures/macro/shuffle/macro_compare_fct_shuffle_mice.pdf Graphic file (
type pdf)
 <use ./figures/macro/shuffle/macro_compare_fct_shuffle_mice.pdf>
Package pdftex.def Info: ./figures/macro/shuffle/macro_compare_fct_shuffle_mice
.pdf used on input line 39.
(pdftex.def)             Requested size: 151.20154pt x 120.96284pt.

Underfull \hbox (badness 1668) in paragraph at lines 156--156
[]\T1/ptm/m/n/10 Table 1: |Mice ($\OML/mdbch/m/n/10 <$\T1/ptm/m/n/10 100KB) FCT
 in trace-driven work-
 []

pdfTeX warning (ext4): destination with the same identifier (name{page.}) has b
een already used, duplicate ignored
<to be read again> 
                   \relax 
l.226 
       [11 <./figures/presto_compare_2modes/presto_compare_2mods.pdf> <./figure
s/macro/stride/macro_compare_tput_witherrbar.pdf

pdfTeX warning: pdflatex (file ./figures/macro/stride/macro_compare_tput_wither
rbar.pdf): PDF inclusion: multiple pdfs with page group included in a single pa
ge
>]
<./figures/failure_handling/failover_compare_tput_witherrbar.pdf, id=1757, 361.
35pt x 216.81pt>
File: ./figures/failure_handling/failover_compare_tput_witherrbar.pdf Graphic f
ile (type pdf)

<use ./figures/failure_handling/failover_compare_tput_witherrbar.pdf>
Package pdftex.def Info: ./figures/failure_handling/failover_compare_tput_withe
rrbar.pdf used on input line 232.
(pdftex.def)             Requested size: 226.79846pt x 136.07823pt.

<./figures/failure_handling/failover_compare_sockperf_bijection_mice.pdf, id=17
58, 361.35pt x 216.81pt>
File: ./figures/failure_handling/failover_compare_sockperf_bijection_mice.pdf G
raphic file (type pdf)

<use ./figures/failure_handling/failover_compare_sockperf_bijection_mice.pdf>
Package pdftex.def Info: ./figures/failure_handling/failover_compare_sockperf_b
ijection_mice.pdf used on input line 239.
(pdftex.def)             Requested size: 226.79846pt x 136.07823pt.
)
(./related.tex
Underfull \vbox (badness 7558) has occurred while \output is active []


Underfull \vbox (badness 3954) has occurred while \output is active []

pdfTeX warning (ext4): destination with the same identifier (name{page.}) has b
een already used, duplicate ignored
<to be read again> 
                   \relax 
l.30 {\bf R
           educing Tail Latency} [12 <./figures/macro/stride/macro_compare_fct_
stride_mice.pdf> <./figures/macro/bijection/macro_compare_fct_bijection_mice.pd
f

pdfTeX warning: pdflatex (file ./figures/macro/bijection/macro_compare_fct_bije
ction_mice.pdf): PDF inclusion: multiple pdfs with page group included in a sin
gle page
> <./figures/macro/shuffle/macro_compare_fct_shuffle_mice.pdf

pdfTeX warning: pdflatex (file ./figures/macro/shuffle/macro_compare_fct_shuffl
e_mice.pdf): PDF inclusion: multiple pdfs with page group included in a single 
page
> <./figures/failure_handling/failover_compare_tput_witherrbar.pdf

pdfTeX warning: pdflatex (file ./figures/failure_handling/failover_compare_tput
_witherrbar.pdf): PDF inclusion: multiple pdfs with page group included in a si
ngle page
> <./figures/failure_handling/failover_compare_sockperf_bijection_mice.pdf

pdfTeX warning: pdflatex (file ./figures/failure_handling/failover_compare_sock
perf_bijection_mice.pdf): PDF inclusion: multiple pdfs with page group included
 in a single page
>]
Overfull \hbox (2.58841pt too wide) in paragraph at lines 30--73
\T1/ptm/m/n/10 TCP's con-ges-tion win-dow to re-duce switch buffer oc-cu-pancy.

 []

) (./conclusion.tex) (./paper.bbl
Underfull \vbox (badness 8000) has occurred while \output is active []


Overfull \vbox (1.64847pt too high) has occurred while \output is active []


Overfull \vbox (7.70004pt too high) has occurred while \output is active []

pdfTeX warning (ext4): destination with the same identifier (name{page.}) has b
een already used, duplicate ignored
<to be read again> 
                   \relax 
l.121 
       [13]
Underfull \vbox (badness 10000) has occurred while \output is active []

)
Package atveryend Info: Empty hook `BeforeClearDocument' on input line 267.
pdfTeX warning (ext4): destination with the same identifier (name{page.}) has b
een already used, duplicate ignored
<to be read again> 
                   \relax 
l.267 \end{document}
                     [14]
Package atveryend Info: Empty hook `AfterLastShipout' on input line 267.
 (./paper.aux)
Package atveryend Info: Empty hook `AtVeryEndDocument' on input line 267.
Package atveryend Info: Executing hook `AtEndAfterFileList' on input line 267.
Package rerunfilecheck Info: File `paper.out' has not changed.
(rerunfilecheck)             Checksum: 665687D670B57AD6205AF808C7CC365F;716.
Package atveryend Info: Empty hook `AtVeryVeryEnd' on input line 267.
 ) 
Here is how much of TeX's memory you used:
 17621 strings out of 493304
 303378 string characters out of 6139870
 424111 words of memory out of 5000000
 20542 multiletter control sequences out of 15000+600000
 66089 words of font info for 90 fonts, out of 8000000 for 9000
 959 hyphenation exceptions out of 8191
 53i,10n,92p,10492b,873s stack positions out of 5000i,500n,10000p,200000b,80000s
{/usr/share/texlive/texmf-dist/fonts/enc/dvips/ly1/texnansi.enc}{/usr/share/t
exlive/texmf-dist/fonts/enc/dvips/base/8r.enc}</usr/share/texlive/texmf-dist/fo
nts/type1/bitstrea/charter/bchr8a.pfb></usr/share/texlive/texmf-dist/fonts/type
1/public/amsfonts/cm/cmr10.pfb></usr/share/texlive/texmf-dist/fonts/type1/publi
c/amsfonts/cm/cmr7.pfb></usr/share/texlive/texmf-dist/fonts/type1/public/amsfon
ts/cm/cmsy10.pfb></usr/share/texlive/texmf-dist/fonts/type1/public/amsfonts/cm/
cmsy7.pfb></usr/share/texlive/texmf-dist/fonts/type1/public/amsfonts/cm/cmtt10.
pfb></usr/share/texlive/texmf-dist/fonts/type1/public/mathdesign/mdbch/md-chr7m
.pfb></usr/share/texlive/texmf-dist/fonts/type1/urw/courier/ucrr8a.pfb></usr/sh
are/texlive/texmf-dist/fonts/type1/urw/helvetic/uhvb8a.pfb></usr/share/texlive/
texmf-dist/fonts/type1/urw/helvetic/uhvr8a.pfb></usr/share/texlive/texmf-dist/f
onts/type1/urw/times/utmb8a.pfb></usr/share/texlive/texmf-dist/fonts/type1/urw/
times/utmr8a.pfb></usr/share/texlive/texmf-dist/fonts/type1/urw/times/utmri8a.p
fb>
Output written on paper.pdf (14 pages, 873858 bytes).
PDF statistics:
 2021 PDF objects out of 2073 (max. 8388607)
 1365 compressed objects within 14 object streams
 145 named destinations out of 1000 (max. 500000)
 225 words of extra memory for PDF output out of 10000 (max. 10000000)

