This is pdfTeX, Version 3.1415926-2.5-1.40.14 (TeX Live 2013/Debian) (format=pdflatex 2015.12.10)  19 MAR 2017 12:50
entering extended mode
 restricted \write18 enabled.
 %&-line parsing enabled.
**paper.tex
(./paper.tex
LaTeX2e <2011/06/27>
Babel <3.9h> and hyphenation patterns for 78 languages loaded.
(./sig-alternate-05-2015.cls
(/usr/share/texlive/texmf-dist/tex/latex/graphics/epsfig.sty
Package: epsfig 1999/02/16 v1.7a (e)psfig emulation (SPQR)

(/usr/share/texlive/texmf-dist/tex/latex/graphics/graphicx.sty
Package: graphicx 1999/02/16 v1.0f Enhanced LaTeX Graphics (DPC,SPQR)

(/usr/share/texlive/texmf-dist/tex/latex/graphics/keyval.sty
Package: keyval 1999/03/16 v1.13 key=value parser (DPC)
\KV@toks@=\toks14
)
(/usr/share/texlive/texmf-dist/tex/latex/graphics/graphics.sty
Package: graphics 2009/02/05 v1.0o Standard LaTeX Graphics (DPC,SPQR)

(/usr/share/texlive/texmf-dist/tex/latex/graphics/trig.sty
Package: trig 1999/03/16 v1.09 sin cos tan (DPC)
)
(/usr/share/texlive/texmf-dist/tex/latex/latexconfig/graphics.cfg
File: graphics.cfg 2010/04/23 v1.9 graphics configuration of TeX Live
)
Package graphics Info: Driver file: pdftex.def on input line 91.

(/usr/share/texlive/texmf-dist/tex/latex/pdftex-def/pdftex.def
File: pdftex.def 2011/05/27 v0.06d Graphics/color for pdfTeX

(/usr/share/texlive/texmf-dist/tex/generic/oberdiek/infwarerr.sty
Package: infwarerr 2010/04/08 v1.3 Providing info/warning/error messages (HO)
)
(/usr/share/texlive/texmf-dist/tex/generic/oberdiek/ltxcmds.sty
Package: ltxcmds 2011/11/09 v1.22 LaTeX kernel commands for general use (HO)
)
\Gread@gobject=\count79
))
\Gin@req@height=\dimen102
\Gin@req@width=\dimen103
)
\epsfxsize=\dimen104
\epsfysize=\dimen105
)
(/usr/share/texlive/texmf-dist/tex/latex/amsfonts/amssymb.sty
Package: amssymb 2013/01/14 v3.01 AMS font symbols

(/usr/share/texlive/texmf-dist/tex/latex/amsfonts/amsfonts.sty
Package: amsfonts 2013/01/14 v3.01 Basic AMSFonts support
\@emptytoks=\toks15
\symAMSa=\mathgroup4
\symAMSb=\mathgroup5
LaTeX Font Info:    Overwriting math alphabet `\mathfrak' in version `bold'
(Font)                  U/euf/m/n --> U/euf/b/n on input line 106.
))
(/usr/share/texlive/texmf-dist/tex/latex/amsmath/amsmath.sty
Package: amsmath 2013/01/14 v2.14 AMS math features
\@mathmargin=\skip41

For additional information on amsmath, use the `?' option.
(/usr/share/texlive/texmf-dist/tex/latex/amsmath/amstext.sty
Package: amstext 2000/06/29 v2.01

(/usr/share/texlive/texmf-dist/tex/latex/amsmath/amsgen.sty
File: amsgen.sty 1999/11/30 v2.0
\@emptytoks=\toks16
\ex@=\dimen106
))
(/usr/share/texlive/texmf-dist/tex/latex/amsmath/amsbsy.sty
Package: amsbsy 1999/11/29 v1.2d
\pmbraise@=\dimen107
)
(/usr/share/texlive/texmf-dist/tex/latex/amsmath/amsopn.sty
Package: amsopn 1999/12/14 v2.01 operator names
)
\inf@bad=\count80
LaTeX Info: Redefining \frac on input line 210.
\uproot@=\count81
\leftroot@=\count82
LaTeX Info: Redefining \overline on input line 306.
\classnum@=\count83
\DOTSCASE@=\count84
LaTeX Info: Redefining \ldots on input line 378.
LaTeX Info: Redefining \dots on input line 381.
LaTeX Info: Redefining \cdots on input line 466.
\Mathstrutbox@=\box26
\strutbox@=\box27
\big@size=\dimen108
LaTeX Font Info:    Redeclaring font encoding OML on input line 566.
LaTeX Font Info:    Redeclaring font encoding OMS on input line 567.
\macc@depth=\count85
\c@MaxMatrixCols=\count86
\dotsspace@=\muskip10
\c@parentequation=\count87
\dspbrk@lvl=\count88
\tag@help=\toks17
\row@=\count89
\column@=\count90
\maxfields@=\count91
\andhelp@=\toks18
\eqnshift@=\dimen109
\alignsep@=\dimen110
\tagshift@=\dimen111
\tagwidth@=\dimen112
\totwidth@=\dimen113
\lineht@=\dimen114
\@envbody=\toks19
\multlinegap=\skip42
\multlinetaggap=\skip43
\mathdisplay@stack=\toks20
LaTeX Info: Redefining \[ on input line 2665.
LaTeX Info: Redefining \] on input line 2666.
)
Document Class 'sig-alternate' <9th June '13>. Modified by G.K.M. Tobin/Gerry M
urray/Boris Veytsman
Based in part upon document Style `acmconf' <22 May 89>. Hacked 4/91 by
shivers@cs.cmu.edu, 4/93 by theobald@cs.mcgill.ca
Excerpts were taken from (Journal Style) 'esub2acm.cls'.
****** Bugs/comments/suggestions/technicalities to Gerry Murray -- murray@hq.ac
m.org ******
Questions on the style, SIGS policies, etc. to Adrienne Griscti griscti@acm.org

\ACM@basesize=\count92
(/usr/share/texlive/texmf-dist/tex/latex/comment/comment.sty
\CommentStream=\write3

Excluding comment 'comment') Excluding comment 'CCSXML'
\footheight=\dimen115
\@maxsep=\dimen116
\@dblmaxsep=\dimen117

(/usr/share/texlive/texmf-dist/tex/generic/oberdiek/ifpdf.sty
Package: ifpdf 2011/01/30 v2.3 Provides the ifpdf switch (HO)
Package ifpdf Info: pdfTeX in PDF mode is detected.
)
\aucount=\count93
\originalaucount=\count94
\auwidth=\dimen118
\auskip=\dimen119
\auskipcount=\count95
\auskip=\dimen120
\allauboxes=\dimen121
\addauthors=\toks21
\addauflag=\count96
\subtitletext=\toks22
\savesection=\count97
\sectioncntr=\count98
\c@figure=\count99
\c@table=\count100
\titleboxnotes=\toks23
\titleboxnoteflag=\count101


LaTeX Warning: You have requested document class `sig-alternate-05-2015',
               but the document class provides `sig-alternate'.

Document Class: sig-alternate 2013/05/12 v2.7 based on acmproc.cls V1.3 <Nov. 3
0 '99>
(/usr/share/texlive/texmf-dist/tex/latex/base/latexsym.sty
Package: latexsym 1998/08/17 v2.2e Standard LaTeX package (lasy symbols)
\symlasy=\mathgroup6
LaTeX Font Info:    Overwriting symbol font `lasy' in version `bold'
(Font)                  U/lasy/m/n --> U/lasy/b/n on input line 47.
)
\@acmtitlebox=\box28
\titlenotecount=\count102
\tntoks=\toks24
\tntokstwo=\toks25
\tntoksthree=\toks26
\tntoksfour=\toks27
\tntoksfive=\toks28
\catcount=\count103
\copyrightnotice=\toks29
\conf=\toks30
\confinfo=\toks31
\c@part=\count104
\c@section=\count105
\c@subsection=\count106
\c@subsubsection=\count107
\c@paragraph=\count108

Using 'Abbrev' bibliography style
LaTeX Info: Redefining \cite on input line 1408.
\bibindent=\dimen122
\colcntr=\count109
\saveb@x=\box29
\copyrtyr=\toks32
\acmcopyr=\toks33
\boilerplate=\toks34
(/usr/share/texlive/texmf-dist/tex/latex/url/url.sty
\Urlmuskip=\muskip11
Package: url 2013/09/16  ver 3.4  Verb mode for urls, etc.
) (./acmcopyright.sty
Package: acmcopyright 2014/06/29 v1.2 Copyright statemens for ACM classes

(/usr/share/texlive/texmf-dist/tex/latex/xkeyval/xkeyval.sty
Package: xkeyval 2012/10/14 v2.6b package option processing (HA)

(/usr/share/texlive/texmf-dist/tex/generic/xkeyval/xkeyval.tex
\XKV@toks=\toks35
\XKV@tempa@toks=\toks36
\XKV@depth=\count110
File: xkeyval.tex 2012/10/14 v2.6b key=value parser (HA)
)))
\copyrightetc=\toks37

(/usr/share/texlive/texmf-dist/tex/latex/base/fontenc.sty
Package: fontenc 2005/09/27 v1.99g Standard LaTeX package

(/usr/share/texlive/texmf-dist/tex/latex/base/t1enc.def
File: t1enc.def 2005/09/27 v1.99g Standard LaTeX file
LaTeX Font Info:    Redeclaring font encoding T1 on input line 43.
)
LaTeX Font Info:    Try loading font information for T1+aer on input line 100.

(/usr/share/texlive/texmf-dist/tex/latex/ae/t1aer.fd
File: t1aer.fd 1997/11/16 Font definitions for T1/aer.
)))
(/usr/share/texlive/texmf-dist/tex/latex/hyperref/hyperref.sty
Package: hyperref 2012/11/06 v6.83m Hypertext links for LaTeX

(/usr/share/texlive/texmf-dist/tex/generic/oberdiek/hobsub-hyperref.sty
Package: hobsub-hyperref 2012/05/28 v1.13 Bundle oberdiek, subset hyperref (HO)


(/usr/share/texlive/texmf-dist/tex/generic/oberdiek/hobsub-generic.sty
Package: hobsub-generic 2012/05/28 v1.13 Bundle oberdiek, subset generic (HO)
Package: hobsub 2012/05/28 v1.13 Construct package bundles (HO)
Package hobsub Info: Skipping package `infwarerr' (already loaded).
Package hobsub Info: Skipping package `ltxcmds' (already loaded).
Package: ifluatex 2010/03/01 v1.3 Provides the ifluatex switch (HO)
Package ifluatex Info: LuaTeX not detected.
Package: ifvtex 2010/03/01 v1.5 Detect VTeX and its facilities (HO)
Package ifvtex Info: VTeX not detected.
Package: intcalc 2007/09/27 v1.1 Expandable calculations with integers (HO)
Package hobsub Info: Skipping package `ifpdf' (already loaded).
Package: etexcmds 2011/02/16 v1.5 Avoid name clashes with e-TeX commands (HO)
Package etexcmds Info: Could not find \expanded.
(etexcmds)             That can mean that you are not using pdfTeX 1.50 or
(etexcmds)             that some package has redefined \expanded.
(etexcmds)             In the latter case, load this package earlier.
Package: kvsetkeys 2012/04/25 v1.16 Key value parser (HO)
Package: kvdefinekeys 2011/04/07 v1.3 Define keys (HO)
Package: pdftexcmds 2011/11/29 v0.20 Utility functions of pdfTeX for LuaTeX (HO
)
Package pdftexcmds Info: LuaTeX not detected.
Package pdftexcmds Info: \pdf@primitive is available.
Package pdftexcmds Info: \pdf@ifprimitive is available.
Package pdftexcmds Info: \pdfdraftmode found.
Package: pdfescape 2011/11/25 v1.13 Implements pdfTeX's escape features (HO)
Package: bigintcalc 2012/04/08 v1.3 Expandable calculations on big integers (HO
)
Package: bitset 2011/01/30 v1.1 Handle bit-vector datatype (HO)
Package: uniquecounter 2011/01/30 v1.2 Provide unlimited unique counter (HO)
)
Package hobsub Info: Skipping package `hobsub' (already loaded).
Package: letltxmacro 2010/09/02 v1.4 Let assignment for LaTeX macros (HO)
Package: hopatch 2012/05/28 v1.2 Wrapper for package hooks (HO)
Package: xcolor-patch 2011/01/30 xcolor patch
Package: atveryend 2011/06/30 v1.8 Hooks at the very end of document (HO)
Package atveryend Info: \enddocument detected (standard20110627).
Package: atbegshi 2011/10/05 v1.16 At begin shipout hook (HO)
Package: refcount 2011/10/16 v3.4 Data extraction from label references (HO)
Package: hycolor 2011/01/30 v1.7 Color options for hyperref/bookmark (HO)
)
(/usr/share/texlive/texmf-dist/tex/generic/ifxetex/ifxetex.sty
Package: ifxetex 2010/09/12 v0.6 Provides ifxetex conditional
)
(/usr/share/texlive/texmf-dist/tex/latex/oberdiek/auxhook.sty
Package: auxhook 2011/03/04 v1.3 Hooks for auxiliary files (HO)
)
(/usr/share/texlive/texmf-dist/tex/latex/oberdiek/kvoptions.sty
Package: kvoptions 2011/06/30 v3.11 Key value format for package options (HO)
)
\@linkdim=\dimen123
\Hy@linkcounter=\count111
\Hy@pagecounter=\count112

(/usr/share/texlive/texmf-dist/tex/latex/hyperref/pd1enc.def
File: pd1enc.def 2012/11/06 v6.83m Hyperref: PDFDocEncoding definition (HO)
)
\Hy@SavedSpaceFactor=\count113

(/usr/share/texlive/texmf-dist/tex/latex/latexconfig/hyperref.cfg
File: hyperref.cfg 2002/06/06 v1.2 hyperref configuration of TeXLive
)
Package hyperref Info: Option `breaklinks' set `true' on input line 4319.
Package hyperref Info: Option `colorlinks' set `true' on input line 4319.
Package hyperref Info: Option `plainpages' set `false' on input line 4319.
Package hyperref Info: Hyper figures OFF on input line 4443.
Package hyperref Info: Link nesting OFF on input line 4448.
Package hyperref Info: Hyper index ON on input line 4451.
Package hyperref Info: Plain pages OFF on input line 4458.
Package hyperref Info: Backreferencing OFF on input line 4463.
Package hyperref Info: Implicit mode ON; LaTeX internals redefined.
Package hyperref Info: Bookmarks ON on input line 4688.
\c@Hy@tempcnt=\count114
LaTeX Info: Redefining \url on input line 5041.
\XeTeXLinkMargin=\dimen124
\Fld@menulength=\count115
\Field@Width=\dimen125
\Fld@charsize=\dimen126
Package hyperref Info: Hyper figures OFF on input line 6295.
Package hyperref Info: Link nesting OFF on input line 6300.
Package hyperref Info: Hyper index ON on input line 6303.
Package hyperref Info: backreferencing OFF on input line 6310.
Package hyperref Info: Link coloring ON on input line 6313.
Package hyperref Info: Link coloring with OCG OFF on input line 6320.
Package hyperref Info: PDF/A mode OFF on input line 6325.
LaTeX Info: Redefining \ref on input line 6365.
LaTeX Info: Redefining \pageref on input line 6369.


Package hyperref Warning: Option `pdfpagelabels' is turned off
(hyperref)                because \thepage is undefined.

\c@Item=\count116
\c@Hfootnote=\count117
)

Package hyperref Message: Driver (autodetected): hpdftex.

(/usr/share/texlive/texmf-dist/tex/latex/hyperref/hpdftex.def
File: hpdftex.def 2012/11/06 v6.83m Hyperref driver for pdfTeX
\Fld@listcount=\count118
\c@bookmark@seq@number=\count119

(/usr/share/texlive/texmf-dist/tex/latex/oberdiek/rerunfilecheck.sty
Package: rerunfilecheck 2011/04/15 v1.7 Rerun checks for auxiliary files (HO)
Package uniquecounter Info: New unique counter `rerunfilecheck' on input line 2
82.
)
\Hy@SectionHShift=\skip44
)
(/usr/share/texlive/texmf-dist/tex/latex/float/float.sty
Package: float 2001/11/08 v1.3d Float enhancements (AL)
\c@float@type=\count120
\float@exts=\toks38
\float@box=\box30
\@float@everytoks=\toks39
\@floatcapt=\box31
)
(/usr/share/texlive/texmf-dist/tex/latex/graphics/color.sty
Package: color 2005/11/14 v1.0j Standard LaTeX Color (DPC)

(/usr/share/texlive/texmf-dist/tex/latex/latexconfig/color.cfg
File: color.cfg 2007/01/18 v1.5 color configuration of teTeX/TeXLive
)
Package color Info: Driver file: pdftex.def on input line 130.
)
(/usr/share/texlive/texmf-dist/tex/latex/psnfss/times.sty
Package: times 2005/04/12 PSNFSS-v9.2a (SPQR) 
)
(/usr/share/texlive/texmf-dist/tex/latex/natbib/natbib.sty
Package: natbib 2010/09/13 8.31b (PWD, AO)
\bibhang=\skip45
\bibsep=\skip46
LaTeX Info: Redefining \cite on input line 694.
LaTeX Info: Redefining \citeyear on input line 735.
\c@NAT@ctr=\count121
)
(/usr/share/texlive/texmf-dist/tex/latex/enumitem/enumitem.sty
Package: enumitem 2011/09/28 v3.5.2 Customized lists
\labelindent=\skip47
\enit@outerparindent=\dimen127
\enit@toks=\toks40
\enit@inbox=\box32
\enitdp@description=\count122
)
(/usr/share/texlive/texmf-dist/tex/latex/tools/verbatim.sty
Package: verbatim 2003/08/22 v1.5q LaTeX2e package for verbatim enhancements
\every@verbatim=\toks41
\verbatim@line=\toks42
\verbatim@in@stream=\read1
)
(/usr/share/texlive/texmf-dist/tex/latex/tools/xspace.sty
Package: xspace 2009/10/20 v1.13 Space after command names (DPC,MH)
)
(/usr/share/texlive/texmf-dist/tex/latex/l3packages/xfrac/xfrac.sty
(/usr/share/texlive/texmf-dist/tex/latex/l3packages/l3keys2e/l3keys2e.sty
(/usr/share/texlive/texmf-dist/tex/latex/l3kernel/expl3.sty
(/usr/share/texlive/texmf-dist/tex/latex/l3kernel/l3names.sty
(/usr/share/texlive/texmf-dist/tex/latex/l3kernel/l3bootstrap.sty
Package: l3bootstrap 2014/01/04 v4640 L3 Experimental bootstrap code
)
Package: l3names 2014/01/04 v4640 L3 Namespace for primitives
)
(/usr/share/texlive/texmf-dist/tex/latex/etex-pkg/etex.sty
Package: etex 1998/03/26 v2.0 eTeX basic definition package (PEB)
\et@xins=\count123
)
Package: expl3 2014/01/07 v4646 L3 Experimental code bundle wrapper

(/usr/share/texlive/texmf-dist/tex/latex/l3kernel/l3basics.sty
Package: l3basics 2014/01/04 v4642 L3 Basic definitions
)
(/usr/share/texlive/texmf-dist/tex/latex/l3kernel/l3expan.sty
Package: l3expan 2014/01/04 v4642 L3 Argument expansion
)
(/usr/share/texlive/texmf-dist/tex/latex/l3kernel/l3tl.sty
Package: l3tl 2013/12/27 v4625 L3 Token lists
)
(/usr/share/texlive/texmf-dist/tex/latex/l3kernel/l3seq.sty
Package: l3seq 2013/12/14 v4623 L3 Sequences and stacks
)
(/usr/share/texlive/texmf-dist/tex/latex/l3kernel/l3int.sty
Package: l3int 2013/08/02 v4583 L3 Integers
\c_max_int=\count124
\l_tmpa_int=\count125
\l_tmpb_int=\count126
\g_tmpa_int=\count127
\g_tmpb_int=\count128
)
(/usr/share/texlive/texmf-dist/tex/latex/l3kernel/l3quark.sty
Package: l3quark 2013/12/14 v4623 L3 Quarks
)
(/usr/share/texlive/texmf-dist/tex/latex/l3kernel/l3prg.sty
Package: l3prg 2014/01/04 v4642 L3 Control structures
\g__prg_map_int=\count129
)
(/usr/share/texlive/texmf-dist/tex/latex/l3kernel/l3clist.sty
Package: l3clist 2013/07/28 v4581 L3 Comma separated lists
)
(/usr/share/texlive/texmf-dist/tex/latex/l3kernel/l3token.sty
Package: l3token 2013/08/25 v4587 L3 Experimental token manipulation
)
(/usr/share/texlive/texmf-dist/tex/latex/l3kernel/l3prop.sty
Package: l3prop 2013/12/14 v4623 L3 Property lists
)
(/usr/share/texlive/texmf-dist/tex/latex/l3kernel/l3msg.sty
Package: l3msg 2013/07/28 v4581 L3 Messages
)
(/usr/share/texlive/texmf-dist/tex/latex/l3kernel/l3file.sty
Package: l3file 2013/10/13 v4596 L3 File and I/O operations
\l_iow_line_count_int=\count130
\l__iow_target_count_int=\count131
\l__iow_current_line_int=\count132
\l__iow_current_word_int=\count133
\l__iow_current_indentation_int=\count134
)
(/usr/share/texlive/texmf-dist/tex/latex/l3kernel/l3skip.sty
Package: l3skip 2013/07/28 v4581 L3 Dimensions and skips
\c_zero_dim=\dimen128
\c_max_dim=\dimen129
\l_tmpa_dim=\dimen130
\l_tmpb_dim=\dimen131
\g_tmpa_dim=\dimen132
\g_tmpb_dim=\dimen133
\c_zero_skip=\skip48
\c_max_skip=\skip49
\l_tmpa_skip=\skip50
\l_tmpb_skip=\skip51
\g_tmpa_skip=\skip52
\g_tmpb_skip=\skip53
\c_zero_muskip=\muskip12
\c_max_muskip=\muskip13
\l_tmpa_muskip=\muskip14
\l_tmpb_muskip=\muskip15
\g_tmpa_muskip=\muskip16
\g_tmpb_muskip=\muskip17
)
(/usr/share/texlive/texmf-dist/tex/latex/l3kernel/l3keys.sty
Package: l3keys 2013/12/08 v4614 L3 Experimental key-value interfaces
\g__keyval_level_int=\count135
\l_keys_choice_int=\count136
)
(/usr/share/texlive/texmf-dist/tex/latex/l3kernel/l3fp.sty
Package: l3fp 2014/01/04 v4642 L3 Floating points
\c__fp_leading_shift_int=\count137
\c__fp_middle_shift_int=\count138
\c__fp_trailing_shift_int=\count139
\c__fp_big_leading_shift_int=\count140
\c__fp_big_middle_shift_int=\count141
\c__fp_big_trailing_shift_int=\count142
\c__fp_Bigg_leading_shift_int=\count143
\c__fp_Bigg_middle_shift_int=\count144
\c__fp_Bigg_trailing_shift_int=\count145
)
(/usr/share/texlive/texmf-dist/tex/latex/l3kernel/l3box.sty
Package: l3box 2013/07/28 v4581 L3 Experimental boxes
\c_empty_box=\box33
\l_tmpa_box=\box34
\l_tmpb_box=\box35
\g_tmpa_box=\box36
\g_tmpb_box=\box37
)
(/usr/share/texlive/texmf-dist/tex/latex/l3kernel/l3coffins.sty
Package: l3coffins 2013/12/14 v4624 L3 Coffin code layer
\l__coffin_internal_box=\box38
\l__coffin_internal_dim=\dimen134
\l__coffin_offset_x_dim=\dimen135
\l__coffin_offset_y_dim=\dimen136
\l__coffin_x_dim=\dimen137
\l__coffin_y_dim=\dimen138
\l__coffin_x_prime_dim=\dimen139
\l__coffin_y_prime_dim=\dimen140
\c_empty_coffin=\box39
\l__coffin_aligned_coffin=\box40
\l__coffin_aligned_internal_coffin=\box41
\l_tmpa_coffin=\box42
\l_tmpb_coffin=\box43
\l__coffin_display_coffin=\box44
\l__coffin_display_coord_coffin=\box45
\l__coffin_display_pole_coffin=\box46
\l__coffin_display_offset_dim=\dimen141
\l__coffin_display_x_dim=\dimen142
\l__coffin_display_y_dim=\dimen143
)
(/usr/share/texlive/texmf-dist/tex/latex/l3kernel/l3color.sty
Package: l3color 2012/08/29 v4156 L3 Experimental color support
)
(/usr/share/texlive/texmf-dist/tex/latex/l3kernel/l3luatex.sty
Package: l3luatex 2013/07/28 v4581 L3 Experimental LuaTeX-specific functions
\g__cctab_allocate_int=\count146
\g__cctab_stack_int=\count147
)
(/usr/share/texlive/texmf-dist/tex/latex/l3kernel/l3candidates.sty
Package: l3candidates 2014/01/06 v4643 L3 Experimental additions to l3kernel
\l__box_top_dim=\dimen144
\l__box_bottom_dim=\dimen145
\l__box_left_dim=\dimen146
\l__box_right_dim=\dimen147
\l__box_top_new_dim=\dimen148
\l__box_bottom_new_dim=\dimen149
\l__box_left_new_dim=\dimen150
\l__box_right_new_dim=\dimen151
\l__box_internal_box=\box47
\l__coffin_bounding_shift_dim=\dimen152
\l__coffin_left_corner_dim=\dimen153
\l__coffin_right_corner_dim=\dimen154
\l__coffin_bottom_corner_dim=\dimen155
\l__coffin_top_corner_dim=\dimen156
\l__coffin_scaled_total_height_dim=\dimen157
\l__coffin_scaled_width_dim=\dimen158
))
Package: l3keys2e 2013/12/31 v4634 LaTeX2e option processing using LaTeX3 keys
)
(/usr/share/texlive/texmf-dist/tex/latex/base/textcomp.sty
Package: textcomp 2005/09/27 v1.99g Standard LaTeX package
Package textcomp Info: Sub-encoding information:
(textcomp)               5 = only ISO-Adobe without \textcurrency
(textcomp)               4 = 5 + \texteuro
(textcomp)               3 = 4 + \textohm
(textcomp)               2 = 3 + \textestimated + \textcurrency
(textcomp)               1 = TS1 - \textcircled - \t
(textcomp)               0 = TS1 (full)
(textcomp)             Font families with sub-encoding setting implement
(textcomp)             only a restricted character set as indicated.
(textcomp)             Family '?' is the default used for unknown fonts.
(textcomp)             See the documentation for details.
Package textcomp Info: Setting ? sub-encoding to TS1/1 on input line 71.

(/usr/share/texlive/texmf-dist/tex/latex/base/ts1enc.def
File: ts1enc.def 2001/06/05 v3.0e (jk/car/fm) Standard LaTeX file
)
LaTeX Info: Redefining \oldstylenums on input line 266.
Package textcomp Info: Setting cmr sub-encoding to TS1/0 on input line 281.
Package textcomp Info: Setting cmss sub-encoding to TS1/0 on input line 282.
Package textcomp Info: Setting cmtt sub-encoding to TS1/0 on input line 283.
Package textcomp Info: Setting cmvtt sub-encoding to TS1/0 on input line 284.
Package textcomp Info: Setting cmbr sub-encoding to TS1/0 on input line 285.
Package textcomp Info: Setting cmtl sub-encoding to TS1/0 on input line 286.
Package textcomp Info: Setting ccr sub-encoding to TS1/0 on input line 287.
Package textcomp Info: Setting ptm sub-encoding to TS1/4 on input line 288.
Package textcomp Info: Setting pcr sub-encoding to TS1/4 on input line 289.
Package textcomp Info: Setting phv sub-encoding to TS1/4 on input line 290.
Package textcomp Info: Setting ppl sub-encoding to TS1/3 on input line 291.
Package textcomp Info: Setting pag sub-encoding to TS1/4 on input line 292.
Package textcomp Info: Setting pbk sub-encoding to TS1/4 on input line 293.
Package textcomp Info: Setting pnc sub-encoding to TS1/4 on input line 294.
Package textcomp Info: Setting pzc sub-encoding to TS1/4 on input line 295.
Package textcomp Info: Setting bch sub-encoding to TS1/4 on input line 296.
Package textcomp Info: Setting put sub-encoding to TS1/5 on input line 297.
Package textcomp Info: Setting uag sub-encoding to TS1/5 on input line 298.
Package textcomp Info: Setting ugq sub-encoding to TS1/5 on input line 299.
Package textcomp Info: Setting ul8 sub-encoding to TS1/4 on input line 300.
Package textcomp Info: Setting ul9 sub-encoding to TS1/4 on input line 301.
Package textcomp Info: Setting augie sub-encoding to TS1/5 on input line 302.
Package textcomp Info: Setting dayrom sub-encoding to TS1/3 on input line 303.
Package textcomp Info: Setting dayroms sub-encoding to TS1/3 on input line 304.

Package textcomp Info: Setting pxr sub-encoding to TS1/0 on input line 305.
Package textcomp Info: Setting pxss sub-encoding to TS1/0 on input line 306.
Package textcomp Info: Setting pxtt sub-encoding to TS1/0 on input line 307.
Package textcomp Info: Setting txr sub-encoding to TS1/0 on input line 308.
Package textcomp Info: Setting txss sub-encoding to TS1/0 on input line 309.
Package textcomp Info: Setting txtt sub-encoding to TS1/0 on input line 310.
Package textcomp Info: Setting lmr sub-encoding to TS1/0 on input line 311.
Package textcomp Info: Setting lmdh sub-encoding to TS1/0 on input line 312.
Package textcomp Info: Setting lmss sub-encoding to TS1/0 on input line 313.
Package textcomp Info: Setting lmssq sub-encoding to TS1/0 on input line 314.
Package textcomp Info: Setting lmvtt sub-encoding to TS1/0 on input line 315.
Package textcomp Info: Setting qhv sub-encoding to TS1/0 on input line 316.
Package textcomp Info: Setting qag sub-encoding to TS1/0 on input line 317.
Package textcomp Info: Setting qbk sub-encoding to TS1/0 on input line 318.
Package textcomp Info: Setting qcr sub-encoding to TS1/0 on input line 319.
Package textcomp Info: Setting qcs sub-encoding to TS1/0 on input line 320.
Package textcomp Info: Setting qpl sub-encoding to TS1/0 on input line 321.
Package textcomp Info: Setting qtm sub-encoding to TS1/0 on input line 322.
Package textcomp Info: Setting qzc sub-encoding to TS1/0 on input line 323.
Package textcomp Info: Setting qhvc sub-encoding to TS1/0 on input line 324.
Package textcomp Info: Setting futs sub-encoding to TS1/4 on input line 325.
Package textcomp Info: Setting futx sub-encoding to TS1/4 on input line 326.
Package textcomp Info: Setting futj sub-encoding to TS1/4 on input line 327.
Package textcomp Info: Setting hlh sub-encoding to TS1/3 on input line 328.
Package textcomp Info: Setting hls sub-encoding to TS1/3 on input line 329.
Package textcomp Info: Setting hlst sub-encoding to TS1/3 on input line 330.
Package textcomp Info: Setting hlct sub-encoding to TS1/5 on input line 331.
Package textcomp Info: Setting hlx sub-encoding to TS1/5 on input line 332.
Package textcomp Info: Setting hlce sub-encoding to TS1/5 on input line 333.
Package textcomp Info: Setting hlcn sub-encoding to TS1/5 on input line 334.
Package textcomp Info: Setting hlcw sub-encoding to TS1/5 on input line 335.
Package textcomp Info: Setting hlcf sub-encoding to TS1/5 on input line 336.
Package textcomp Info: Setting pplx sub-encoding to TS1/3 on input line 337.
Package textcomp Info: Setting pplj sub-encoding to TS1/3 on input line 338.
Package textcomp Info: Setting ptmx sub-encoding to TS1/4 on input line 339.
Package textcomp Info: Setting ptmj sub-encoding to TS1/4 on input line 340.
)
(/usr/share/texlive/texmf-dist/tex/latex/l3packages/xparse/xparse.sty
Package: xparse 2013/12/31 v4634 L3 Experimental document command parser
\l__xparse_current_arg_int=\count148
\l__xparse_m_args_int=\count149
\l__xparse_mandatory_args_int=\count150
\l__xparse_processor_int=\count151
\l__xparse_v_nesting_int=\count152
)
(/usr/share/texlive/texmf-dist/tex/latex/l3packages/xtemplate/xtemplate.sty
Package: xtemplate 2013/12/31 v4634 L3 Experimental prototype document function
s
\l__xtemplate_tmp_dim=\dimen159
\l__xtemplate_tmp_int=\count153
\l__xtemplate_tmp_muskip=\muskip18
\l__xtemplate_tmp_skip=\skip54
Variant \prop_get:NoNTF already defined; not changing it on line 106
Variant \prop_get:NoNT already defined; not changing it on line 107
Variant \prop_get:NoNF already defined; not changing it on line 108
)
Package: xfrac 2012/11/09 v4299 L3 Experimental split-level fractions
\l__xfrac_slash_box=\box48
\l__xfrac_tmp_box=\box49
\l__xfrac_denominator_bot_sep_dim=\dimen160
\l__xfrac_numerator_bot_sep_dim=\dimen161
\l__xfrac_numerator_top_sep_dim=\dimen162
\l__xfrac_slash_left_sep_dim=\dimen163
\l__xfrac_slash_right_sep_dim=\dimen164
\l__xfrac_slash_left_muskip=\muskip19
\l__xfrac_slash_right_muskip=\muskip20
.................................................
. xtemplate info: "declare-object-type"
. 
. Declaring object type 'xfrac' taking 3 argument(s) on line 96.
.................................................
.................................................
. LaTeX info: "xparse/define-command"
. 
. Defining document command \sfrac with arg. spec. 'omom' on line 436.
.................................................
)
(/usr/share/texlive/texmf-dist/tex/latex/algorithms/algorithmic.sty
Package: algorithmic 2009/08/24 v0.1 Document Style `algorithmic'

(/usr/share/texlive/texmf-dist/tex/latex/base/ifthen.sty
Package: ifthen 2001/05/26 v1.1c Standard LaTeX ifthen package (DPC)
)
\c@ALC@unique=\count154
\c@ALC@line=\count155
\c@ALC@rem=\count156
\c@ALC@depth=\count157
\ALC@tlm=\skip55
\algorithmicindent=\skip56
)
(/usr/share/texlive/texmf-dist/tex/latex/algorithms/algorithm.sty
Package: algorithm 2009/08/24 v0.1 Document Style `algorithm' - floating enviro
nment
\@float@every@algorithm=\toks43
\c@algorithm=\count158
)
(/usr/share/texlive/texmf-dist/tex/latex/marvosym/marvosym.sty
Package: marvosym 2011/07/20 v2.2 Martin Vogel's Symbols font definitions
)
(/usr/share/texlive/texmf-dist/tex/latex/lastpage/lastpage.sty
Package: lastpage 2013/01/28 v1.2l Refers to last page's name (HMM; JPG)
)
(/usr/share/texlive/texmf-dist/tex/latex/base/inputenc.sty
Package: inputenc 2008/03/30 v1.1d Input encoding file
\inpenc@prehook=\toks44
\inpenc@posthook=\toks45

(/usr/share/texlive/texmf-dist/tex/latex/base/utf8.def
File: utf8.def 2008/04/05 v1.1m UTF-8 support for inputenc
Now handling font encoding OML ...
... no UTF-8 mapping file for font encoding OML
Now handling font encoding T1 ...
... processing UTF-8 mapping file for font encoding T1

(/usr/share/texlive/texmf-dist/tex/latex/base/t1enc.dfu
File: t1enc.dfu 2008/04/05 v1.1m UTF-8 support for inputenc
   defining Unicode char U+00A1 (decimal 161)
   defining Unicode char U+00A3 (decimal 163)
   defining Unicode char U+00AB (decimal 171)
   defining Unicode char U+00BB (decimal 187)
   defining Unicode char U+00BF (decimal 191)
   defining Unicode char U+00C0 (decimal 192)
   defining Unicode char U+00C1 (decimal 193)
   defining Unicode char U+00C2 (decimal 194)
   defining Unicode char U+00C3 (decimal 195)
   defining Unicode char U+00C4 (decimal 196)
   defining Unicode char U+00C5 (decimal 197)
   defining Unicode char U+00C6 (decimal 198)
   defining Unicode char U+00C7 (decimal 199)
   defining Unicode char U+00C8 (decimal 200)
   defining Unicode char U+00C9 (decimal 201)
   defining Unicode char U+00CA (decimal 202)
   defining Unicode char U+00CB (decimal 203)
   defining Unicode char U+00CC (decimal 204)
   defining Unicode char U+00CD (decimal 205)
   defining Unicode char U+00CE (decimal 206)
   defining Unicode char U+00CF (decimal 207)
   defining Unicode char U+00D0 (decimal 208)
   defining Unicode char U+00D1 (decimal 209)
   defining Unicode char U+00D2 (decimal 210)
   defining Unicode char U+00D3 (decimal 211)
   defining Unicode char U+00D4 (decimal 212)
   defining Unicode char U+00D5 (decimal 213)
   defining Unicode char U+00D6 (decimal 214)
   defining Unicode char U+00D8 (decimal 216)
   defining Unicode char U+00D9 (decimal 217)
   defining Unicode char U+00DA (decimal 218)
   defining Unicode char U+00DB (decimal 219)
   defining Unicode char U+00DC (decimal 220)
   defining Unicode char U+00DD (decimal 221)
   defining Unicode char U+00DE (decimal 222)
   defining Unicode char U+00DF (decimal 223)
   defining Unicode char U+00E0 (decimal 224)
   defining Unicode char U+00E1 (decimal 225)
   defining Unicode char U+00E2 (decimal 226)
   defining Unicode char U+00E3 (decimal 227)
   defining Unicode char U+00E4 (decimal 228)
   defining Unicode char U+00E5 (decimal 229)
   defining Unicode char U+00E6 (decimal 230)
   defining Unicode char U+00E7 (decimal 231)
   defining Unicode char U+00E8 (decimal 232)
   defining Unicode char U+00E9 (decimal 233)
   defining Unicode char U+00EA (decimal 234)
   defining Unicode char U+00EB (decimal 235)
   defining Unicode char U+00EC (decimal 236)
   defining Unicode char U+00ED (decimal 237)
   defining Unicode char U+00EE (decimal 238)
   defining Unicode char U+00EF (decimal 239)
   defining Unicode char U+00F0 (decimal 240)
   defining Unicode char U+00F1 (decimal 241)
   defining Unicode char U+00F2 (decimal 242)
   defining Unicode char U+00F3 (decimal 243)
   defining Unicode char U+00F4 (decimal 244)
   defining Unicode char U+00F5 (decimal 245)
   defining Unicode char U+00F6 (decimal 246)
   defining Unicode char U+00F8 (decimal 248)
   defining Unicode char U+00F9 (decimal 249)
   defining Unicode char U+00FA (decimal 250)
   defining Unicode char U+00FB (decimal 251)
   defining Unicode char U+00FC (decimal 252)
   defining Unicode char U+00FD (decimal 253)
   defining Unicode char U+00FE (decimal 254)
   defining Unicode char U+00FF (decimal 255)
   defining Unicode char U+0102 (decimal 258)
   defining Unicode char U+0103 (decimal 259)
   defining Unicode char U+0104 (decimal 260)
   defining Unicode char U+0105 (decimal 261)
   defining Unicode char U+0106 (decimal 262)
   defining Unicode char U+0107 (decimal 263)
   defining Unicode char U+010C (decimal 268)
   defining Unicode char U+010D (decimal 269)
   defining Unicode char U+010E (decimal 270)
   defining Unicode char U+010F (decimal 271)
   defining Unicode char U+0110 (decimal 272)
   defining Unicode char U+0111 (decimal 273)
   defining Unicode char U+0118 (decimal 280)
   defining Unicode char U+0119 (decimal 281)
   defining Unicode char U+011A (decimal 282)
   defining Unicode char U+011B (decimal 283)
   defining Unicode char U+011E (decimal 286)
   defining Unicode char U+011F (decimal 287)
   defining Unicode char U+0130 (decimal 304)
   defining Unicode char U+0131 (decimal 305)
   defining Unicode char U+0132 (decimal 306)
   defining Unicode char U+0133 (decimal 307)
   defining Unicode char U+0139 (decimal 313)
   defining Unicode char U+013A (decimal 314)
   defining Unicode char U+013D (decimal 317)
   defining Unicode char U+013E (decimal 318)
   defining Unicode char U+0141 (decimal 321)
   defining Unicode char U+0142 (decimal 322)
   defining Unicode char U+0143 (decimal 323)
   defining Unicode char U+0144 (decimal 324)
   defining Unicode char U+0147 (decimal 327)
   defining Unicode char U+0148 (decimal 328)
   defining Unicode char U+014A (decimal 330)
   defining Unicode char U+014B (decimal 331)
   defining Unicode char U+0150 (decimal 336)
   defining Unicode char U+0151 (decimal 337)
   defining Unicode char U+0152 (decimal 338)
   defining Unicode char U+0153 (decimal 339)
   defining Unicode char U+0154 (decimal 340)
   defining Unicode char U+0155 (decimal 341)
   defining Unicode char U+0158 (decimal 344)
   defining Unicode char U+0159 (decimal 345)
   defining Unicode char U+015A (decimal 346)
   defining Unicode char U+015B (decimal 347)
   defining Unicode char U+015E (decimal 350)
   defining Unicode char U+015F (decimal 351)
   defining Unicode char U+0160 (decimal 352)
   defining Unicode char U+0161 (decimal 353)
   defining Unicode char U+0162 (decimal 354)
   defining Unicode char U+0163 (decimal 355)
   defining Unicode char U+0164 (decimal 356)
   defining Unicode char U+0165 (decimal 357)
   defining Unicode char U+016E (decimal 366)
   defining Unicode char U+016F (decimal 367)
   defining Unicode char U+0170 (decimal 368)
   defining Unicode char U+0171 (decimal 369)
   defining Unicode char U+0178 (decimal 376)
   defining Unicode char U+0179 (decimal 377)
   defining Unicode char U+017A (decimal 378)
   defining Unicode char U+017B (decimal 379)
   defining Unicode char U+017C (decimal 380)
   defining Unicode char U+017D (decimal 381)
   defining Unicode char U+017E (decimal 382)
   defining Unicode char U+200C (decimal 8204)
   defining Unicode char U+2013 (decimal 8211)
   defining Unicode char U+2014 (decimal 8212)
   defining Unicode char U+2018 (decimal 8216)
   defining Unicode char U+2019 (decimal 8217)
   defining Unicode char U+201A (decimal 8218)
   defining Unicode char U+201C (decimal 8220)
   defining Unicode char U+201D (decimal 8221)
   defining Unicode char U+201E (decimal 8222)
   defining Unicode char U+2030 (decimal 8240)
   defining Unicode char U+2031 (decimal 8241)
   defining Unicode char U+2039 (decimal 8249)
   defining Unicode char U+203A (decimal 8250)
   defining Unicode char U+2423 (decimal 9251)
)
Now handling font encoding OT1 ...
... processing UTF-8 mapping file for font encoding OT1

(/usr/share/texlive/texmf-dist/tex/latex/base/ot1enc.dfu
File: ot1enc.dfu 2008/04/05 v1.1m UTF-8 support for inputenc
   defining Unicode char U+00A1 (decimal 161)
   defining Unicode char U+00A3 (decimal 163)
   defining Unicode char U+00B8 (decimal 184)
   defining Unicode char U+00BF (decimal 191)
   defining Unicode char U+00C5 (decimal 197)
   defining Unicode char U+00C6 (decimal 198)
   defining Unicode char U+00D8 (decimal 216)
   defining Unicode char U+00DF (decimal 223)
   defining Unicode char U+00E6 (decimal 230)
   defining Unicode char U+00EC (decimal 236)
   defining Unicode char U+00ED (decimal 237)
   defining Unicode char U+00EE (decimal 238)
   defining Unicode char U+00EF (decimal 239)
   defining Unicode char U+00F8 (decimal 248)
   defining Unicode char U+0131 (decimal 305)
   defining Unicode char U+0141 (decimal 321)
   defining Unicode char U+0142 (decimal 322)
   defining Unicode char U+0152 (decimal 338)
   defining Unicode char U+0153 (decimal 339)
   defining Unicode char U+2013 (decimal 8211)
   defining Unicode char U+2014 (decimal 8212)
   defining Unicode char U+2018 (decimal 8216)
   defining Unicode char U+2019 (decimal 8217)
   defining Unicode char U+201C (decimal 8220)
   defining Unicode char U+201D (decimal 8221)
)
Now handling font encoding OMS ...
... processing UTF-8 mapping file for font encoding OMS

(/usr/share/texlive/texmf-dist/tex/latex/base/omsenc.dfu
File: omsenc.dfu 2008/04/05 v1.1m UTF-8 support for inputenc
   defining Unicode char U+00A7 (decimal 167)
   defining Unicode char U+00B6 (decimal 182)
   defining Unicode char U+00B7 (decimal 183)
   defining Unicode char U+2020 (decimal 8224)
   defining Unicode char U+2021 (decimal 8225)
   defining Unicode char U+2022 (decimal 8226)
)
Now handling font encoding OMX ...
... no UTF-8 mapping file for font encoding OMX
Now handling font encoding U ...
... no UTF-8 mapping file for font encoding U
Now handling font encoding PD1 ...
... no UTF-8 mapping file for font encoding PD1
Now handling font encoding TS1 ...
... processing UTF-8 mapping file for font encoding TS1

(/usr/share/texlive/texmf-dist/tex/latex/base/ts1enc.dfu
File: ts1enc.dfu 2008/04/05 v1.1m UTF-8 support for inputenc
   defining Unicode char U+00A2 (decimal 162)
   defining Unicode char U+00A3 (decimal 163)
   defining Unicode char U+00A4 (decimal 164)
   defining Unicode char U+00A5 (decimal 165)
   defining Unicode char U+00A6 (decimal 166)
   defining Unicode char U+00A7 (decimal 167)
   defining Unicode char U+00A8 (decimal 168)
   defining Unicode char U+00A9 (decimal 169)
   defining Unicode char U+00AA (decimal 170)
   defining Unicode char U+00AC (decimal 172)
   defining Unicode char U+00AE (decimal 174)
   defining Unicode char U+00AF (decimal 175)
   defining Unicode char U+00B0 (decimal 176)
   defining Unicode char U+00B1 (decimal 177)
   defining Unicode char U+00B2 (decimal 178)
   defining Unicode char U+00B3 (decimal 179)
   defining Unicode char U+00B4 (decimal 180)
   defining Unicode char U+00B5 (decimal 181)
   defining Unicode char U+00B6 (decimal 182)
   defining Unicode char U+00B7 (decimal 183)
   defining Unicode char U+00B9 (decimal 185)
   defining Unicode char U+00BA (decimal 186)
   defining Unicode char U+00BC (decimal 188)
   defining Unicode char U+00BD (decimal 189)
   defining Unicode char U+00BE (decimal 190)
   defining Unicode char U+00D7 (decimal 215)
   defining Unicode char U+00F7 (decimal 247)
   defining Unicode char U+0192 (decimal 402)
   defining Unicode char U+02C7 (decimal 711)
   defining Unicode char U+02D8 (decimal 728)
   defining Unicode char U+02DD (decimal 733)
   defining Unicode char U+0E3F (decimal 3647)
   defining Unicode char U+2016 (decimal 8214)
   defining Unicode char U+2020 (decimal 8224)
   defining Unicode char U+2021 (decimal 8225)
   defining Unicode char U+2022 (decimal 8226)
   defining Unicode char U+2030 (decimal 8240)
   defining Unicode char U+2031 (decimal 8241)
   defining Unicode char U+203B (decimal 8251)
   defining Unicode char U+203D (decimal 8253)
   defining Unicode char U+2044 (decimal 8260)
   defining Unicode char U+204E (decimal 8270)
   defining Unicode char U+2052 (decimal 8274)
   defining Unicode char U+20A1 (decimal 8353)
   defining Unicode char U+20A4 (decimal 8356)
   defining Unicode char U+20A6 (decimal 8358)
   defining Unicode char U+20A9 (decimal 8361)
   defining Unicode char U+20AB (decimal 8363)
   defining Unicode char U+20AC (decimal 8364)
   defining Unicode char U+20B1 (decimal 8369)
   defining Unicode char U+2103 (decimal 8451)
   defining Unicode char U+2116 (decimal 8470)
   defining Unicode char U+2117 (decimal 8471)
   defining Unicode char U+211E (decimal 8478)
   defining Unicode char U+2120 (decimal 8480)
   defining Unicode char U+2122 (decimal 8482)
   defining Unicode char U+2126 (decimal 8486)
   defining Unicode char U+2127 (decimal 8487)
   defining Unicode char U+212E (decimal 8494)
   defining Unicode char U+2190 (decimal 8592)
   defining Unicode char U+2191 (decimal 8593)
   defining Unicode char U+2192 (decimal 8594)
   defining Unicode char U+2193 (decimal 8595)
   defining Unicode char U+2329 (decimal 9001)
   defining Unicode char U+232A (decimal 9002)
   defining Unicode char U+2422 (decimal 9250)
   defining Unicode char U+25E6 (decimal 9702)
   defining Unicode char U+25EF (decimal 9711)
   defining Unicode char U+266A (decimal 9834)
)
   defining Unicode char U+00A9 (decimal 169)
   defining Unicode char U+00AA (decimal 170)
   defining Unicode char U+00AE (decimal 174)
   defining Unicode char U+00BA (decimal 186)
   defining Unicode char U+02C6 (decimal 710)
   defining Unicode char U+02DC (decimal 732)
   defining Unicode char U+200C (decimal 8204)
   defining Unicode char U+2026 (decimal 8230)
   defining Unicode char U+2122 (decimal 8482)
   defining Unicode char U+2423 (decimal 9251)
))
(/usr/share/texlive/texmf-dist/tex/latex/cleveref/cleveref.sty
Package: cleveref 2013/12/28 v0.19 Intelligent cross-referencing
Package cleveref Info: `hyperref' support loaded on input line 2230.
LaTeX Info: Redefining \cref on input line 2230.
LaTeX Info: Redefining \Cref on input line 2230.
LaTeX Info: Redefining \crefrange on input line 2230.
LaTeX Info: Redefining \Crefrange on input line 2230.
LaTeX Info: Redefining \cpageref on input line 2230.
LaTeX Info: Redefining \Cpageref on input line 2230.
LaTeX Info: Redefining \cpagerefrange on input line 2230.
LaTeX Info: Redefining \Cpagerefrange on input line 2230.
LaTeX Info: Redefining \labelcref on input line 2230.
LaTeX Info: Redefining \labelcpageref on input line 2230.
)
(/usr/share/texlive/texmf-dist/tex/latex/listings/listings.sty
\lst@mode=\count159
\lst@gtempboxa=\box50
\lst@token=\toks46
\lst@length=\count160
\lst@currlwidth=\dimen165
\lst@column=\count161
\lst@pos=\count162
\lst@lostspace=\dimen166
\lst@width=\dimen167
\lst@newlines=\count163
\lst@lineno=\count164
\abovecaptionskip=\skip57
\belowcaptionskip=\skip58
\lst@maxwidth=\dimen168

(/usr/share/texlive/texmf-dist/tex/latex/listings/lstmisc.sty
File: lstmisc.sty 2013/08/26 1.5b (Carsten Heinz)
\c@lstnumber=\count165
\lst@skipnumbers=\count166
\lst@framebox=\box51
)
(/usr/share/texlive/texmf-dist/tex/latex/listings/listings.cfg
File: listings.cfg 2013/08/26 1.5b listings configuration
))
Package: listings 2013/08/26 1.5b (Carsten Heinz)

(/usr/share/texlive/texmf-dist/tex/latex/preprint/balance.sty
Package: balance 1999/02/23 4.3 (PWD)
\oldvsize=\dimen169
)
(/usr/share/texlive/texmf-dist/tex/latex/datetime/datetime.sty
Package: datetime 2013/09/10 v2.59 Date Time Package

(/usr/share/texlive/texmf-dist/tex/latex/etoolbox/etoolbox.sty
Package: etoolbox 2011/01/03 v2.1 e-TeX tools for LaTeX
\etb@tempcnta=\count167
)
(/usr/share/texlive/texmf-dist/tex/latex/fmtcount/fmtcount.sty
Package: fmtcount 2013/08/17 v2.03

(/usr/share/texlive/texmf-dist/tex/latex/fmtcount/fcprefix.sty
Package: fcprefix 2012/09/28

(/usr/share/texlive/texmf-dist/tex/latex/fmtcount/fcnumparser.sty
Package: fcnumparser 2012/09/28
\fc@digit@counter=\count168
))
\c@padzeroesN=\count169
\fc@tmpcatcode=\count170
\@DT@modctr=\count171
\@ordinalctr=\count172
\@orgargctr=\count173
\@strctr=\count174
\@tmpstrctr=\count175
\@DT@loopN=\count176
\@DT@X=\count177

(/usr/share/texlive/texmf-dist/tex/latex/fmtcount/fc-english.def
File: fc-english.def 2013/08/17
))
(/usr/share/texlive/texmf-dist/tex/latex/datetime/datetime-defaults.sty
Package: datetime-defaults 2013/09/10
)
\@day=\count178
\@month=\count179
\@year=\count180
\c@HOUR=\count181
\c@HOURXII=\count182
\c@MINUTE=\count183
\c@TOHOUR=\count184
\c@TOMINUTE=\count185
\c@SECOND=\count186
\currenthour=\count187
\currentminute=\count188
\currentsecond=\count189
Package datetime Info: No datetime.cfg file found, using default settings on in
put line 308.
\@dtctr=\count190
\dayofyear=\count191
\dayofweek=\count192
LaTeX Info: Redefining \today on input line 736.
\dt@a=\toks47
\dt@b=\toks48
)
(/usr/share/texlive/texmf-dist/tex/latex/morefloats/morefloats.sty
Package: morefloats 2012/01/28 v1.0f Raise limit of unprocessed floats (HMM; DH
)
Package morefloats Info: Maximum number of possible floats asked for: 36.
(morefloats)             LaTeX might run out of memory before this
(morefloats)             (in which case it will notify you).
(morefloats)              on input line 171.
\bx@S=\insert233
\bx@T=\insert232
\bx@U=\insert231
\bx@V=\insert230
\bx@W=\insert229
\bx@X=\insert228
\bx@Y=\insert227
\bx@Z=\insert226
\bx@AA=\insert225
\bx@AB=\insert224
\bx@AC=\insert223
\bx@AD=\insert222
\bx@AE=\insert221
\bx@AF=\insert220
\bx@AG=\insert219
\bx@AH=\insert218
\bx@AI=\insert217
\bx@AJ=\insert216
)
(/usr/share/texlive/texmf-dist/tex/latex/caption/caption.sty
Package: caption 2013/05/02 v3.3-89 Customizing captions (AR)

(/usr/share/texlive/texmf-dist/tex/latex/caption/caption3.sty
Package: caption3 2013/05/02 v1.6-88 caption3 kernel (AR)
Package caption3 Info: TeX engine: e-TeX on input line 57.
\captionmargin=\dimen170
\captionmargin@=\dimen171
\captionwidth=\dimen172
\caption@tempdima=\dimen173
\caption@indent=\dimen174
\caption@parindent=\dimen175
\caption@hangindent=\dimen176
Package caption Info: Unknown document class (or package),
(caption)             standard defaults will be used.
)

Package caption Warning: Unsupported document class (or package) detected,
(caption)                usage of the caption package is not recommended.
See the caption package documentation for explanation.

Package caption Info: \@makecaption = \long macro:#1#2-> \vskip 10pt \setbox \@
tempboxa \hbox {\textbf {#1: #2}} \ifdim \wd \@tempboxa >\hsize \textbf {#1: #2
}\par \else \hbox to\hsize {\hfil \box \@tempboxa \hfil } \fi .
\c@ContinuedFloat=\count193
Package caption Info: float package is loaded.
Package caption Info: hyperref package is loaded.
Package caption Info: listings package is loaded.
) (/usr/share/texlive/texmf-dist/tex/latex/caption/subcaption.sty
Package: subcaption 2013/02/03 v1.1-62 Sub-captions (AR)
\c@subfigure=\count194
\c@subtable=\count195
)
(/usr/share/texlive/texmf-dist/tex/latex/multirow/multirow.sty
\bigstrutjot=\dimen177
)
\c@mv@mathchartertext=\count196
LaTeX Font Info:    Overwriting symbol font `letters' in version `normal'
(Font)                  OML/cmm/m/it --> OML/mdbch/m/n on input line 45.


LaTeX Warning: Unused global option(s):
    [10pt].

(./paper.aux)
\openout1 = `paper.aux'.

LaTeX Font Info:    Checking defaults for OML/cmm/m/it on input line 124.
LaTeX Font Info:    ... okay on input line 124.
LaTeX Font Info:    Checking defaults for T1/cmr/m/n on input line 124.
LaTeX Font Info:    ... okay on input line 124.
LaTeX Font Info:    Checking defaults for OT1/cmr/m/n on input line 124.
LaTeX Font Info:    ... okay on input line 124.
LaTeX Font Info:    Checking defaults for OMS/cmsy/m/n on input line 124.
LaTeX Font Info:    ... okay on input line 124.
LaTeX Font Info:    Checking defaults for OMX/cmex/m/n on input line 124.
LaTeX Font Info:    ... okay on input line 124.
LaTeX Font Info:    Checking defaults for U/cmr/m/n on input line 124.
LaTeX Font Info:    ... okay on input line 124.
LaTeX Font Info:    Checking defaults for PD1/pdf/m/n on input line 124.
LaTeX Font Info:    ... okay on input line 124.
LaTeX Font Info:    Checking defaults for TS1/cmr/m/n on input line 124.
LaTeX Font Info:    Try loading font information for TS1+cmr on input line 124.

 (/usr/share/texlive/texmf-dist/tex/latex/base/ts1cmr.fd
File: ts1cmr.fd 1999/05/25 v2.5h Standard LaTeX font definitions
)
LaTeX Font Info:    ... okay on input line 124.
LaTeX Font Info:    Try loading font information for T1+ptm on input line 124.

(/usr/share/texlive/texmf-dist/tex/latex/psnfss/t1ptm.fd
File: t1ptm.fd 2001/06/04 font definitions for T1/ptm.
)
(/usr/share/texlive/texmf-dist/tex/context/base/supp-pdf.mkii
[Loading MPS to PDF converter (version 2006.09.02).]
\scratchcounter=\count197
\scratchdimen=\dimen178
\scratchbox=\box52
\nofMPsegments=\count198
\nofMParguments=\count199
\everyMPshowfont=\toks49
\MPscratchCnt=\count200
\MPscratchDim=\dimen179
\MPnumerator=\count201
Normal \count register pool exhausted, switching to extended pool.
\makeMPintoPDFobject=\count277
\everyMPtoPDFconversion=\toks50
) (/usr/share/texlive/texmf-dist/tex/latex/oberdiek/epstopdf-base.sty
Package: epstopdf-base 2010/02/09 v2.5 Base part for package epstopdf

(/usr/share/texlive/texmf-dist/tex/latex/oberdiek/grfext.sty
Package: grfext 2010/08/19 v1.1 Manage graphics extensions (HO)
)
Package grfext Info: Graphics extension search list:
(grfext)             [.png,.pdf,.jpg,.mps,.jpeg,.jbig2,.jb2,.PNG,.PDF,.JPG,.JPE
G,.JBIG2,.JB2,.eps]
(grfext)             \AppendGraphicsExtensions on input line 452.

(/usr/share/texlive/texmf-dist/tex/latex/latexconfig/epstopdf-sys.cfg
File: epstopdf-sys.cfg 2010/07/13 v1.3 Configuration of (r)epstopdf for TeX Liv
e
))
\AtBeginShipoutBox=\box53


Package hyperref Warning: Height of page (\paperheight) is invalid (0.0pt),
(hyperref)                using 11in.

Package hyperref Info: Link coloring ON on input line 124.
(/usr/share/texlive/texmf-dist/tex/latex/hyperref/nameref.sty
Package: nameref 2012/10/27 v2.43 Cross-referencing by name of section

(/usr/share/texlive/texmf-dist/tex/generic/oberdiek/gettitlestring.sty
Package: gettitlestring 2010/12/03 v1.4 Cleanup title references (HO)
)
\c@section@level=\count278
)
LaTeX Info: Redefining \ref on input line 124.
LaTeX Info: Redefining \pageref on input line 124.
LaTeX Info: Redefining \nameref on input line 124.

(./paper.out) (./paper.out)
\@outlinefile=\write4
\openout4 = `paper.out'.

Package lastpage Info: Please have a look at the pageslts package at
(lastpage)             http://www.ctan.org/tex-archive/ 
(lastpage)             macros/latex/contrib/pageslts/ 
(lastpage)             or
(lastpage)             http://www.ctan.org/tex-archive/ 
(lastpage)             install/macros/latex/contrib/pageslts.tds.zip
(lastpage)             ! on input line 124.
\c@lstlisting=\count279
Package caption Info: Begin \AtBeginDocument code.
Package caption Info: End \AtBeginDocument code.
LaTeX Font Info:    Try loading font information for OML+mdbch on input line 13
4.

(/usr/share/texlive/texmf-dist/tex/latex/mathdesign/mdbch/omlmdbch.fd
File: omlmdbch.fd 2013/08/29 Fontinst v1.933 font definitions for OML/mdbch.
)
LaTeX Font Info:    Font shape `OML/mdbch/m/n' will be
(Font)              scaled to size 9.60007pt on input line 134.
LaTeX Font Info:    Font shape `OML/mdbch/m/n' will be
(Font)              scaled to size 6.72005pt on input line 134.
LaTeX Font Info:    Font shape `OML/mdbch/m/n' will be
(Font)              scaled to size 4.80003pt on input line 134.
LaTeX Font Info:    Try loading font information for U+msa on input line 134.

(/usr/share/texlive/texmf-dist/tex/latex/amsfonts/umsa.fd
File: umsa.fd 2013/01/14 v3.01 AMS symbols A
)
LaTeX Font Info:    Try loading font information for U+msb on input line 134.

(/usr/share/texlive/texmf-dist/tex/latex/amsfonts/umsb.fd
File: umsb.fd 2013/01/14 v3.01 AMS symbols B
)
LaTeX Font Info:    Try loading font information for U+lasy on input line 134.

(/usr/share/texlive/texmf-dist/tex/latex/base/ulasy.fd
File: ulasy.fd 1998/08/17 v2.2e LaTeX symbol font definitions
)
LaTeX Font Info:    Try loading font information for TS1+ptm on input line 134.


(/usr/share/texlive/texmf-dist/tex/latex/psnfss/ts1ptm.fd
File: ts1ptm.fd 2001/06/04 font definitions for TS1/ptm.
)
LaTeX Font Info:    Font shape `OML/mdbch/m/n' will be
(Font)              scaled to size 8.64006pt on input line 134.
LaTeX Font Info:    Font shape `OML/mdbch/m/n' will be
(Font)              scaled to size 5.76004pt on input line 134.
 (./abstract.tex
LaTeX Font Info:    Try loading font information for U+mvs on input line 11.

(/usr/share/texlive/texmf-dist/tex/latex/marvosym/umvs.fd)
Overfull \hbox (3.5774pt too wide) in paragraph at lines 3--17
\T1/ptm/m/n/10 pa-per in-ves-ti-gates if ad-min-is-tra-tors can take con-trol o
f a VM's
 []

) Excluding 'CCSXML' comment.
LaTeX Font Info:    Font shape `T1/ptm/bx/n' in size <10> not available
(Font)              Font shape `T1/ptm/b/n' tried instead on input line 148.
 (./intro.tex
Overfull \hbox (6.18759pt too wide) in paragraph at lines 22--27
\T1/ptm/m/n/10 be achieved through novel TCP con-ges-tion con-trol al-go-rithms
.
 []


Underfull \vbox (badness 10000) has occurred while \output is active []

 [1{/var/lib/texmf/fonts/map/pdftex/updmap/pdftex.map}


]
Overfull \hbox (2.6881pt too wide) in paragraph at lines 41--50
\T1/ptm/m/n/10 nu-mer-ous chal-lenges, how-ever. First, in or-der to en-sure ad
op-
 []

LaTeX Font Info:    Try loading font information for T1+pcr on input line 56.
(/usr/share/texlive/texmf-dist/tex/latex/psnfss/t1pcr.fd
File: t1pcr.fd 2001/06/04 font definitions for T1/pcr.
)
Overfull \hbox (1.46793pt too wide) in paragraph at lines 59--68
[]\T1/ptm/m/n/10 Our scheme pro-vides the fol-low-ing ben-e-fits. First, AC[]DC

 []


Overfull \hbox (5.75806pt too wide) in paragraph at lines 68--70
[]\T1/ptm/m/n/10 The de-sign of a vSwitch-based con-ges-tion con-trol mech-
 []


Overfull \hbox (8.37732pt too wide) in paragraph at lines 72--75
\T1/ptm/m/n/10 TCP stack pro-vides nearly iden-ti-cal per-for-mance to when
 []


Overfull \hbox (1.68741pt too wide) in paragraph at lines 72--75
\T1/ptm/m/n/10 the host TCP stack varies but DCTCP's con-ges-tion con-
 []

) (./background.tex
Overfull \hbox (18.12752pt too wide) in paragraph at lines 3--7
\T1/ptm/m/n/10 con-ges-tion con-trol into the vSwitch is pre-sented. Fi-nally, 
AC[]DC
 []


Overfull \hbox (5.52835pt too wide) in paragraph at lines 10--29
\T1/ptm/m/n/10 rev-enue loss [[], []], and de-grade ap-pli-ca-tion per-for-manc
e [[],
 []


Package hyperref Warning: Token not allowed in a PDF string (PDFDocEncoding):
(hyperref)                removing `\char' on input line 42.


<figures/tput_fairness/default_5CC_tput_detail.pdf, id=121, 361.35pt x 289.08pt
>
File: figures/tput_fairness/default_5CC_tput_detail.pdf Graphic file (type pdf)

 <use figures/tput_fairness/default_5CC_tput_detail.pdf>
Package pdftex.def Info: figures/tput_fairness/default_5CC_tput_detail.pdf used
 on input line 58.
(pdftex.def)             Requested size: 113.40308pt x 90.72102pt.

<figures/tput_fairness/default_all_cubic_tput.pdf, id=122, 361.35pt x 289.08pt>
File: figures/tput_fairness/default_all_cubic_tput.pdf Graphic file (type pdf)
<use figures/tput_fairness/default_all_cubic_tput.pdf>
Package pdftex.def Info: figures/tput_fairness/default_all_cubic_tput.pdf used 
on input line 64.
(pdftex.def)             Requested size: 113.40308pt x 90.72102pt.
pdfTeX warning (ext4): destination with the same identifier (name{page.}) has b
een already used, duplicate ignored
<to be read again> 
                   \relax 
l.102 
       [2]
Overfull \hbox (1.5572pt too wide) in paragraph at lines 157--165
[]\T1/ptm/m/n/10 While AC[]DC en-forces con-ges-tion con-trol, trans-port layer

 []


Overfull \hbox (3.2668pt too wide) in paragraph at lines 157--165
\T1/ptm/m/n/10 schemes share high-level ar-chi-tec-tural sim-i-lar-i-ties to AC
[]DC.
 []


<figures/motivation/motivation_2Gbps_cubic_rl_dctcp_sockperf.pdf, id=175, 361.3
5pt x 216.81pt>
File: figures/motivation/motivation_2Gbps_cubic_rl_dctcp_sockperf.pdf Graphic f
ile (type pdf)

<use figures/motivation/motivation_2Gbps_cubic_rl_dctcp_sockperf.pdf>
Package pdftex.def Info: figures/motivation/motivation_2Gbps_cubic_rl_dctcp_soc
kperf.pdf used on input line 203.
(pdftex.def)             Requested size: 226.79846pt x 136.07823pt.

Underfull \vbox (badness 5105) has occurred while \output is active []

pdfTeX warning (ext4): destination with the same identifier (name{page.}) has b
een already used, duplicate ignored
<to be read again> 
                   \relax 
l.225 
       [3 <./figures/tput_fairness/default_5CC_tput_detail.pdf> <./figures/tput
_fairness/default_all_cubic_tput.pdf

pdfTeX warning: pdflatex (file ./figures/tput_fairness/default_all_cubic_tput.p
df): PDF inclusion: multiple pdfs with page group included in a single page
> <./figures/motivation/motivation_2Gbps_cubic_rl_dctcp_sockperf.pdf

pdfTeX warning: pdflatex (file ./figures/motivation/motivation_2Gbps_cubic_rl_d
ctcp_sockperf.pdf): PDF inclusion: multiple pdfs with page group included in a 
single page
>]) (./design.tex <figures/acdc_highlevel.pdf, id=223, 506.89375pt x 289.08pt>
File: figures/acdc_highlevel.pdf Graphic file (type pdf)

<use figures/acdc_highlevel.pdf>
Package pdftex.def Info: figures/acdc_highlevel.pdf used on input line 5.
(pdftex.def)             Requested size: 226.79846pt x 129.33932pt.

<figures/tcp-state-new.pdf, id=224, 417.56pt x 176.66pt>
File: figures/tcp-state-new.pdf Graphic file (type pdf)

<use figures/tcp-state-new.pdf>
Package pdftex.def Info: figures/tcp-state-new.pdf used on input line 19.
(pdftex.def)             Requested size: 226.79846pt x 95.95566pt.

Overfull \hbox (9.6383pt too wide) in paragraph at lines 69--112
\T1/ptm/m/n/10 the AC[]DC mod-ules strip the \T1/pcr/m/n/10 congestion encounte
red
 []


Overfull \hbox (4.39793pt too wide) in paragraph at lines 113--127
\T1/ptm/m/n/10 ets ex-pe-ri-enc-ing con-ges-tion needs to be re-ported to the s
ender.
 []


Overfull \hbox (1.85753pt too wide) in paragraph at lines 113--127
\T1/ptm/m/n/10 Since the VM's TCP stack may not sup-port ECN, the AC[]DC
 []

pdfTeX warning (ext4): destination with the same identifier (name{page.}) has b
een already used, duplicate ignored
<to be read again> 
                   \relax 
l.134 
       [4 <./figures/acdc_highlevel.pdf> <./figures/tcp-state-new.pdf>]
<figures/acdc_cc.pdf, id=279, 603.25375pt x 470.75874pt>
File: figures/acdc_cc.pdf Graphic file (type pdf)

<use figures/acdc_cc.pdf>
Package pdftex.def Info: figures/acdc_cc.pdf used on input line 174.
(pdftex.def)             Requested size: 246.96277pt x 192.71782pt.

Overfull \hbox (6.96277pt too wide) in paragraph at lines 174--175
 [][] 
 []


Overfull \hbox (4.37785pt too wide) in paragraph at lines 178--190
\T1/ptm/m/n/10 FACKs and PACKs. Con-nec-tion track-ing vari-ables (de-scribed
 []


<figures/new_enforce/new_tput_cwnd_rwnd_cubic_15k.pdf, id=294, 361.35pt x 289.0
8pt>
File: figures/new_enforce/new_tput_cwnd_rwnd_cubic_15k.pdf Graphic file (type p
df)
 <use figures/new_enforce/new_tput_cwnd_rwnd_cubic_15k.pdf>
Package pdftex.def Info: figures/new_enforce/new_tput_cwnd_rwnd_cubic_15k.pdf u
sed on input line 317.
(pdftex.def)             Requested size: 113.40308pt x 90.72102pt.

<figures/new_enforce/new_tput_cwnd_rwnd_cubic_9k.pdf, id=295, 361.35pt x 289.08
pt>
File: figures/new_enforce/new_tput_cwnd_rwnd_cubic_9k.pdf Graphic file (type pd
f)
 <use figures/new_enforce/new_tput_cwnd_rwnd_cubic_9k.pdf>
Package pdftex.def Info: figures/new_enforce/new_tput_cwnd_rwnd_cubic_9k.pdf us
ed on input line 323.
(pdftex.def)             Requested size: 113.40308pt x 90.72102pt.
pdfTeX warning (ext4): destination with the same identifier (name{page.}) has b
een already used, duplicate ignored
<to be read again> 
                   \relax 
l.340 
       [5 <./figures/acdc_cc.pdf>]) (./impl.tex
Overfull \hbox (3.78783pt too wide) in paragraph at lines 32--33
[]\T1/ptm/m/n/10 Putting it to-gether, the high-level op-er-a-tion on a data pa
cket
 []


Overfull \hbox (4.38689pt too wide) in paragraph at lines 32--33
\T1/ptm/m/n/10 packet up the stack. Since TCP con-nec-tions are bi-directional,

 []


Overfull \hbox (5.89821pt too wide) in paragraph at lines 45--48
[]\T1/ptm/m/n/10 Our ex-per-i-ments in [][]5.1[][] show the CPU over-head of A
C[]DC
 []

) (./results.tex
Overfull \hbox (3.70786pt too wide) in paragraph at lines 8--15
\T1/ptm/b/n/10 Testbed  \T1/ptm/m/n/10 The ex-per-i-ments are con-ducted on a p
hys-i-cal testbed
 []


Overfull \hbox (2.3995pt too wide) in paragraph at lines 16--25
\T1/ptm/m/n/10 ms [[], []] and set \T1/pcr/m/n/10 tcp_no_metrics_save\T1/ptm/m/
n/10 , \T1/pcr/m/n/10 tcp_sack
 []


Underfull \vbox (badness 1137) has occurred while \output is active []

pdfTeX warning (ext4): destination with the same identifier (name{page.}) has b
een already used, duplicate ignored
<to be read again> 
                   \relax 
l.25 
      [6 <./figures/new_enforce/new_tput_cwnd_rwnd_cubic_15k.pdf> <./figures/ne
w_enforce/new_tput_cwnd_rwnd_cubic_9k.pdf

pdfTeX warning: pdflatex (file ./figures/new_enforce/new_tput_cwnd_rwnd_cubic_9
k.pdf): PDF inclusion: multiple pdfs with page group included in a single page
>]
Overfull \hbox (11.50671pt too wide) in paragraph at lines 38--45
[]\T1/ptm/m/n/10 The met-rics used are: TCP RTT (mea-sured by sock-perf [[]]),
 []

(./microbenchmarks.tex
<figures/dumbbell_topology.pdf, id=383, 640.3925pt x 340.27126pt>
File: figures/dumbbell_topology.pdf Graphic file (type pdf)

<use figures/dumbbell_topology.pdf>
Package pdftex.def Info: figures/dumbbell_topology.pdf used on input line 7.
(pdftex.def)             Requested size: 176.39923pt x 93.72804pt.

<figures/parkinglot_topology.pdf, id=384, 528.97626pt x 247.92625pt>
File: figures/parkinglot_topology.pdf Graphic file (type pdf)

<use figures/parkinglot_topology.pdf>
Package pdftex.def Info: figures/parkinglot_topology.pdf used on input line 13.

(pdftex.def)             Requested size: 176.39923pt x 82.67467pt.

Overfull \hbox (12.0pt too wide) in paragraph at lines 5--17
 [][] 
 []


Overfull \hbox (12.0pt too wide) in paragraph at lines 5--17
 [] 
 []


<figures/convergence/flowcontrolOFF_sockperf/convergence_test_sockperf.pdf, id=
385, 361.35pt x 216.81pt>
File: figures/convergence/flowcontrolOFF_sockperf/convergence_test_sockperf.pdf
 Graphic file (type pdf)

<use figures/convergence/flowcontrolOFF_sockperf/convergence_test_sockperf.pdf>
Package pdftex.def Info: figures/convergence/flowcontrolOFF_sockperf/convergenc
e_test_sockperf.pdf used on input line 25.
(pdftex.def)             Requested size: 226.79846pt x 136.07823pt.

Underfull \vbox (badness 6510) has occurred while \output is active []


<figures/cwnd_rwnd/newpara_refine/mtu1500_5flows_1/measure_cwnd_rwnd_gap_15k_5f
lows_0sec_100msec.pdf, id=390, 361.35pt x 216.81pt>
File: figures/cwnd_rwnd/newpara_refine/mtu1500_5flows_1/measure_cwnd_rwnd_gap_1
5k_5flows_0sec_100msec.pdf Graphic file (type pdf)

<use figures/cwnd_rwnd/newpara_refine/mtu1500_5flows_1/measure_cwnd_rwnd_gap_15
k_5flows_0sec_100msec.pdf>
Package pdftex.def Info: figures/cwnd_rwnd/newpara_refine/mtu1500_5flows_1/meas
ure_cwnd_rwnd_gap_15k_5flows_0sec_100msec.pdf used on input line 61.
(pdftex.def)             Requested size: 113.40308pt x 68.04077pt.

<figures/cwnd_rwnd/moving-ave/measure_cwnd_rwnd_gap_15k_5flows_ave100.pdf, id=3
91, 361.35pt x 216.81pt>
File: figures/cwnd_rwnd/moving-ave/measure_cwnd_rwnd_gap_15k_5flows_ave100.pdf 
Graphic file (type pdf)

<use figures/cwnd_rwnd/moving-ave/measure_cwnd_rwnd_gap_15k_5flows_ave100.pdf>
Package pdftex.def Info: figures/cwnd_rwnd/moving-ave/measure_cwnd_rwnd_gap_15k
_5flows_ave100.pdf used on input line 67.
(pdftex.def)             Requested size: 113.40308pt x 68.04077pt.

<figures/cwnd_rwnd2/mtu1500_cubic/cubic_measure_cwnd_rwnd_gap_15k_5flows_0sec_1
00msec.pdf, id=392, 361.35pt x 216.81pt>
File: figures/cwnd_rwnd2/mtu1500_cubic/cubic_measure_cwnd_rwnd_gap_15k_5flows_0
sec_100msec.pdf Graphic file (type pdf)

<use figures/cwnd_rwnd2/mtu1500_cubic/cubic_measure_cwnd_rwnd_gap_15k_5flows_0s
ec_100msec.pdf>
Package pdftex.def Info: figures/cwnd_rwnd2/mtu1500_cubic/cubic_measure_cwnd_rw
nd_gap_15k_5flows_0sec_100msec.pdf used on input line 83.
(pdftex.def)             Requested size: 113.40308pt x 68.04077pt.

<figures/cwnd_rwnd2/mtu1500_cubic/cubic_measure_cwnd_rwnd_gap_15k_5flows_2sec_1
00msec.pdf, id=393, 361.35pt x 216.81pt>
File: figures/cwnd_rwnd2/mtu1500_cubic/cubic_measure_cwnd_rwnd_gap_15k_5flows_2
sec_100msec.pdf Graphic file (type pdf)

<use figures/cwnd_rwnd2/mtu1500_cubic/cubic_measure_cwnd_rwnd_gap_15k_5flows_2s
ec_100msec.pdf>
Package pdftex.def Info: figures/cwnd_rwnd2/mtu1500_cubic/cubic_measure_cwnd_rw
nd_gap_15k_5flows_2sec_100msec.pdf used on input line 89.
(pdftex.def)             Requested size: 113.40308pt x 68.04077pt.

<figures/overhead/sender_15k_compare_cpu_witherrbar.pdf, id=394, 361.35pt x 216
.81pt>
File: figures/overhead/sender_15k_compare_cpu_witherrbar.pdf Graphic file (type
 pdf)
 <use figures/overhead/sender_15k_compare_cpu_witherrbar.pdf>
Package pdftex.def Info: figures/overhead/sender_15k_compare_cpu_witherrbar.pdf
 used on input line 111.
(pdftex.def)             Requested size: 226.79846pt x 136.07823pt.

<figures/overhead/receiver_15k_compare_cpu_witherrbar.pdf, id=395, 361.35pt x 2
16.81pt>
File: figures/overhead/receiver_15k_compare_cpu_witherrbar.pdf Graphic file (ty
pe pdf)
 <use figures/overhead/receiver_15k_compare_cpu_witherrbar.pdf>
Package pdftex.def Info: figures/overhead/receiver_15k_compare_cpu_witherrbar.p
df used on input line 118.
(pdftex.def)             Requested size: 226.79846pt x 136.07823pt.

<figures/qos/qos_stacked.pdf, id=396, 361.35pt x 216.81pt>
File: figures/qos/qos_stacked.pdf Graphic file (type pdf)

<use figures/qos/qos_stacked.pdf>
Package pdftex.def Info: figures/qos/qos_stacked.pdf used on input line 126.
(pdftex.def)             Requested size: 226.79846pt x 136.07823pt.
pdfTeX warning (ext4): destination with the same identifier (name{page.}) has b
een already used, duplicate ignored
<to be read again> 
                   \relax 
l.141 
       [7 <./figures/dumbbell_topology.pdf> <./figures/parkinglot_topology.pdf>
 <./figures/convergence/flowcontrolOFF_sockperf/convergence_test_sockperf.pdf> 
<./figures/cwnd_rwnd/newpara_refine/mtu1500_5flows_1/measure_cwnd_rwnd_gap_15k_
5flows_0sec_100msec.pdf

pdfTeX warning: pdflatex (file ./figures/cwnd_rwnd/newpara_refine/mtu1500_5flow
s_1/measure_cwnd_rwnd_gap_15k_5flows_0sec_100msec.pdf): PDF inclusion: multiple
 pdfs with page group included in a single page
> <./figures/cwnd_rwnd/moving-ave/measure_cwnd_rwnd_gap_15k_5flows_ave100.pdf

pdfTeX warning: pdflatex (file ./figures/cwnd_rwnd/moving-ave/measure_cwnd_rwnd
_gap_15k_5flows_ave100.pdf): PDF inclusion: multiple pdfs with page group inclu
ded in a single page
> <./figures/cwnd_rwnd2/mtu1500_cubic/cubic_measure_cwnd_rwnd_gap_15k_5flows_0s
ec_100msec.pdf

pdfTeX warning: pdflatex (file ./figures/cwnd_rwnd2/mtu1500_cubic/cubic_measure
_cwnd_rwnd_gap_15k_5flows_0sec_100msec.pdf): PDF inclusion: multiple pdfs with 
page group included in a single page
> <./figures/cwnd_rwnd2/mtu1500_cubic/cubic_measure_cwnd_rwnd_gap_15k_5flows_2s
ec_100msec.pdf

pdfTeX warning: pdflatex (file ./figures/cwnd_rwnd2/mtu1500_cubic/cubic_measure
_cwnd_rwnd_gap_15k_5flows_2sec_100msec.pdf): PDF inclusion: multiple pdfs with 
page group included in a single page
>]
Overfull \hbox (8.5571pt too wide) in paragraph at lines 142--152
\T1/ptm/m/n/10 is still 1.5KB), but set the host TCP stack to CU-BIC. The \T1/p
cr/m/n/10 RWND
 []


Overfull \hbox (3.39714pt too wide) in paragraph at lines 142--152
\T1/ptm/m/n/10 com-puted by AC[]DC is both writ-ten into the ACK and logged
 []


Overfull \hbox (8.3485pt too wide) in paragraph at lines 142--152
\T1/ptm/m/n/10 to a file. We again use \T1/pcr/m/n/10 tcpprobe \T1/ptm/m/n/10 t
o mea-sure CU-BIC's \T1/pcr/m/n/10 CWND\T1/ptm/m/n/10 .
 []


Overfull \hbox (3.32588pt too wide) in paragraph at lines 193--217
 [] 
 []


<figures/convergence/flowcontrolOFF/tcp_flowcontrolOFF_convergence.pdf, id=567,
 361.35pt x 289.08pt>
File: figures/convergence/flowcontrolOFF/tcp_flowcontrolOFF_convergence.pdf Gra
phic file (type pdf)

<use figures/convergence/flowcontrolOFF/tcp_flowcontrolOFF_convergence.pdf>
Package pdftex.def Info: figures/convergence/flowcontrolOFF/tcp_flowcontrolOFF_
convergence.pdf used on input line 227.
(pdftex.def)             Requested size: 166.32092pt x 133.0578pt.

<figures/convergence/flowcontrolOFF/dctcp_flowcontrolOFF_convergence.pdf, id=56
8, 361.35pt x 289.08pt>
File: figures/convergence/flowcontrolOFF/dctcp_flowcontrolOFF_convergence.pdf G
raphic file (type pdf)

<use figures/convergence/flowcontrolOFF/dctcp_flowcontrolOFF_convergence.pdf>
Package pdftex.def Info: figures/convergence/flowcontrolOFF/dctcp_flowcontrolOF
F_convergence.pdf used on input line 233.
(pdftex.def)             Requested size: 166.32092pt x 133.0578pt.

<figures/convergence/flowcontrolOFF/ovsdctcp_flowcontrolOFF_convergence.pdf, id
=569, 361.35pt x 289.08pt>
File: figures/convergence/flowcontrolOFF/ovsdctcp_flowcontrolOFF_convergence.pd
f Graphic file (type pdf)

<use figures/convergence/flowcontrolOFF/ovsdctcp_flowcontrolOFF_convergence.pdf
>
Package pdftex.def Info: figures/convergence/flowcontrolOFF/ovsdctcp_flowcontro
lOFF_convergence.pdf used on input line 239.
(pdftex.def)             Requested size: 166.32092pt x 133.0578pt.

<figures/micro2flows/coexitence/cubic_dctcp_coexistence_official.pdf, id=574, 3
61.35pt x 289.08pt>
File: figures/micro2flows/coexitence/cubic_dctcp_coexistence_official.pdf Graph
ic file (type pdf)

<use figures/micro2flows/coexitence/cubic_dctcp_coexistence_official.pdf>
Package pdftex.def Info: figures/micro2flows/coexitence/cubic_dctcp_coexistence
_official.pdf used on input line 280.
(pdftex.def)             Requested size: 113.40308pt x 90.72102pt.

<figures/micro2flows/coexitence/cubic_dctcp_coexistence_acdctcp.pdf, id=575, 36
1.35pt x 289.08pt>
File: figures/micro2flows/coexitence/cubic_dctcp_coexistence_acdctcp.pdf Graphi
c file (type pdf)

<use figures/micro2flows/coexitence/cubic_dctcp_coexistence_acdctcp.pdf>
Package pdftex.def Info: figures/micro2flows/coexitence/cubic_dctcp_coexistence
_acdctcp.pdf used on input line 286.
(pdftex.def)             Requested size: 113.40308pt x 90.72102pt.

<figures/micro2flows/coexitence/sockperf_and_droprate/coexistence_sockperf.pdf,
 id=576, 361.35pt x 216.81pt>
File: figures/micro2flows/coexitence/sockperf_and_droprate/coexistence_sockperf
.pdf Graphic file (type pdf)

<use figures/micro2flows/coexitence/sockperf_and_droprate/coexistence_sockperf.
pdf>
Package pdftex.def Info: figures/micro2flows/coexitence/sockperf_and_droprate/c
oexistence_sockperf.pdf used on input line 297.
(pdftex.def)             Requested size: 226.79846pt x 136.07823pt.

<figures/tput_fairness/ecn_all_dctcp_tput.pdf, id=577, 361.35pt x 289.08pt>
File: figures/tput_fairness/ecn_all_dctcp_tput.pdf Graphic file (type pdf)

<use figures/tput_fairness/ecn_all_dctcp_tput.pdf>
Package pdftex.def Info: figures/tput_fairness/ecn_all_dctcp_tput.pdf used on i
nput line 318.
(pdftex.def)             Requested size: 113.40308pt x 90.72102pt.

<figures/tput_fairness/liquid_5CC_tput.pdf, id=578, 361.35pt x 289.08pt>
File: figures/tput_fairness/liquid_5CC_tput.pdf Graphic file (type pdf)

<use figures/tput_fairness/liquid_5CC_tput.pdf>
Package pdftex.def Info: figures/tput_fairness/liquid_5CC_tput.pdf used on inpu
t line 324.
(pdftex.def)             Requested size: 113.40308pt x 90.72102pt.

Overfull \hbox (11.14754pt too wide) in paragraph at lines 333--348
\T1/ptm/m/n/10 fair al-lo-ca-tions. Fig-ures [][]14b[][] and [][]14c[][] show D
CTCP and AC[]DC
 []


Overfull \hbox (8.46823pt too wide) in paragraph at lines 333--348
\T1/ptm/m/n/10 ior. CU-BIC's drop rate is 0.17% while DCTCP's and AC[]DC's
 []


Underfull \vbox (badness 10000) has occurred while \output is active []

pdfTeX warning (ext4): destination with the same identifier (name{page.}) has b
een already used, duplicate ignored
<to be read again> 
                   \relax 
l.348 
       [8 <./figures/overhead/sender_15k_compare_cpu_witherrbar.pdf> <./figures
/overhead/receiver_15k_compare_cpu_witherrbar.pdf

pdfTeX warning: pdflatex (file ./figures/overhead/receiver_15k_compare_cpu_with
errbar.pdf): PDF inclusion: multiple pdfs with page group included in a single 
page
> <./figures/qos/qos_stacked.pdf

pdfTeX warning: pdflatex (file ./figures/qos/qos_stacked.pdf): PDF inclusion: m
ultiple pdfs with page group included in a single page
>]
Underfull \vbox (badness 7740) has occurred while \output is active []

pdfTeX warning (ext4): destination with the same identifier (name{page.}) has b
een already used, duplicate ignored
<to be read again> 
                   \relax 
l.372 
       [9 <./figures/convergence/flowcontrolOFF/tcp_flowcontrolOFF_convergence.
pdf> <./figures/convergence/flowcontrolOFF/dctcp_flowcontrolOFF_convergence.pdf


pdfTeX warning: pdflatex (file ./figures/convergence/flowcontrolOFF/dctcp_flowc
ontrolOFF_convergence.pdf): PDF inclusion: multiple pdfs with page group includ
ed in a single page
> <./figures/convergence/flowcontrolOFF/ovsdctcp_flowcontrolOFF_convergence.pdf


pdfTeX warning: pdflatex (file ./figures/convergence/flowcontrolOFF/ovsdctcp_fl
owcontrolOFF_convergence.pdf): PDF inclusion: multiple pdfs with page group inc
luded in a single page
> <./figures/micro2flows/coexitence/cubic_dctcp_coexistence_official.pdf

pdfTeX warning: pdflatex (file ./figures/micro2flows/coexitence/cubic_dctcp_coe
xistence_official.pdf): PDF inclusion: multiple pdfs with page group included i
n a single page
> <./figures/micro2flows/coexitence/cubic_dctcp_coexistence_acdctcp.pdf

pdfTeX warning: pdflatex (file ./figures/micro2flows/coexitence/cubic_dctcp_coe
xistence_acdctcp.pdf): PDF inclusion: multiple pdfs with page group included in
 a single page
> <./figures/micro2flows/coexitence/sockperf_and_droprate/coexistence_sockperf.
pdf

pdfTeX warning: pdflatex (file ./figures/micro2flows/coexitence/sockperf_and_dr
oprate/coexistence_sockperf.pdf): PDF inclusion: multiple pdfs with page group 
included in a single page
>]) (./macrobenchmarks.tex
<figures/incast/plots9k/incast_tput_vary_sender.pdf, id=976, 361.35pt x 289.08p
t>
File: figures/incast/plots9k/incast_tput_vary_sender.pdf Graphic file (type pdf
)
 <use figures/incast/plots9k/incast_tput_vary_sender.pdf>
Package pdftex.def Info: figures/incast/plots9k/incast_tput_vary_sender.pdf use
d on input line 9.
(pdftex.def)             Requested size: 113.40308pt x 90.72102pt.

<figures/incast/plots9k/incast_fairness_vary_sender.pdf, id=977, 361.35pt x 289
.08pt>
File: figures/incast/plots9k/incast_fairness_vary_sender.pdf Graphic file (type
 pdf)
 <use figures/incast/plots9k/incast_fairness_vary_sender.pdf>
Package pdftex.def Info: figures/incast/plots9k/incast_fairness_vary_sender.pdf
 used on input line 15.
(pdftex.def)             Requested size: 113.40308pt x 90.72102pt.

<figures/incast/plots9k/incast_sockperf50th_vary_sender.pdf, id=978, 361.35pt x
 289.08pt>
File: figures/incast/plots9k/incast_sockperf50th_vary_sender.pdf Graphic file (
type pdf)
 <use figures/incast/plots9k/incast_sockperf50th_vary_sender.pdf>
Package pdftex.def Info: figures/incast/plots9k/incast_sockperf50th_vary_sender
.pdf used on input line 27.
(pdftex.def)             Requested size: 166.32092pt x 133.0578pt.

<figures/incast/plots9k/incast_sockperf999th_vary_sender.pdf, id=979, 361.35pt 
x 289.08pt>
File: figures/incast/plots9k/incast_sockperf999th_vary_sender.pdf Graphic file 
(type pdf)
 <use figures/incast/plots9k/incast_sockperf999th_vary_sender.pdf>
Package pdftex.def Info: figures/incast/plots9k/incast_sockperf999th_vary_sende
r.pdf used on input line 33.
(pdftex.def)             Requested size: 166.32092pt x 133.0578pt.

<figures/incast/plots9k/incast_droprate_vary_sender.pdf, id=980, 361.35pt x 289
.08pt>
File: figures/incast/plots9k/incast_droprate_vary_sender.pdf Graphic file (type
 pdf)
 <use figures/incast/plots9k/incast_droprate_vary_sender.pdf>
Package pdftex.def Info: figures/incast/plots9k/incast_droprate_vary_sender.pdf
 used on input line 39.
(pdftex.def)             Requested size: 166.32092pt x 133.0578pt.

<figures/incast/pressure/incast_pressure_compare_sockperf.pdf, id=981, 361.35pt
 x 216.81pt>
File: figures/incast/pressure/incast_pressure_compare_sockperf.pdf Graphic file
 (type pdf)

<use figures/incast/pressure/incast_pressure_compare_sockperf.pdf>
Package pdftex.def Info: figures/incast/pressure/incast_pressure_compare_sockpe
rf.pdf used on input line 50.
(pdftex.def)             Requested size: 226.79846pt x 136.07823pt.

<figures/macro_benchmarks/macro_4stride/stride4_mice16KB_fct.pdf, id=988, 361.3
5pt x 216.81pt>
File: figures/macro_benchmarks/macro_4stride/stride4_mice16KB_fct.pdf Graphic f
ile (type pdf)

<use figures/macro_benchmarks/macro_4stride/stride4_mice16KB_fct.pdf>
Package pdftex.def Info: figures/macro_benchmarks/macro_4stride/stride4_mice16K
B_fct.pdf used on input line 162.
(pdftex.def)             Requested size: 226.79846pt x 136.07823pt.

<figures/macro_benchmarks/macro_4stride/stride4_big512MB_fct.pdf, id=989, 361.3
5pt x 216.81pt>
File: figures/macro_benchmarks/macro_4stride/stride4_big512MB_fct.pdf Graphic f
ile (type pdf)

<use figures/macro_benchmarks/macro_4stride/stride4_big512MB_fct.pdf>
Package pdftex.def Info: figures/macro_benchmarks/macro_4stride/stride4_big512M
B_fct.pdf used on input line 168.
(pdftex.def)             Requested size: 226.79846pt x 136.07823pt.

<figures/macro_benchmarks/shuffle_17hosts/shuffle_mice16KB_fct.pdf, id=990, 361
.35pt x 216.81pt>
File: figures/macro_benchmarks/shuffle_17hosts/shuffle_mice16KB_fct.pdf Graphic
 file (type pdf)

<use figures/macro_benchmarks/shuffle_17hosts/shuffle_mice16KB_fct.pdf>
Package pdftex.def Info: figures/macro_benchmarks/shuffle_17hosts/shuffle_mice1
6KB_fct.pdf used on input line 180.
(pdftex.def)             Requested size: 226.79846pt x 136.07823pt.

<figures/macro_benchmarks/shuffle_17hosts/shuffle_big512MB_fct.pdf, id=991, 361
.35pt x 216.81pt>
File: figures/macro_benchmarks/shuffle_17hosts/shuffle_big512MB_fct.pdf Graphic
 file (type pdf)

<use figures/macro_benchmarks/shuffle_17hosts/shuffle_big512MB_fct.pdf>
Package pdftex.def Info: figures/macro_benchmarks/shuffle_17hosts/shuffle_big51
2MB_fct.pdf used on input line 186.
(pdftex.def)             Requested size: 226.79846pt x 136.07823pt.

<figures/macro_benchmarks/trace-driven/trace_driven_workload_dctcp_senders5_10p
oints.pdf, id=992, 361.35pt x 216.81pt>
File: figures/macro_benchmarks/trace-driven/trace_driven_workload_dctcp_senders
5_10points.pdf Graphic file (type pdf)

<use figures/macro_benchmarks/trace-driven/trace_driven_workload_dctcp_senders5
_10points.pdf>
Package pdftex.def Info: figures/macro_benchmarks/trace-driven/trace_driven_wor
kload_dctcp_senders5_10points.pdf used on input line 198.
(pdftex.def)             Requested size: 226.79846pt x 136.07823pt.

<figures/macro_benchmarks/trace-driven/trace_driven_workload_conga_senders5_10p
oints.pdf, id=993, 361.35pt x 216.81pt>
File: figures/macro_benchmarks/trace-driven/trace_driven_workload_conga_senders
5_10points.pdf Graphic file (type pdf)

<use figures/macro_benchmarks/trace-driven/trace_driven_workload_conga_senders5
_10points.pdf>
Package pdftex.def Info: figures/macro_benchmarks/trace-driven/trace_driven_wor
kload_conga_senders5_10points.pdf used on input line 204.
(pdftex.def)             Requested size: 226.79846pt x 136.07823pt.

Overfull \hbox (4.00784pt too wide) in paragraph at lines 212--225
\T1/ptm/b/n/10 Concurrent stride work-load  \T1/ptm/m/n/10 In con-cur-rent stri
de, 17 servers
 []


Underfull \vbox (badness 10000) has occurred while \output is active []

pdfTeX warning (ext4): destination with the same identifier (name{page.}) has b
een already used, duplicate ignored
<to be read again> 
                   \relax 
l.240 
       [10 <./figures/tput_fairness/ecn_all_dctcp_tput.pdf> <./figures/tput_fai
rness/liquid_5CC_tput.pdf

pdfTeX warning: pdflatex (file ./figures/tput_fairness/liquid_5CC_tput.pdf): PD
F inclusion: multiple pdfs with page group included in a single page
> <./figures/incast/plots9k/incast_tput_vary_sender.pdf

pdfTeX warning: pdflatex (file ./figures/incast/plots9k/incast_tput_vary_sender
.pdf): PDF inclusion: multiple pdfs with page group included in a single page
> <./figures/incast/plots9k/incast_fairness_vary_sender.pdf

pdfTeX warning: pdflatex (file ./figures/incast/plots9k/incast_fairness_vary_se
nder.pdf): PDF inclusion: multiple pdfs with page group included in a single pa
ge
> <./figures/incast/pressure/incast_pressure_compare_sockperf.pdf

pdfTeX warning: pdflatex (file ./figures/incast/pressure/incast_pressure_compar
e_sockperf.pdf): PDF inclusion: multiple pdfs with page group included in a sin
gle page
>]
Underfull \vbox (badness 10000) has occurred while \output is active []

))
(./related.tex
Overfull \hbox (10.36765pt too wide) in paragraph at lines 259--1
\T1/ptm/m/n/10 con-trol can be ac-cu-rately im-ple-mented in the vSwitch.  AC[]
DC
 []


Underfull \vbox (badness 10000) has occurred while \output is active []

pdfTeX warning (ext4): destination with the same identifier (name{page.}) has b
een already used, duplicate ignored
<to be read again> 
                   \relax 
l.1 \section
            {Related Work} [11 <./figures/incast/plots9k/incast_sockperf50th_va
ry_sender.pdf> <./figures/incast/plots9k/incast_sockperf999th_vary_sender.pdf

pdfTeX warning: pdflatex (file ./figures/incast/plots9k/incast_sockperf999th_va
ry_sender.pdf): PDF inclusion: multiple pdfs with page group included in a sing
le page
> <./figures/incast/plots9k/incast_droprate_vary_sender.pdf

pdfTeX warning: pdflatex (file ./figures/incast/plots9k/incast_droprate_vary_se
nder.pdf): PDF inclusion: multiple pdfs with page group included in a single pa
ge
> <./figures/macro_benchmarks/macro_4stride/stride4_mice16KB_fct.pdf

pdfTeX warning: pdflatex (file ./figures/macro_benchmarks/macro_4stride/stride4
_mice16KB_fct.pdf): PDF inclusion: multiple pdfs with page group included in a 
single page
> <./figures/macro_benchmarks/macro_4stride/stride4_big512MB_fct.pdf

pdfTeX warning: pdflatex (file ./figures/macro_benchmarks/macro_4stride/stride4
_big512MB_fct.pdf): PDF inclusion: multiple pdfs with page group included in a 
single page
> <./figures/macro_benchmarks/shuffle_17hosts/shuffle_mice16KB_fct.pdf

pdfTeX warning: pdflatex (file ./figures/macro_benchmarks/shuffle_17hosts/shuff
le_mice16KB_fct.pdf): PDF inclusion: multiple pdfs with page group included in 
a single page
> <./figures/macro_benchmarks/shuffle_17hosts/shuffle_big512MB_fct.pdf

pdfTeX warning: pdflatex (file ./figures/macro_benchmarks/shuffle_17hosts/shuff
le_big512MB_fct.pdf): PDF inclusion: multiple pdfs with page group included in 
a single page
>]
Overfull \hbox (8.49791pt too wide) in paragraph at lines 26--40
\T1/ptm/m/n/10 through congestion-based edge-to-edge tun-nels. Net-Share [[]]
 []


Overfull \hbox (4.30835pt too wide) in paragraph at lines 65--70
\T1/ptm/m/n/10 end-to-end pro-to-col per-for-mance via a mid-dle-box or proxy [
[],
 []

) (./conclusion.tex
Overfull \hbox (7.12817pt too wide) in paragraph at lines 71--1
\T1/ptm/m/n/10 vides an in-depth de-sign and thor-ough eval-u-a-tion of a DCTCP
-
 []


Underfull \vbox (badness 10000) has occurred while \output is active []

pdfTeX warning (ext4): destination with the same identifier (name{page.}) has b
een already used, duplicate ignored
<to be read again> 
                   \relax 
l.1 \section
            {Conclusion} [12 <./figures/macro_benchmarks/trace-driven/trace_dri
ven_workload_dctcp_senders5_10points.pdf> <./figures/macro_benchmarks/trace-dri
ven/trace_driven_workload_conga_senders5_10points.pdf

pdfTeX warning: pdflatex (file ./figures/macro_benchmarks/trace-driven/trace_dr
iven_workload_conga_senders5_10points.pdf): PDF inclusion: multiple pdfs with p
age group included in a single page
>])
Overfull \hbox (6.4279pt too wide) in paragraph at lines 166--167
\T1/ptm/m/n/10 We would like to thank our shep-herd Vishal Misra, Jeff Rasley,
 []

(./paper.bblpdfTeX warning (ext4): destination with the same identifier (name{p
age.}) has been already used, duplicate ignored
<to be read again> 
                   \relax 
l.176 
       [13]
Underfull \vbox (badness 10000) has occurred while \output is active []

)

AED: lastpage setting LastPage

Overfull \vbox (1.27242pt too high) has occurred while \output is active []

pdfTeX warning (ext4): destination with the same identifier (name{page.}) has b
een already used, duplicate ignored
<to be read again> 
                   \relax 
l.177 \end{document}
                     [14]
Package atveryend Info: Empty hook `BeforeClearDocument' on input line 177.
Package atveryend Info: Empty hook `AfterLastShipout' on input line 177.
 (./paper.aux)
Package atveryend Info: Empty hook `AtVeryEndDocument' on input line 177.
Package atveryend Info: Executing hook `AtEndAfterFileList' on input line 177.
Package rerunfilecheck Info: File `paper.out' has not changed.
(rerunfilecheck)             Checksum: 2AC6CFBBD5D43630BF9AC65B3648D82F;984.
Package atveryend Info: Empty hook `AtVeryVeryEnd' on input line 177.
 )
(\end occurred inside a group at level 1)

### simple group (level 1) entered at line 19 ({)
### bottom level 
Here is how much of TeX's memory you used:
 19947 strings out of 493304
 351251 string characters out of 6139870
 471566 words of memory out of 5000000
 22829 multiletter control sequences out of 15000+600000
 64843 words of font info for 92 fonts, out of 8000000 for 9000
 959 hyphenation exceptions out of 8191
 53i,11n,92p,10492b,676s stack positions out of 5000i,500n,10000p,200000b,80000s
{/usr/share/texlive/texmf-dist/fonts/enc/dvips/ly1/texnansi.enc
}{/usr/share/texlive/texmf-dist/fonts/enc/dvips/base/8r.enc}</usr/share/texlive
/texmf-dist/fonts/type1/bitstrea/charter/bchr8a.pfb></usr/share/texlive/texmf-d
ist/fonts/type1/public/amsfonts/cm/cmr10.pfb></usr/share/texlive/texmf-dist/fon
ts/type1/public/amsfonts/cm/cmr7.pfb></usr/share/texlive/texmf-dist/fonts/type1
/public/amsfonts/cm/cmsy10.pfb></usr/share/texlive/texmf-dist/fonts/type1/publi
c/amsfonts/cm/cmsy7.pfb></usr/share/texlive/texmf-dist/fonts/type1/public/amsfo
nts/cm/cmtt10.pfb></usr/share/texlive/texmf-dist/fonts/type1/public/marvosym/ma
rvosym.pfb></usr/share/texlive/texmf-dist/fonts/type1/public/mathdesign/mdbch/m
d-chr7m.pfb></usr/share/texlive/texmf-dist/fonts/type1/urw/courier/ucrr8a.pfb><
/usr/share/texlive/texmf-dist/fonts/type1/urw/helvetic/uhvb8a.pfb></usr/share/t
exlive/texmf-dist/fonts/type1/urw/helvetic/uhvr8a.pfb></usr/share/texlive/texmf
-dist/fonts/type1/urw/times/utmb8a.pfb></usr/share/texlive/texmf-dist/fonts/typ
e1/urw/times/utmr8a.pfb></usr/share/texlive/texmf-dist/fonts/type1/urw/times/ut
mri8a.pfb>
Output written on paper.pdf (14 pages, 910012 bytes).
PDF statistics:
 1363 PDF objects out of 1440 (max. 8388607)
 1001 compressed objects within 11 object streams
 126 named destinations out of 1000 (max. 500000)
 319 words of extra memory for PDF output out of 10000 (max. 10000000)

