------------------------------------------------------------
Client connecting to 10.10.1.2, TCP port 5001
TCP window size: 85.0 KByte (default)
------------------------------------------------------------
[  3] local 10.10.1.1 port 48772 connected with 10.10.1.2 port 5001
[ ID] Interval       Transfer     Bandwidth
[  3]  0.0- 1.0 sec  14.6 MBytes   123 Mbits/sec
[  3]  1.0- 2.0 sec  16.0 MBytes   134 Mbits/sec
[  3]  2.0- 3.0 sec  13.2 MBytes   111 Mbits/sec
[  3]  3.0- 4.0 sec  15.8 MBytes   132 Mbits/sec
[  3]  4.0- 5.0 sec  21.4 MBytes   179 Mbits/sec
[  3]  5.0- 6.0 sec  23.8 MBytes   199 Mbits/sec
[  3]  6.0- 7.0 sec  14.8 MBytes   124 Mbits/sec
[  3]  7.0- 8.0 sec  15.0 MBytes   126 Mbits/sec
[  3]  8.0- 9.0 sec  15.1 MBytes   127 Mbits/sec
[  3]  9.0-10.0 sec  14.8 MBytes   124 Mbits/sec
[  3] 10.0-11.0 sec  14.2 MBytes   120 Mbits/sec
[  3] 11.0-12.0 sec  17.6 MBytes   148 Mbits/sec
[  3] 12.0-13.0 sec  14.2 MBytes   120 Mbits/sec
[  3] 13.0-14.0 sec  19.4 MBytes   163 Mbits/sec
[  3] 14.0-15.0 sec  15.0 MBytes   126 Mbits/sec
[  3] 15.0-16.0 sec  14.4 MBytes   121 Mbits/sec
[  3] 16.0-17.0 sec  14.9 MBytes   125 Mbits/sec
[  3] 17.0-18.0 sec  13.4 MBytes   112 Mbits/sec
[  3] 18.0-19.0 sec  19.0 MBytes   159 Mbits/sec
[  3] 19.0-20.0 sec  18.4 MBytes   154 Mbits/sec
[  3]  0.0-20.0 sec   325 MBytes   136 Mbits/sec
