------------------------------------------------------------
Client connecting to 10.10.1.2, TCP port 5001
TCP window size: 85.0 KByte (default)
------------------------------------------------------------
[  3] local 10.10.1.1 port 48770 connected with 10.10.1.2 port 5001
[ ID] Interval       Transfer     Bandwidth
[  3]  0.0- 1.0 sec  15.4 MBytes   129 Mbits/sec
[  3]  1.0- 2.0 sec  14.8 MBytes   124 Mbits/sec
[  3]  2.0- 3.0 sec  20.9 MBytes   175 Mbits/sec
[  3]  3.0- 4.0 sec  18.9 MBytes   158 Mbits/sec
[  3]  4.0- 5.0 sec  17.9 MBytes   150 Mbits/sec
[  3]  5.0- 6.0 sec  16.4 MBytes   137 Mbits/sec
[  3]  6.0- 7.0 sec  25.9 MBytes   217 Mbits/sec
[  3]  7.0- 8.0 sec  25.2 MBytes   212 Mbits/sec
[  3]  8.0- 9.0 sec  25.1 MBytes   211 Mbits/sec
[  3]  9.0-10.0 sec  17.4 MBytes   146 Mbits/sec
[  3] 10.0-11.0 sec  16.2 MBytes   136 Mbits/sec
[  3] 11.0-12.0 sec  12.6 MBytes   106 Mbits/sec
[  3] 12.0-13.0 sec  20.9 MBytes   175 Mbits/sec
[  3] 13.0-14.0 sec  21.0 MBytes   176 Mbits/sec
[  3] 14.0-15.0 sec  22.5 MBytes   189 Mbits/sec
[  3] 15.0-16.0 sec  22.9 MBytes   192 Mbits/sec
[  3] 16.0-17.0 sec  12.0 MBytes   101 Mbits/sec
[  3] 17.0-18.0 sec  21.9 MBytes   184 Mbits/sec
[  3] 18.0-19.0 sec  13.9 MBytes   116 Mbits/sec
[  3] 19.0-20.0 sec  21.9 MBytes   184 Mbits/sec
[  3]  0.0-20.0 sec   384 MBytes   161 Mbits/sec
