------------------------------
test was performed using the following parameters: --mps=100 --burst=1 --reply-every=1 --msg-size=14 --time=10
------------------------------
sockperf: [Total Run] RunTime=10.100 sec; SentMessages=1011; ReceivedMessages=1010
sockperf: ========= Printing statistics for Server No: 0
sockperf: [Valid Duration] RunTime=9.990 sec; SentMessages=1000; ReceivedMessages=1000
sockperf: [2;35m====> avg-lat= 65.187 (std-dev=13.980)[0m
sockperf: # dropped messages = 0; # duplicated messages = 0; # out-of-order messages = 0
sockperf: [2;35mTotal 1000 observations[0m; each percentile contains 10.00 observations
sockperf: ---> <MAX> observation =  124.848
sockperf: ---> percentile 99.999 =  124.848
sockperf: ---> percentile 99.990 =  124.848
sockperf: ---> percentile 99.900 =  122.668
sockperf: ---> percentile 99.000 =  109.915
sockperf: ---> percentile 90.000 =   87.712
sockperf: ---> percentile 75.000 =   70.036
sockperf: ---> percentile 50.000 =   60.513
sockperf: ---> percentile 25.000 =   55.847
sockperf: ---> <MIN> observation =   29.429
------------------------------
txTime, rxTime
2.064061061, 2.064186746
2.074061087, 2.074155355
2.084061054, 2.084191554
2.094061053, 2.094213276
2.104061099, 2.104233801
2.114061116, 2.114182630
2.124061067, 2.124161265
2.134061068, 2.134185808
2.144061065, 2.144194229
2.154061056, 2.154268733
2.164061109, 2.164141299
2.174061053, 2.174182944
2.184061058, 2.184186541
2.194061055, 2.194251780
2.204061085, 2.204306422
2.214061094, 2.214147064
2.224061086, 2.224196109
2.234061072, 2.234188019
2.244061069, 2.244184769
2.254061071, 2.254186565
2.264061063, 2.264173772
2.274061062, 2.274139826
2.284061059, 2.284141145
2.294061065, 2.294136700
2.304061051, 2.304179947
2.314061049, 2.314200387
2.324061089, 2.324170646
2.334061100, 2.334152529
2.344061076, 2.344152092
2.354061064, 2.354176278
2.364061075, 2.364180552
2.374061069, 2.374186051
2.384061053, 2.384171832
2.394061090, 2.394159493
2.404061088, 2.404187055
2.414061082, 2.414223142
2.424061103, 2.424207835
2.434061115, 2.434162407
2.444061072, 2.444145352
2.454061073, 2.454188409
2.464061065, 2.464191468
2.474061058, 2.474204968
2.484061058, 2.484177591
2.494061060, 2.494189788
2.504061052, 2.504177756
2.514061056, 2.514148400
2.524061048, 2.524205036
2.534061098, 2.534207550
2.544061082, 2.544224615
2.554061075, 2.554187762
2.564061067, 2.564157829
2.574061081, 2.574224115
2.584061063, 2.584174365
2.594061070, 2.594182758
2.604061062, 2.604180168
2.614061059, 2.614150815
2.624061058, 2.624186529
2.634061048, 2.634183093
2.644061052, 2.644172124
2.654061046, 2.654179979
2.664061047, 2.664185352
2.674061048, 2.674178486
2.684061043, 2.684207344
2.694061044, 2.694190575
2.704061042, 2.704188309
2.714061040, 2.714178189
2.724061041, 2.724177536
2.734061040, 2.734204097
2.744061093, 2.744192038
2.754061075, 2.754194114
2.764061074, 2.764236499
2.774061072, 2.774185644
2.784061060, 2.784182720
2.794061059, 2.794143312
2.804061065, 2.804143949
2.814061066, 2.814144537
2.824061066, 2.824189225
2.834061084, 2.834219539
2.844061048, 2.844145085
2.854061052, 2.854145140
2.864061056, 2.864132343
2.874061042, 2.874190231
2.884061049, 2.884178858
2.894061045, 2.894175388
2.904061043, 2.904181087
2.914061046, 2.914170882
2.924061043, 2.924180339
2.934061048, 2.934187953
2.944061085, 2.944168493
2.954061068, 2.954185500
2.964061071, 2.964179725
2.974061069, 2.974186551
2.984061064, 2.984193382
2.994061062, 2.994223436
3.004061071, 3.004153117
3.014061059, 3.014156415
3.024061064, 3.024144446
3.034061060, 3.034189987
3.044061060, 3.044180352
3.054061053, 3.054267515
3.064061044, 3.064143240
3.074061048, 3.074173917
3.084061047, 3.084183145
3.094061050, 3.094181621
3.104061044, 3.104245692
3.114064613, 3.114216995
3.124061050, 3.124200028
3.134061045, 3.134175617
3.144061038, 3.144192372
3.154061092, 3.154269472
3.164061083, 3.164216237
3.174061077, 3.174154167
3.184061069, 3.184168507
3.194061066, 3.194185270
3.204061063, 3.204185581
3.214061060, 3.214181820
3.224061062, 3.224181546
3.234061096, 3.234184043
3.244061057, 3.244152420
3.254061049, 3.254181441
3.264061050, 3.264189366
3.274061050, 3.274219987
3.284061065, 3.284119925
3.294061048, 3.294143272
3.304061043, 3.304171726
3.314061040, 3.314189411
3.324061046, 3.324192559
3.334061062, 3.334223286
3.344061049, 3.344189716
3.354061083, 3.354196318
3.364061078, 3.364188091
3.374061074, 3.374187357
3.384061062, 3.384178945
3.394061061, 3.394159282
3.404061056, 3.404154630
3.414061067, 3.414184818
3.424061063, 3.424183421
3.434061057, 3.434286568
3.444061106, 3.444242815
3.454061057, 3.454185385
3.464061048, 3.464173350
3.474061051, 3.474182018
3.484061050, 3.484149146
3.494061049, 3.494158061
3.504061045, 3.504157929
3.514061045, 3.514185970
3.524061041, 3.524178119
3.534061045, 3.534147759
3.544061058, 3.544140694
3.554061048, 3.554216810
3.564061104, 3.564233020
3.574061076, 3.574202178
3.584061078, 3.584224631
3.594065087, 3.594185118
3.604061064, 3.604179185
3.614061066, 3.614176727
3.624061065, 3.624179567
3.634061062, 3.634184407
3.644061067, 3.644198823
3.654061063, 3.654186208
3.664061049, 3.664176312
3.674061056, 3.674173953
3.684061054, 3.684182792
3.694061048, 3.694222356
3.704061048, 3.704170418
3.714061046, 3.714168271
3.724061048, 3.724179165
3.734061061, 3.734187921
3.744061045, 3.744223589
3.754061095, 3.754218744
3.764061092, 3.764198448
3.774061087, 3.774192033
3.784061080, 3.784201324
3.794061085, 3.794190470
3.804061069, 3.804178824
3.814061077, 3.814179592
3.824061058, 3.824175242
3.834061055, 3.834203281
3.844061057, 3.844174300
3.854061056, 3.854173755
3.864061062, 3.864193683
3.874061054, 3.874197536
3.884061062, 3.884179993
3.894061054, 3.894172005
3.904061052, 3.904172097
3.914061042, 3.914181111
3.924061049, 3.924195912
3.934061047, 3.934170228
3.944061044, 3.944174641
3.954061046, 3.954186122
3.964061045, 3.964196836
3.974061042, 3.974200417
3.984061082, 3.984218352
3.994061075, 3.994187178
4.004061075, 4.004208227
4.014061073, 4.014179147
4.024064681, 4.024195285
4.034061132, 4.034189717
4.044061080, 4.044184526
4.054061053, 4.054176077
4.064061062, 4.064176400
4.074061053, 4.074177362
4.084061057, 4.084182745
4.094061043, 4.094174229
4.104061048, 4.104211834
4.114061092, 4.114224077
4.124061044, 4.124246020
4.134061068, 4.134177428
4.144061042, 4.144178715
4.154061043, 4.154179813
4.164061042, 4.164183580
4.174061048, 4.174189816
4.184061043, 4.184203507
4.194061079, 4.194209572
4.204061070, 4.204208645
4.214061074, 4.214197514
4.224061066, 4.224201968
4.234061072, 4.234205335
4.244061058, 4.244174314
4.254061055, 4.254191514
4.264061061, 4.264174238
4.274061064, 4.274169667
4.284061059, 4.284181088
4.294061060, 4.294200631
4.304061051, 4.304180907
4.314061052, 4.314188441
4.324061058, 4.324175121
4.334061048, 4.334179696
4.344061044, 4.344245427
4.354061042, 4.354170441
4.364061046, 4.364173240
4.374061042, 4.374168415
4.384061041, 4.384206724
4.394061109, 4.394210933
4.404061095, 4.404197036
4.414061071, 4.414188981
4.424061080, 4.424204184
4.434061065, 4.434186184
4.444061065, 4.444180116
4.454061065, 4.454188433
4.464061057, 4.464194826
4.474061117, 4.474185541
4.484061076, 4.484190627
4.494061077, 4.494192229
4.504061070, 4.504200713
4.514061065, 4.514179722
4.524061064, 4.524182536
4.534061083, 4.534182457
4.544061059, 4.544177094
4.554061084, 4.554185255
4.564061049, 4.564172555
4.574061050, 4.574174631
4.584061058, 4.584194438
4.594061105, 4.594187524
4.604061097, 4.604180671
4.614061101, 4.614218118
4.624061102, 4.624188403
4.634061095, 4.634173117
4.644061071, 4.644176992
4.654061087, 4.654202755
4.664061155, 4.664171353
4.674061055, 4.674171911
4.684061079, 4.684189626
4.694061075, 4.694171400
4.704061073, 4.704180023
4.714061075, 4.714185528
4.724061076, 4.724178255
4.734061066, 4.734179535
4.744061066, 4.744169013
4.754061065, 4.754219634
4.764061108, 4.764171229
4.774061064, 4.774169211
4.784061069, 4.784170381
4.794061065, 4.794173682
4.804061066, 4.804170867
4.814061041, 4.814241389
4.824061062, 4.824200924
4.834061067, 4.834167856
4.844061065, 4.844171317
4.854061064, 4.854201113
4.864061085, 4.864187929
4.874061065, 4.874172369
4.884061073, 4.884188029
4.894061052, 4.894172909
4.904061146, 4.904195220
4.914061052, 4.914184647
4.924061075, 4.924229886
4.934061077, 4.934189115
4.944061071, 4.944185292
4.954061074, 4.954180277
4.964061063, 4.964171826
4.974061068, 4.974168222
4.984061064, 4.984203893
4.994061066, 4.994246111
5.004061061, 5.004229811
5.014061082, 5.014218908
5.024061084, 5.024205082
5.034061076, 5.034189714
5.044061076, 5.044204593
5.054061074, 5.054177325
5.064061068, 5.064174417
5.074061072, 5.074205179
5.084061053, 5.084193546
5.094061055, 5.094262991
5.104061089, 5.104272726
5.114061088, 5.114196704
5.124061076, 5.124179185
5.134061084, 5.134188479
5.144061060, 5.144180306
5.154061071, 5.154181242
5.164061062, 5.164234242
5.174061064, 5.174180655
5.184061066, 5.184184141
5.194061057, 5.194186341
5.204061052, 5.204206187
5.214061053, 5.214181550
5.224061049, 5.224193475
5.234061050, 5.234207537
5.244061088, 5.244199708
5.254061080, 5.254199856
5.264061074, 5.264185628
5.274061066, 5.274196990
5.284061061, 5.284183527
5.294061065, 5.294177213
5.304061066, 5.304183212
5.314061063, 5.314192195
5.324061059, 5.324184224
5.334061056, 5.334181441
5.344061062, 5.344173615
5.354061048, 5.354177027
5.364061049, 5.364173435
5.374061045, 5.374172661
5.384061046, 5.384172676
5.394061047, 5.394172994
5.404061048, 5.404195070
5.414061045, 5.414168673
5.424061042, 5.424170612
5.434061045, 5.434176243
5.444061043, 5.444177048
5.454061042, 5.454168787
5.464061048, 5.464171473
5.474061047, 5.474170413
5.484061046, 5.484209625
5.494061045, 5.494170024
5.504061048, 5.504169133
5.514061047, 5.514171529
5.524061046, 5.524191501
5.534061047, 5.534169267
5.544061046, 5.544166738
5.554061038, 5.554174455
5.564061040, 5.564192346
5.574061039, 5.574167495
5.584061045, 5.584174099
5.594061039, 5.594185734
5.604061043, 5.604185345
5.614061044, 5.614172878
5.624061063, 5.624175694
5.634061047, 5.634171293
5.644061042, 5.644191325
5.654061044, 5.654168562
5.664061042, 5.664173236
5.674061047, 5.674173161
5.684061042, 5.684200669
5.694061042, 5.694167054
5.704061048, 5.704235070
5.714061089, 5.714267738
5.724061041, 5.724180867
5.734061045, 5.734170166
5.744061043, 5.744169709
5.754061041, 5.754175270
5.764061043, 5.764170364
5.774061039, 5.774179220
5.784061043, 5.784169894
5.794061042, 5.794170778
5.804061043, 5.804179011
5.814061044, 5.814197228
5.824061049, 5.824171365
5.834061048, 5.834179246
5.844061046, 5.844178976
5.854061042, 5.854211572
5.864061049, 5.864201558
5.874061100, 5.874203516
5.884061091, 5.884213001
5.894061089, 5.894254798
5.904061092, 5.904209500
5.914061062, 5.914183447
5.924061092, 5.924191091
5.934061089, 5.934249227
5.944061114, 5.944188269
5.954061095, 5.954187108
5.964061093, 5.964261720
5.974061083, 5.974210093
5.984061082, 5.984174924
5.994061085, 5.994175490
6.004061079, 6.004185478
6.014061078, 6.014171393
6.024061068, 6.024181631
6.034061107, 6.034186972
6.044061069, 6.044244717
6.054063969, 6.054195639
6.064061098, 6.064192080
6.074061095, 6.074249595
6.084061102, 6.084199413
6.094061090, 6.094199678
6.104061085, 6.104209208
6.114061080, 6.114189617
6.124061079, 6.124198974
6.134061047, 6.134170573
6.144061072, 6.144166541
6.154061069, 6.154213579
6.164061070, 6.164237379
6.174061066, 6.174171109
6.184061054, 6.184184945
6.194061048, 6.194253337
6.204061070, 6.204191250
6.214061096, 6.214198089
6.224061109, 6.224194750
6.234061079, 6.234230556
6.244061108, 6.244175288
6.254061089, 6.254182011
6.264061089, 6.264238195
6.274061106, 6.274256860
6.284061077, 6.284172803
6.294061090, 6.294196595
6.304061084, 6.304248251
6.314061081, 6.314191065
6.324061067, 6.324172251
6.334061071, 6.334185800
6.344061072, 6.344210906
6.354061119, 6.354192739
6.364061075, 6.364174584
6.374061072, 6.374228495
6.384065033, 6.384175480
6.394061068, 6.394170786
6.404061045, 6.404190964
6.414061057, 6.414182149
6.424061065, 6.424170446
6.434061069, 6.434171960
6.444061070, 6.444245894
6.454061063, 6.454259535
6.464061126, 6.464170080
6.474061154, 6.474174267
6.484061065, 6.484248398
6.494061063, 6.494183934
6.504061062, 6.504183459
6.514061069, 6.514182371
6.524061061, 6.524201339
6.534061069, 6.534167678
6.544061059, 6.544166949
6.554061069, 6.554176534
6.564061059, 6.564168929
6.574061063, 6.574171283
6.584061056, 6.584181216
6.594061065, 6.594207216
6.604061065, 6.604169551
6.614061066, 6.614194266
6.624061064, 6.624201137
6.634061068, 6.634280701
6.644061087, 6.644188941
6.654061070, 6.654183757
6.664061056, 6.664262412
6.674061066, 6.674167742
6.684061062, 6.684172281
6.694061068, 6.694181816
6.704061067, 6.704168780
6.714061060, 6.714178140
6.724061056, 6.724172401
6.734061072, 6.734232718
6.744061098, 6.744200796
6.754061074, 6.754181067
6.764061095, 6.764186823
6.774061101, 6.774179147
6.784061092, 6.784179180
6.794061159, 6.794241598
6.804061094, 6.804174566
6.814061095, 6.814177869
6.824061089, 6.824239063
6.834061096, 6.834174939
6.844061052, 6.844174033
6.854061057, 6.854180810
6.864061077, 6.864215394
6.874061078, 6.874172758
6.884061045, 6.884178164
6.894061072, 6.894175885
6.904061065, 6.904174095
6.914061062, 6.914175126
6.924061065, 6.924176676
6.934061066, 6.934249280
6.944061064, 6.944192657
6.954061069, 6.954171721
6.964061067, 6.964195252
6.974061043, 6.974263979
6.984061091, 6.984216055
6.994061067, 6.994179137
7.004061065, 7.004179288
7.014061068, 7.014169266
7.024061062, 7.024169560
7.034061063, 7.034175316
7.044061068, 7.044293007
7.054061071, 7.054170285
7.064061068, 7.064167945
7.074061063, 7.074179452
7.084061068, 7.084246549
7.094061077, 7.094186649
7.104061104, 7.104178002
7.114061089, 7.114188802
7.124061082, 7.124193895
7.134061082, 7.134172777
7.144061081, 7.144181165
7.154061084, 7.154214048
7.164061079, 7.164187966
7.174061066, 7.174168941
7.184061071, 7.184171257
7.194061082, 7.194253763
7.204061069, 7.204169346
7.214061073, 7.214171569
7.224061067, 7.224249581
7.234061062, 7.234170625
7.244061061, 7.244168997
7.254061066, 7.254171479
7.264061064, 7.264169316
7.274061062, 7.274168204
7.284061062, 7.284177948
7.294061066, 7.294213364
7.304061061, 7.304248783
7.314061095, 7.314211504
7.324062373, 7.324229367
7.334061063, 7.334174098
7.344061065, 7.344170695
7.354061069, 7.354177029
7.364061062, 7.364180656
7.374061066, 7.374169869
7.384061062, 7.384174344
7.394061060, 7.394297159
7.404061062, 7.404172205
7.414061069, 7.414170102
7.424061065, 7.424193834
7.434061065, 7.434172966
7.444061061, 7.444179015
7.454061042, 7.454198436
7.464061047, 7.464173821
7.474061066, 7.474171363
7.484061059, 7.484203366
7.494061108, 7.494171404
7.504061062, 7.504169068
7.514061068, 7.514180933
7.524061068, 7.524232046
7.534061063, 7.534183326
7.544061061, 7.544173790
7.554061062, 7.554239879
7.564061055, 7.564168374
7.574061065, 7.574189951
7.584061042, 7.584178114
7.594061063, 7.594233635
7.604061086, 7.604218531
7.614061075, 7.614170849
7.624061076, 7.624185577
7.634061071, 7.634172487
7.644061072, 7.644171949
7.654061072, 7.654197943
7.664061070, 7.664172061
7.674061067, 7.674170527
7.684061068, 7.684234052
7.694061069, 7.694169502
7.704061062, 7.704166924
7.714061058, 7.714169450
7.724061059, 7.724198798
7.734061058, 7.734172074
7.744061064, 7.744168328
7.754061071, 7.754245424
7.764061061, 7.764168419
7.774061065, 7.774187036
7.784061061, 7.784175389
7.794061065, 7.794261656
7.804061105, 7.804194900
7.814061103, 7.814272595
7.824061092, 7.824280924
7.834061078, 7.834186262
7.844061101, 7.844210709
7.854061108, 7.854234793
7.864061109, 7.864177475
7.874061076, 7.874178238
7.884061101, 7.884258203
7.894061097, 7.894241029
7.904061106, 7.904182602
7.914061106, 7.914183853
7.924061095, 7.924205777
7.934061090, 7.934176379
7.944061086, 7.944177793
7.954061079, 7.954203033
7.964061080, 7.964221451
7.974061081, 7.974175909
7.984061076, 7.984171711
7.994061079, 7.994262192
8.004061079, 8.004197062
8.014061095, 8.014189633
8.024061099, 8.024232683
8.034061104, 8.034182131
8.044061091, 8.044178457
8.054061089, 8.054211214
8.064061066, 8.064177079
8.074061082, 8.074179300
8.084061085, 8.084174411
8.094061082, 8.094216485
8.104061082, 8.104242160
8.114061097, 8.114215748
8.124061078, 8.124293107
8.134061071, 8.134173165
8.144061070, 8.144171097
8.154061068, 8.154224326
8.164061071, 8.164242680
8.174061070, 8.174195440
8.184061062, 8.184174153
8.194061062, 8.194198094
8.204061059, 8.204167376
8.214061066, 8.214168783
8.224061112, 8.224245072
8.234061060, 8.234170440
8.244061064, 8.244167223
8.254061065, 8.254182917
8.264063618, 8.264207267
8.274061047, 8.274171427
8.284061062, 8.284242143
8.294061060, 8.294193527
8.304061061, 8.304169234
8.314061063, 8.314168970
8.324061064, 8.324271269
8.334061063, 8.334173177
8.344061062, 8.344173179
8.354061072, 8.354225756
8.364063997, 8.364228444
8.374061065, 8.374173706
8.384061127, 8.384187885
8.394061105, 8.394282076
8.404061082, 8.404198158
8.414061056, 8.414175923
8.424061068, 8.424177834
8.434061069, 8.434192076
8.444061058, 8.444170285
8.454061065, 8.454172591
8.464061070, 8.464181101
8.474061063, 8.474170086
8.484061061, 8.484172243
8.494061063, 8.494202947
8.504061061, 8.504172146
8.514061111, 8.514174434
8.524061064, 8.524213621
8.534061062, 8.534183992
8.544061056, 8.544169771
8.554061062, 8.554201775
8.564061061, 8.564170010
8.574061060, 8.574167437
8.584061056, 8.584186033
8.594061057, 8.594209822
8.604063047, 8.604170306
8.614061063, 8.614167622
8.624061061, 8.624174755
8.634061058, 8.634171282
8.644061109, 8.644167774
8.654061063, 8.654184315
8.664061067, 8.664200741
8.674061063, 8.674192784
8.684061059, 8.684167106
8.694063449, 8.694199647
8.704061055, 8.704167870
8.714061068, 8.714167821
8.724061058, 8.724240404
8.734061057, 8.734173436
8.744061062, 8.744169973
8.754061071, 8.754205826
8.764061068, 8.764209156
8.774061071, 8.774195427
8.784061063, 8.784176576
8.794061084, 8.794175166
8.804061050, 8.804177793
8.814061089, 8.814253856
8.824061086, 8.824192701
8.834061084, 8.834174276
8.844061082, 8.844188588
8.854061073, 8.854238794
8.864061076, 8.864201279
8.874061068, 8.874171826
8.884061075, 8.884173953
8.894061065, 8.894207639
8.904061062, 8.904230687
8.914061079, 8.914235858
8.924061071, 8.924250961
8.934061065, 8.934170798
8.944061062, 8.944186802
8.954061065, 8.954195606
8.964061059, 8.964244225
8.974061058, 8.974171649
8.984061064, 8.984171227
8.994061062, 8.994177757
9.004061061, 9.004191939
9.014061102, 9.014187760
9.024061104, 9.024180046
9.034061077, 9.034310774
9.044061094, 9.044195843
9.054061108, 9.054194246
9.064061087, 9.064189984
9.074061104, 9.074176236
9.084061095, 9.084177065
9.094061097, 9.094224089
9.104061094, 9.104181450
9.114061087, 9.114175643
9.124061083, 9.124174509
9.134061078, 9.134250005
9.144061077, 9.144196393
9.154061072, 9.154170484
9.164061076, 9.164172000
9.174061066, 9.174202475
9.184061071, 9.184166614
9.194061065, 9.194167596
9.204061065, 9.204243834
9.214061048, 9.214168688
9.224061067, 9.224167157
9.234061062, 9.234209790
9.244061064, 9.244214219
9.254061065, 9.254175444
9.264061068, 9.264166994
9.274061062, 9.274191814
9.284061068, 9.284178994
9.294061069, 9.294180303
9.304061086, 9.304205457
9.314061063, 9.314172808
9.324061062, 9.324180047
9.334061068, 9.334205879
9.344061064, 9.344169585
9.354061062, 9.354171023
9.364061067, 9.364248540
9.374061069, 9.374193091
9.384061062, 9.384170616
9.394061065, 9.394170899
9.404061064, 9.404204202
9.414061108, 9.414202145
9.424061094, 9.424182411
9.434061100, 9.434207839
9.444061093, 9.444180843
9.454061085, 9.454178945
9.464061081, 9.464255729
9.474061090, 9.474245468
9.484061082, 9.484225233
9.494061092, 9.494177270
9.504061088, 9.504179673
9.514061088, 9.514177492
9.524061088, 9.524257880
9.534061080, 9.534190649
9.544061085, 9.544173285
9.554061073, 9.554173064
9.564061079, 9.564207625
9.574061072, 9.574173037
9.584061072, 9.584178446
9.594061065, 9.594184650
9.604061068, 9.604197652
9.614061069, 9.614177889
9.624061071, 9.624197057
9.634061062, 9.634190959
9.644061065, 9.644171462
9.654061065, 9.654178140
9.664061064, 9.664216758
9.674061062, 9.674169607
9.684061047, 9.684172922
9.694061060, 9.694210749
9.704061067, 9.704171219
9.714061063, 9.714182908
9.724061070, 9.724181657
9.734061065, 9.734203172
9.744061065, 9.744169660
9.754061062, 9.754168793
9.764061062, 9.764245656
9.774061089, 9.774209382
9.784061059, 9.784171417
9.794061068, 9.794240749
9.804061068, 9.804180918
9.814061069, 9.814170221
9.824061064, 9.824175183
9.834061066, 9.834208499
9.844061064, 9.844169507
9.854061066, 9.854171547
9.864061042, 9.864167956
9.874061065, 9.874169812
9.884061061, 9.884169839
9.894061060, 9.894169889
9.904061044, 9.904170078
9.914061057, 9.914170194
9.924061058, 9.924212142
9.934063313, 9.934228155
9.944061068, 9.944169867
9.954061066, 9.954166538
9.964061130, 9.964296795
9.974061066, 9.974169618
9.984061064, 9.984172404
9.994061069, 9.994175520
10.004061062, 10.004217623
10.014061066, 10.014171712
10.024061064, 10.024169839
10.034061062, 10.034198365
10.044061059, 10.044164696
10.054061128, 10.054170799
10.064061062, 10.064246750
10.074061065, 10.074169385
10.084061068, 10.084174548
10.094061058, 10.094205490
10.104061061, 10.104200473
10.114061137, 10.114169305
10.124061058, 10.124170709
10.134061116, 10.134192813
10.144061062, 10.144192874
10.154061095, 10.154184266
10.164061072, 10.164223012
10.174061095, 10.174180251
10.184061074, 10.184179278
10.194061085, 10.194223655
10.204061090, 10.204172642
10.214061087, 10.214201766
10.224061080, 10.224238873
10.234061079, 10.234185165
10.244061075, 10.244170634
10.254061068, 10.254168207
10.264061065, 10.264206872
10.274061067, 10.274172905
10.284061065, 10.284188542
10.294061066, 10.294202580
10.304061070, 10.304184863
10.314061082, 10.314194851
10.324061067, 10.324236469
10.334061092, 10.334178369
10.344061092, 10.344244737
10.354061092, 10.354271270
10.364061092, 10.364206983
10.374061091, 10.374175210
10.384061094, 10.384179222
10.394061055, 10.394280139
10.404061074, 10.404178162
10.414061081, 10.414181189
10.424061075, 10.424255790
10.434061079, 10.434174354
10.444061065, 10.444192547
10.454061067, 10.454217293
10.464061076, 10.464173318
10.474061067, 10.474170558
10.484061133, 10.484245823
10.494061065, 10.494193109
10.504061063, 10.504171734
10.514061068, 10.514170049
10.524061058, 10.524294464
10.534061069, 10.534169025
10.544061067, 10.544175130
10.554061065, 10.554204713
10.564061061, 10.564172027
10.574061058, 10.574166769
10.584061059, 10.584168209
10.594061063, 10.594235021
10.604061088, 10.604180662
10.614061098, 10.614178500
10.624061102, 10.624248072
10.634061092, 10.634206175
10.644061088, 10.644169877
10.654061057, 10.654249059
10.664061086, 10.664174942
10.674061073, 10.674173974
10.684061071, 10.684182120
10.694061082, 10.694182997
10.704061138, 10.704198750
10.714061078, 10.714251110
10.724061065, 10.724191588
10.734061073, 10.734174230
10.744061068, 10.744180078
10.754061066, 10.754254747
10.764061061, 10.764176871
10.774061063, 10.774174189
10.784061062, 10.784211394
10.794061065, 10.794222190
10.804061061, 10.804176527
10.814061068, 10.814176109
10.824061067, 10.824279342
10.834061065, 10.834171886
10.844061065, 10.844177457
10.854061068, 10.854262404
10.864061099, 10.864182690
10.874061092, 10.874187305
10.884061104, 10.884176073
10.894061092, 10.894192048
10.904061103, 10.904176310
10.914061095, 10.914187649
10.924061090, 10.924197217
10.934061077, 10.934244530
10.944062394, 10.944186807
10.954061080, 10.954173598
10.964061076, 10.964177852
10.974061075, 10.974172826
10.984061055, 10.984186890
10.994061071, 10.994175752
11.004061067, 11.004261784
11.014061064, 11.014186730
11.024061064, 11.024177371
11.034061069, 11.034174784
11.044061064, 11.044220195
11.054061062, 11.054194889
11.064061077, 11.064183459
11.074076043, 11.074196775
11.084061089, 11.084184353
11.094061083, 11.094187364
11.104061065, 11.104190508
11.114061077, 11.114193096
11.124061056, 11.124176909
11.134061088, 11.134175523
11.144061084, 11.144180727
11.154061086, 11.154236680
11.164061068, 11.164173936
11.174061072, 11.174176028
11.184061070, 11.184184220
11.194061070, 11.194237313
11.204061071, 11.204166439
11.214061063, 11.214180038
11.224061062, 11.224172589
11.234061060, 11.234224309
11.244061106, 11.244182588
11.254061061, 11.254178338
11.264061058, 11.264181454
11.274061063, 11.274166666
11.284061064, 11.284229822
11.294061082, 11.294211263
11.304061068, 11.304204579
11.314061065, 11.314174460
11.324061070, 11.324175469
11.334061072, 11.334176156
11.344061064, 11.344243937
11.354061066, 11.354171123
11.364061064, 11.364180494
11.374061063, 11.374188708
11.384061062, 11.384232867
11.394061063, 11.394170663
11.404061101, 11.404170516
11.414061049, 11.414175546
11.424061062, 11.424245788
11.434061068, 11.434171245
11.444061067, 11.444170070
11.454061071, 11.454176710
11.464061059, 11.464211484
11.474061063, 11.474170174
11.484061065, 11.484172080
11.494061060, 11.494220034
11.504061094, 11.504177207
11.514061061, 11.514172525
11.524061068, 11.524181659
11.534061062, 11.534179043
11.544061058, 11.544167242
11.554061058, 11.554167966
11.564061042, 11.564172222
11.574061060, 11.574168129
11.584061058, 11.584248315
11.594061062, 11.594174287
11.604061061, 11.604169566
11.614061071, 11.614166927
11.624061126, 11.624220872
11.634061068, 11.634164575
11.644061064, 11.644166212
11.654061060, 11.654251934
11.664061067, 11.664201854
11.674061065, 11.674230253
11.684061089, 11.684209518
11.694061067, 11.694275539
11.704061064, 11.704188197
11.714061062, 11.714169852
11.724061067, 11.724182745
11.734061060, 11.734248969
11.744061101, 11.744193813
11.754061047, 11.754172729
11.764061061, 11.764254731
11.774061055, 11.774260161
11.784061078, 11.784187700
11.794061069, 11.794178090
11.804061047, 11.804184713
11.814061060, 11.814217684
11.824061065, 11.824174617
11.834061062, 11.834168746
11.844061068, 11.844193867
11.854061063, 11.854215599
11.864061056, 11.864169059
11.874061060, 11.874173439
11.884061064, 11.884260196
11.894061066, 11.894169124
11.904061061, 11.904190850
11.914061062, 11.914253845
11.924061067, 11.924285110
11.934061060, 11.934169237
11.944061062, 11.944167102
11.954061063, 11.954174400
11.964061064, 11.964171372
11.974061069, 11.974170117
11.984061064, 11.984187722
11.994061062, 11.994246579
12.004061062, 12.004199944
12.014061068, 12.014167493
12.024061062, 12.024180201
12.034061068, 12.034203615
12.044061070, 12.044171719
12.054061071, 12.054169744
------------------------------
