------------------------------------------------------------
Client connecting to 10.10.1.2, TCP port 5001
TCP window size: 85.0 KByte (default)
------------------------------------------------------------
[  3] local 10.10.1.1 port 48904 connected with 10.10.1.2 port 5001
[ ID] Interval       Transfer     Bandwidth
[  3]  0.0- 1.0 sec  15.5 MBytes   130 Mbits/sec
[  3]  1.0- 2.0 sec  13.5 MBytes   113 Mbits/sec
[  3]  2.0- 3.0 sec  13.5 MBytes   113 Mbits/sec
[  3]  3.0- 4.0 sec  11.0 MBytes  92.3 Mbits/sec
[  3]  4.0- 5.0 sec  11.5 MBytes  96.5 Mbits/sec
[  3]  5.0- 6.0 sec  16.4 MBytes   137 Mbits/sec
[  3]  6.0- 7.0 sec  15.6 MBytes   131 Mbits/sec
[  3]  7.0- 8.0 sec  13.8 MBytes   115 Mbits/sec
[  3]  8.0- 9.0 sec  11.5 MBytes  96.5 Mbits/sec
[  3]  9.0-10.0 sec  17.0 MBytes   143 Mbits/sec
[  3] 10.0-11.0 sec  11.8 MBytes  98.6 Mbits/sec
[  3] 11.0-12.0 sec  11.5 MBytes  96.5 Mbits/sec
[  3] 12.0-13.0 sec  10.9 MBytes  91.2 Mbits/sec
[  3] 13.0-14.0 sec  12.0 MBytes   101 Mbits/sec
[  3] 14.0-15.0 sec  12.8 MBytes   107 Mbits/sec
[  3] 15.0-16.0 sec  12.9 MBytes   108 Mbits/sec
[  3] 16.0-17.0 sec  13.6 MBytes   114 Mbits/sec
[  3] 17.0-18.0 sec  13.0 MBytes   109 Mbits/sec
[  3] 18.0-19.0 sec  12.8 MBytes   107 Mbits/sec
[  3] 19.0-20.0 sec  14.6 MBytes   123 Mbits/sec
[  3]  0.0-20.0 sec   265 MBytes   111 Mbits/sec
