------------------------------
test was performed using the following parameters: --mps=100 --burst=1 --reply-every=1 --msg-size=14 --time=10
------------------------------
sockperf: [Total Run] RunTime=10.100 sec; SentMessages=1011; ReceivedMessages=1010
sockperf: ========= Printing statistics for Server No: 0
sockperf: [Valid Duration] RunTime=9.990 sec; SentMessages=1000; ReceivedMessages=1000
sockperf: [2;35m====> avg-lat= 64.394 (std-dev=13.634)[0m
sockperf: # dropped messages = 0; # duplicated messages = 0; # out-of-order messages = 0
sockperf: [2;35mTotal 1000 observations[0m; each percentile contains 10.00 observations
sockperf: ---> <MAX> observation =  142.042
sockperf: ---> percentile 99.999 =  142.042
sockperf: ---> percentile 99.990 =  142.042
sockperf: ---> percentile 99.900 =  127.626
sockperf: ---> percentile 99.000 =  108.688
sockperf: ---> percentile 90.000 =   84.550
sockperf: ---> percentile 75.000 =   68.188
sockperf: ---> percentile 50.000 =   59.755
sockperf: ---> percentile 25.000 =   55.078
sockperf: ---> <MIN> observation =   34.573
------------------------------
txTime, rxTime
2.064277396, 2.064410342
2.074277394, 2.074417242
2.084277399, 2.084391708
2.094277385, 2.094392507
2.104277379, 2.104481628
2.114277425, 2.114482450
2.124277415, 2.124415620
2.134277421, 2.134419729
2.144277412, 2.144404899
2.154277407, 2.154463732
2.164277395, 2.164393631
2.174277398, 2.174413451
2.184277392, 2.184421587
2.194277388, 2.194421624
2.204277390, 2.204393919
2.214277387, 2.214403656
2.224277379, 2.224397833
2.234277375, 2.234394204
2.244277378, 2.244394268
2.254277371, 2.254398613
2.264277375, 2.264404464
2.274277369, 2.274394660
2.284277374, 2.284405808
2.294277371, 2.294392349
2.304277378, 2.304405688
2.314277381, 2.314386133
2.324277378, 2.324394091
2.334277377, 2.334398911
2.344277374, 2.344385157
2.354277373, 2.354395177
2.364277374, 2.364392958
2.374277377, 2.374414109
2.384277375, 2.384384584
2.394277377, 2.394385508
2.404277372, 2.404400661
2.414277371, 2.414411683
2.424277375, 2.424385810
2.434277374, 2.434385300
2.444277372, 2.444410057
2.454277376, 2.454424297
2.464277380, 2.464392837
2.474277374, 2.474382438
2.484277372, 2.484401632
2.494277379, 2.494386944
2.504277375, 2.504384269
2.514277396, 2.514399711
2.524277411, 2.524441838
2.534277379, 2.534388528
2.544277372, 2.544400144
2.554277374, 2.554411941
2.564277375, 2.564401668
2.574277373, 2.574390728
2.584277378, 2.584382730
2.594277377, 2.594396926
2.604277372, 2.604384910
2.614277377, 2.614403063
2.624277375, 2.624391270
2.634277376, 2.634421919
2.644277425, 2.644424523
2.654277374, 2.654402456
2.664277373, 2.664393276
2.674277372, 2.674371033
2.684277374, 2.684380123
2.694277375, 2.694403858
2.704277377, 2.704418990
2.714277372, 2.714361505
2.724277373, 2.724382066
2.734277378, 2.734414220
2.744277378, 2.744384326
2.754277377, 2.754388995
2.764277412, 2.764388023
2.774277371, 2.774401218
2.784277371, 2.784387529
2.794277374, 2.794390872
2.804277375, 2.804414341
2.814277377, 2.814420888
2.824277371, 2.824386069
2.834277376, 2.834406994
2.844277375, 2.844391731
2.854277374, 2.854387277
2.864277378, 2.864391426
2.874277410, 2.874384319
2.884277375, 2.884446131
2.894277379, 2.894386168
2.904277375, 2.904386246
2.914277374, 2.914411086
2.924277397, 2.924432947
2.934277374, 2.934402482
2.944277376, 2.944394730
2.954277380, 2.954392627
2.964277391, 2.964391006
2.974277375, 2.974385988
2.984277374, 2.984404245
2.994277375, 2.994451392
3.004277376, 3.004389683
3.014277380, 3.014409880
3.024277376, 3.024395964
3.034277371, 3.034387426
3.044277371, 3.044414191
3.054277378, 3.054382904
3.064277379, 3.064400845
3.074277378, 3.074390236
3.084277371, 3.084412168
3.094277369, 3.094395214
3.104277362, 3.104457315
3.114277428, 3.114420738
3.124277362, 3.124487967
3.134277428, 3.134474487
3.144277388, 3.144406519
3.154277393, 3.154388542
3.164277373, 3.164397623
3.174277375, 3.174522938
3.184277418, 3.184477028
3.194277375, 3.194405175
3.204277374, 3.204398458
3.214277374, 3.214412157
3.224277371, 3.224376474
3.234277365, 3.234382605
3.244277366, 3.244385924
3.254277366, 3.254390443
3.264277371, 3.264388651
3.274277369, 3.274409592
3.284277368, 3.284436194
3.294277366, 3.294380963
3.304277366, 3.304373021
3.314277369, 3.314400683
3.324277369, 3.324398052
3.334277367, 3.334381421
3.344277364, 3.344409089
3.354277369, 3.354406765
3.364277365, 3.364385037
3.374277366, 3.374378422
3.384277368, 3.384394507
3.394277367, 3.394427484
3.404277365, 3.404382589
3.414277364, 3.414406963
3.424277366, 3.424396442
3.434277369, 3.434384051
3.444277366, 3.444390124
3.454277364, 3.454477112
3.464277409, 3.464479027
3.474277406, 3.474409433
3.484277394, 3.484411543
3.494277401, 3.494411024
3.504277391, 3.504393031
3.514277385, 3.514398348
3.524277390, 3.524398972
3.534277389, 3.534424021
3.544277388, 3.544393715
3.554277378, 3.554388704
3.564277385, 3.564409105
3.574277380, 3.574393070
3.584277381, 3.584391078
3.594277374, 3.594397781
3.604277377, 3.604392222
3.614277375, 3.614387447
3.624277367, 3.624411241
3.634277369, 3.634393429
3.644277362, 3.644429891
3.654277371, 3.654382986
3.664277365, 3.664381822
3.674277366, 3.674389052
3.684277385, 3.684463067
3.694277425, 3.694438390
3.704277369, 3.704416069
3.714277369, 3.714446470
3.724277366, 3.724383669
3.734277366, 3.734393368
3.744277365, 3.744388432
3.754277371, 3.754410680
3.764277364, 3.764383005
3.774277363, 3.774408973
3.784277370, 3.784378221
3.794277366, 3.794346512
3.804277369, 3.804390354
3.814277369, 3.814389356
3.824277366, 3.824447440
3.834277411, 3.834460174
3.844277367, 3.844404722
3.854277363, 3.854395627
3.864277369, 3.864382888
3.874277366, 3.874391309
3.884277367, 3.884391191
3.894277366, 3.894437564
3.904277368, 3.904379165
3.914277368, 3.914378107
3.924277366, 3.924389673
3.934277367, 3.934382046
3.944277362, 3.944381051
3.954277368, 3.954403488
3.964277365, 3.964408756
3.974277361, 3.974373966
3.984277367, 3.984389007
3.994277364, 3.994404686
4.004277363, 4.004420750
4.014277369, 4.014384634
4.024279030, 4.024397299
4.034277367, 4.034419558
4.044277361, 4.044385824
4.054277371, 4.054394349
4.064277364, 4.064402490
4.074277367, 4.074432111
4.084277369, 4.084383214
4.094277364, 4.094380484
4.104277368, 4.104387895
4.114277369, 4.114388639
4.124277369, 4.124382011
4.134277369, 4.134405171
4.144277366, 4.144440464
4.154277366, 4.154385678
4.164277367, 4.164395210
4.174277364, 4.174434319
4.184277364, 4.184413742
4.194277365, 4.194396462
4.204277367, 4.204478311
4.214277411, 4.214438593
4.224277393, 4.224408397
4.234277404, 4.234392122
4.244277400, 4.244398609
4.254277396, 4.254444649
4.264277391, 4.264389211
4.274277381, 4.274396630
4.284277391, 4.284394147
4.294277385, 4.294399003
4.304277384, 4.304408937
4.314277378, 4.314396443
4.324277387, 4.324452231
4.334277380, 4.334390007
4.344277375, 4.344480573
4.354277408, 4.354445909
4.364277380, 4.364415450
4.374277366, 4.374385502
4.384277364, 4.384410788
4.394277372, 4.394407145
4.404277364, 4.404381177
4.414277364, 4.414390696
4.424277362, 4.424392823
4.434277364, 4.434422021
4.444277362, 4.444405372
4.454277367, 4.454386991
4.464277365, 4.464389716
4.474277361, 4.474382886
4.484277365, 4.484391656
4.494277365, 4.494401517
4.504277392, 4.504392713
4.514277366, 4.514380906
4.524277365, 4.524401994
4.534277368, 4.534387882
4.544277367, 4.544428186
4.554277365, 4.554397723
4.564277368, 4.564378857
4.574277365, 4.574494743
4.584277425, 4.584392531
4.594277363, 4.594393965
4.604277365, 4.604395663
4.614277369, 4.614455100
4.624277367, 4.624390942
4.634277366, 4.634382773
4.644277364, 4.644406152
4.654277368, 4.654385541
4.664277368, 4.664383957
4.674277364, 4.674391656
4.684277365, 4.684418646
4.694277368, 4.694383917
4.704277365, 4.704389861
4.714277368, 4.714406112
4.724277362, 4.724401066
4.734277366, 4.734382936
4.744277367, 4.744391625
4.754277366, 4.754411543
4.764277369, 4.764418050
4.774277416, 4.774446145
4.784277367, 4.784405688
4.794277368, 4.794440138
4.804277369, 4.804387782
4.814277368, 4.814395353
4.824277368, 4.824412889
4.834277364, 4.834411269
4.844277363, 4.844404106
4.854277366, 4.854394303
4.864277370, 4.864416716
4.874277362, 4.874395597
4.884277369, 4.884403807
4.894277371, 4.894407438
4.904277363, 4.904406605
4.914277365, 4.914382589
4.924277364, 4.924408446
4.934277364, 4.934410256
4.944277392, 4.944386474
4.954277368, 4.954397282
4.964277367, 4.964389847
4.974277366, 4.974417510
4.984277366, 4.984395145
4.994277366, 4.994365485
5.004277369, 5.004394739
5.014277361, 5.014387293
5.024277364, 5.024383807
5.034277364, 5.034464345
5.044277426, 5.044506053
5.054277415, 5.054405551
5.064277394, 5.064396774
5.074277394, 5.074413066
5.084277386, 5.084476161
5.094277425, 5.094422189
5.104277437, 5.104398069
5.114277422, 5.114422642
5.124277415, 5.124387772
5.134277422, 5.134395817
5.144277419, 5.144403869
5.154277404, 5.154395100
5.164277405, 5.164396184
5.174279651, 5.174435887
5.184277408, 5.184431646
5.194277404, 5.194421391
5.204277422, 5.204462141
5.214277414, 5.214391931
5.224277413, 5.224398662
5.234277412, 5.234424924
5.244277418, 5.244433744
5.254277421, 5.254424331
5.264277410, 5.264408651
5.274277397, 5.274400084
5.284277401, 5.284402743
5.294277424, 5.294404748
5.304277422, 5.304499480
5.314277424, 5.314427866
5.324277407, 5.324427056
5.334277417, 5.334434144
5.344277406, 5.344399972
5.354277413, 5.354398442
5.364278514, 5.364484668
5.374277406, 5.374387955
5.384277404, 5.384491359
5.394277397, 5.394459784
5.404277391, 5.404390315
5.414277393, 5.414470295
5.424277394, 5.424437612
5.434277386, 5.434384855
5.444277390, 5.444471632
5.454277392, 5.454418807
5.464277394, 5.464386958
5.474277392, 5.474422826
5.484277394, 5.484406079
5.494277397, 5.494426375
5.504277418, 5.504425971
5.514277410, 5.514433958
5.524277396, 5.524394637
5.534277394, 5.534392086
5.544277395, 5.544412981
5.554277397, 5.554401941
5.564277394, 5.564418831
5.574289204, 5.574419009
5.584277431, 5.584509686
5.594277421, 5.594461218
5.604277414, 5.604433447
5.614277415, 5.614508959
5.624277422, 5.624397811
5.634277415, 5.634396926
5.644277408, 5.644482107
5.654277412, 5.654385242
5.664277404, 5.664398225
5.674277392, 5.674457419
5.684277394, 5.684405422
5.694277401, 5.694463590
5.704277399, 5.704433744
5.714277391, 5.714397485
5.724277396, 5.724440841
5.734277397, 5.734409517
5.744277399, 5.744383500
5.754277392, 5.754416432
5.764277394, 5.764387508
5.774277391, 5.774413403
5.784277425, 5.784430971
5.794277418, 5.794426000
5.804277417, 5.804396889
5.814277407, 5.814394153
5.824277399, 5.824408641
5.834277388, 5.834417506
5.844277390, 5.844442621
5.854277419, 5.854395894
5.864277405, 5.864561490
5.874277411, 5.874413597
5.884277412, 5.884391215
5.894277395, 5.894487920
5.904277411, 5.904387674
5.914277407, 5.914424721
5.924277404, 5.924450059
5.934277399, 5.934390111
5.944277396, 5.944399201
5.954277390, 5.954505378
5.964277392, 5.964394429
5.974277397, 5.974395107
5.984277379, 5.984482336
5.994277398, 5.994396067
6.004277394, 6.004395922
6.014277389, 6.014459130
6.024277398, 6.024395421
6.034277397, 6.034466087
6.044277394, 6.044452560
6.054277400, 6.054419244
6.064282100, 6.064438002
6.074277409, 6.074472052
6.084277411, 6.084395048
6.094277450, 6.094394545
6.104277400, 6.104403809
6.114277448, 6.114452817
6.124277390, 6.124394253
6.134277391, 6.134413493
6.144277425, 6.144489644
6.154277406, 6.154465250
6.164277424, 6.164424622
6.174277441, 6.174458764
6.184277418, 6.184427652
6.194277417, 6.194411780
6.204277419, 6.204435128
6.214277421, 6.214401592
6.224277420, 6.224401898
6.234277414, 6.234489742
6.244277407, 6.244393165
6.254277400, 6.254383535
6.264277401, 6.264481722
6.274277405, 6.274383981
6.284277403, 6.284394199
6.294277401, 6.294441542
6.304277394, 6.304399459
6.314277398, 6.314397394
6.324277391, 6.324417257
6.334277397, 6.334395641
6.344277394, 6.344412979
6.354277423, 6.354457773
6.364277409, 6.364394768
6.374277397, 6.374412261
6.384277407, 6.384402140
6.394277398, 6.394439428
6.404277402, 6.404419763
6.414277401, 6.414402994
6.424277396, 6.424410702
6.434277391, 6.434404628
6.444277383, 6.444391933
6.454277381, 6.454389464
6.464277384, 6.464408388
6.474277374, 6.474388654
6.484277381, 6.484396145
6.494277375, 6.494392286
6.504277377, 6.504468461
6.514277373, 6.514451386
6.524277408, 6.524465580
6.534277379, 6.534408266
6.544277373, 6.544414393
6.554277375, 6.554388704
6.564277376, 6.564400796
6.574277374, 6.574406163
6.584277404, 6.584392924
6.594277377, 6.594402056
6.604277376, 6.604394342
6.614277375, 6.614429909
6.624277381, 6.624389276
6.634277377, 6.634392535
6.644277377, 6.644466638
6.654277394, 6.654403336
6.664277413, 6.664418981
6.674277416, 6.674414996
6.684277420, 6.684386161
6.694277411, 6.694414515
6.704277416, 6.704469573
6.714277412, 6.714388138
6.724277399, 6.724394547
6.734277411, 6.734451638
6.744277409, 6.744387019
6.754277407, 6.754392526
6.764277406, 6.764532659
6.774277391, 6.774384303
6.784277398, 6.784394801
6.794277399, 6.794481027
6.804277401, 6.804393547
6.814277391, 6.814483310
6.824277394, 6.824451562
6.834277395, 6.834422302
6.844277406, 6.844430076
6.854277431, 6.854484984
6.864277408, 6.864394833
6.874277399, 6.874403473
6.884277407, 6.884394950
6.894277404, 6.894474443
6.904277401, 6.904396656
6.914277389, 6.914407170
6.924277448, 6.924414288
6.934277389, 6.934448499
6.944277391, 6.944412749
6.954277384, 6.954386558
6.964277417, 6.964423134
6.974277425, 6.974388363
6.984277416, 6.984386440
6.994277406, 6.994477715
7.004277922, 7.004392626
7.014277408, 7.014397411
7.024277404, 7.024451827
7.034277401, 7.034388030
7.044277399, 7.044392875
7.054277400, 7.054505546
7.064277397, 7.064386189
7.074277398, 7.074395104
7.084277396, 7.084483864
7.094277392, 7.094398090
7.104277391, 7.104416188
7.114277397, 7.114466928
7.124277399, 7.124386341
7.134277389, 7.134467705
7.144277396, 7.144436370
7.154277392, 7.154419929
7.164277414, 7.164425376
7.174277411, 7.174478815
7.184277412, 7.184395555
7.194277396, 7.194403699
7.204277401, 7.204432808
7.214277403, 7.214489373
7.224277398, 7.224403272
7.234277385, 7.234412143
7.244277398, 7.244414162
7.254277421, 7.254469257
7.264277428, 7.264388720
7.274277423, 7.274476353
7.284277415, 7.284441092
7.294277415, 7.294415014
7.304277411, 7.304449193
7.314277400, 7.314416375
7.324277402, 7.324389476
7.334277404, 7.334430318
7.344277394, 7.344399302
7.354277404, 7.354402374
7.364277398, 7.364404993
7.374277398, 7.374385547
7.384277390, 7.384393527
7.394277392, 7.394461308
7.404277390, 7.404365218
7.414277392, 7.414380509
7.424277396, 7.424438992
7.434277386, 7.434386846
7.444277393, 7.444411103
7.454277411, 7.454437279
7.464277404, 7.464397576
7.474292537, 7.474406453
7.484277401, 7.484401929
7.494277400, 7.494454384
7.504277400, 7.504426564
7.514277394, 7.514404008
7.524277386, 7.524468177
7.534277398, 7.534418984
7.544277394, 7.544447776
7.554277407, 7.554492959
7.564277405, 7.564450170
7.574277398, 7.574381687
7.584277400, 7.584461357
7.594277391, 7.594426102
7.604277391, 7.604405825
7.614277394, 7.614437907
7.624277393, 7.624412624
7.634277389, 7.634395300
7.644277394, 7.644414943
7.654277391, 7.654384095
7.664277393, 7.664409820
7.674277394, 7.674471818
7.684277396, 7.684385385
7.694277371, 7.694395427
7.704277390, 7.704448504
7.714277392, 7.714386115
7.724277398, 7.724427920
7.734277425, 7.734501206
7.744277410, 7.744397921
7.754277401, 7.754397046
7.764277407, 7.764403100
7.774277404, 7.774443458
7.784277391, 7.784391866
7.794277390, 7.794407970
7.804277395, 7.804395667
7.814277386, 7.814394495
7.824277394, 7.824437413
7.834277430, 7.834405242
7.844277413, 7.844472560
7.854277411, 7.854433413
7.864277413, 7.864429409
7.874277415, 7.874418155
7.884277403, 7.884398433
7.894277399, 7.894406793
7.904277394, 7.904397528
7.914277391, 7.914431932
7.924277388, 7.924393335
7.934277386, 7.934392500
7.944277388, 7.944407437
7.954277398, 7.954426579
7.964277388, 7.964392587
7.974277383, 7.974402243
7.984277385, 7.984408244
7.994277384, 7.994399700
8.004277372, 8.004391963
8.014277376, 8.014405638
8.024277408, 8.024400417
8.034277375, 8.034383336
8.044277372, 8.044403956
8.054277371, 8.054388930
8.064277378, 8.064425747
8.074277436, 8.074406678
8.084277379, 8.084409000
8.094277373, 8.094397320
8.104277378, 8.104389145
8.114277384, 8.114362169
8.124277377, 8.124402039
8.134277373, 8.134387720
8.144277403, 8.144361124
8.154277368, 8.154382000
8.164277375, 8.164389818
8.174277379, 8.174348425
8.184277375, 8.184382734
8.194277373, 8.194415636
8.204277378, 8.204421309
8.214277373, 8.214384205
8.224277378, 8.224390635
8.234277410, 8.234396417
8.244277372, 8.244418581
8.254277373, 8.254386210
8.264277372, 8.264383651
8.274277374, 8.274394628
8.284277375, 8.284386206
8.294277427, 8.294395952
8.304277409, 8.304396222
8.314277376, 8.314409987
8.324277377, 8.324384917
8.334277374, 8.334396502
8.344277375, 8.344424072
8.354277373, 8.354406381
8.364277375, 8.364387276
8.374277371, 8.374398876
8.384277377, 8.384405796
8.394277373, 8.394392425
8.404277371, 8.404390638
8.414277413, 8.414392298
8.424277377, 8.424414057
8.434277373, 8.434386598
8.444277377, 8.444383526
8.454277373, 8.454394755
8.464277377, 8.464405130
8.474277373, 8.474383852
8.484277374, 8.484391017
8.494277377, 8.494386736
8.504277378, 8.504384334
8.514277377, 8.514385613
8.524277378, 8.524393778
8.534277374, 8.534412692
8.544277377, 8.544389022
8.554277376, 8.554385656
8.564277380, 8.564394953
8.574277381, 8.574417829
8.584277372, 8.584386578
8.594277379, 8.594383761
8.604277378, 8.604396039
8.614277377, 8.614384362
8.624277374, 8.624381434
8.634277379, 8.634382868
8.644277378, 8.644384417
8.654277371, 8.654387027
8.664277371, 8.664380782
8.674277379, 8.674382030
8.684277371, 8.684401711
8.694277368, 8.694387640
8.704279080, 8.704395309
8.714277367, 8.714395505
8.724277366, 8.724381769
8.734277361, 8.734382574
8.744277364, 8.744406689
8.754277363, 8.754381100
8.764277368, 8.764380317
8.774277364, 8.774394056
8.784277389, 8.784380052
8.794277368, 8.794388963
8.804277369, 8.804387026
8.814277370, 8.814397942
8.824277364, 8.824384067
8.834277367, 8.834382851
8.844277370, 8.844407383
8.854277366, 8.854387523
8.864277371, 8.864383169
8.874277363, 8.874383635
8.884277364, 8.884393198
8.894277365, 8.894383286
8.904277362, 8.904387896
8.914277364, 8.914403337
8.924277390, 8.924382518
8.934277368, 8.934458360
8.944277420, 8.944438934
8.954277407, 8.954412820
8.964277409, 8.964392488
8.974277397, 8.974399711
8.984277394, 8.984412693
8.994277393, 8.994391391
9.004277392, 9.004414916
9.014277393, 9.014408194
9.024277389, 9.024388338
9.034277391, 9.034388606
9.044277384, 9.044386069
9.054277378, 9.054407318
9.064277381, 9.064386084
9.074277373, 9.074398600
9.084277377, 9.084440942
9.094277377, 9.094387026
9.104277367, 9.104398124
9.114277371, 9.114390164
9.124277364, 9.124420084
9.134277372, 9.134385297
9.144277370, 9.144397483
9.154277367, 9.154391214
9.164277367, 9.164384774
9.174277367, 9.174381112
9.184277367, 9.184381421
9.194277367, 9.194419306
9.204277362, 9.204380106
9.214277368, 9.214393907
9.224277368, 9.224387954
9.234277371, 9.234419305
9.244277367, 9.244380993
9.254277371, 9.254399107
9.264277393, 9.264382875
9.274277369, 9.274385765
9.284277368, 9.284380934
9.294277367, 9.294376083
9.304277365, 9.304393567
9.314277368, 9.314384218
9.324277372, 9.324380476
9.334277365, 9.334382659
9.344277370, 9.344413559
9.354277365, 9.354379825
9.364277369, 9.364376919
9.374277368, 9.374400792
9.384277369, 9.384379444
9.394277367, 9.394388191
9.404277371, 9.404380715
9.414277370, 9.414392686
9.424277365, 9.424401503
9.434277365, 9.434389807
9.444277367, 9.444467214
9.454277423, 9.454437230
9.464277405, 9.464418570
9.474277397, 9.474411262
9.484277400, 9.484412083
9.494277398, 9.494390344
9.504277418, 9.504396051
9.514277381, 9.514400163
9.524277383, 9.524409590
9.534277384, 9.534389518
9.544277379, 9.544411404
9.554277378, 9.554412904
9.564277376, 9.564391499
9.574277381, 9.574385582
9.584277378, 9.584397354
9.594277371, 9.594438106
9.604277367, 9.604382893
9.614277367, 9.614382822
9.624277364, 9.624405917
9.634277369, 9.634386518
9.644277364, 9.644383934
9.654277366, 9.654390421
9.664277366, 9.664404405
9.674277363, 9.674382844
9.684277368, 9.684483225
9.694277425, 9.694447335
9.704277370, 9.704411266
9.714277366, 9.714385357
9.724277368, 9.724383378
9.734277362, 9.734403336
9.744277363, 9.744383083
9.754277363, 9.754383349
9.764277367, 9.764382708
9.774277364, 9.774393736
9.784277371, 9.784383639
9.794277363, 9.794385928
9.804277369, 9.804387496
9.814277367, 9.814379959
9.824277364, 9.824388516
9.834277367, 9.834379866
9.844277364, 9.844413153
9.854277392, 9.854380783
9.864277367, 9.864393037
9.874277366, 9.874447825
9.884277423, 9.884417258
9.894277406, 9.894404700
9.904277394, 9.904393718
9.914277401, 9.914388354
9.924277395, 9.924388342
9.934277386, 9.934386648
9.944277394, 9.944415761
9.954277384, 9.954388886
9.964277388, 9.964389299
9.974277380, 9.974413629
9.984277382, 9.984391243
9.994277379, 9.994391755
10.004277413, 10.004394493
10.014277371, 10.014384157
10.024277374, 10.024383274
10.034277369, 10.034386675
10.044277369, 10.044397629
10.054277379, 10.054386942
10.064277378, 10.064386121
10.074277371, 10.074401422
10.084277375, 10.084384773
10.094277381, 10.094386475
10.104277375, 10.104393249
10.114277376, 10.114386871
10.124277378, 10.124393614
10.134277376, 10.134383866
10.144277372, 10.144423318
10.154277373, 10.154386791
10.164277380, 10.164386348
10.174277377, 10.174391325
10.184277375, 10.184430897
10.194277425, 10.194398564
10.204277371, 10.204390293
10.214277371, 10.214416265
10.224277377, 10.224387059
10.234277376, 10.234395160
10.244277371, 10.244394813
10.254277381, 10.254397782
10.264277371, 10.264384480
10.274277377, 10.274392869
10.284277380, 10.284412383
10.294277377, 10.294387100
10.304277380, 10.304393810
10.314277379, 10.314400327
10.324277375, 10.324428097
10.334277437, 10.334427752
10.344277374, 10.344400947
10.354277370, 10.354407789
10.364277372, 10.364386004
10.374277379, 10.374388440
10.384277374, 10.384410669
10.394277377, 10.394437871
10.404277372, 10.404383993
10.414277371, 10.414399525
10.424277372, 10.424398383
10.434277371, 10.434383215
10.444277375, 10.444383766
10.454277374, 10.454397566
10.464277375, 10.464401765
10.474277373, 10.474383785
10.484277377, 10.484392860
10.494277373, 10.494390196
10.504277380, 10.504413223
10.514277402, 10.514383967
10.524277375, 10.524383290
10.534277381, 10.534388555
10.544277375, 10.544403659
10.554277430, 10.554432878
10.564277373, 10.564402376
10.574277377, 10.574458124
10.584277372, 10.584385839
10.594277373, 10.594391304
10.604277371, 10.604406009
10.614277371, 10.614425321
10.624277436, 10.624390843
10.634277373, 10.634389596
10.644277377, 10.644408478
10.654277373, 10.654386435
10.664277377, 10.664403807
10.674277379, 10.674396171
10.684277377, 10.684421307
10.694277411, 10.694388241
10.704277378, 10.704385193
10.714277373, 10.714398526
10.724277426, 10.724425166
10.734277419, 10.734414314
10.744277420, 10.744396861
10.754277401, 10.754392097
10.764277398, 10.764391800
10.774277401, 10.774396021
10.784277393, 10.784408761
10.794277402, 10.794397175
10.804277384, 10.804469201
10.814277418, 10.814476028
10.824277418, 10.824415674
10.834277412, 10.834399395
10.844277418, 10.844397059
10.854277406, 10.854402727
10.864277410, 10.864395543
10.874277404, 10.874391377
10.884277391, 10.884397498
10.894277424, 10.894444816
10.904277413, 10.904412825
10.914277421, 10.914402815
10.924277401, 10.924418202
10.934277398, 10.934393602
10.944277401, 10.944404444
10.954277390, 10.954403097
10.964277426, 10.964467971
10.974277397, 10.974403561
10.984277394, 10.984393682
10.994277388, 10.994394305
11.004277392, 11.004389592
11.014277378, 11.014383402
11.024277393, 11.024391580
11.034277380, 11.034386292
11.044277382, 11.044383397
11.054277374, 11.054405082
11.064277372, 11.064382980
11.074277375, 11.074383586
11.084277395, 11.084399697
11.094277371, 11.094400759
11.104277404, 11.104382651
11.114277373, 11.114386025
11.124277380, 11.124389159
11.134277377, 11.134398356
11.144277378, 11.144382332
11.154277374, 11.154399554
11.164277380, 11.164382078
11.174277373, 11.174410810
11.184277374, 11.184398901
11.194277373, 11.194409455
11.204277374, 11.204388413
11.214277373, 11.214385650
11.224277412, 11.224409176
11.234277371, 11.234385354
11.244277378, 11.244397980
11.254277373, 11.254397875
11.264277378, 11.264452613
11.274277433, 11.274451537
11.284277398, 11.284396300
11.294277377, 11.294394096
11.304277375, 11.304387284
11.314277376, 11.314386390
11.324277375, 11.324462057
11.334277428, 11.334454446
11.344277373, 11.344395847
11.354277371, 11.354403231
11.364277379, 11.364401568
11.374277372, 11.374456004
11.384277419, 11.384436959
11.394277374, 11.394404387
11.404277373, 11.404408124
11.414277374, 11.414386969
11.424277381, 11.424385150
11.434277377, 11.434385171
11.444277377, 11.444394513
11.454277378, 11.454385469
11.464277376, 11.464384705
11.474277371, 11.474395678
11.484277373, 11.484394867
11.494277375, 11.494384116
11.504277374, 11.504385317
11.514277375, 11.514416220
11.524277379, 11.524385240
11.534277375, 11.534384420
11.544277376, 11.544386456
11.554277375, 11.554386035
11.564277374, 11.564384601
11.574277374, 11.574383162
11.584277374, 11.584420199
11.594277372, 11.594395989
11.604277374, 11.604383028
11.614277371, 11.614400375
11.624277374, 11.624382786
11.634277371, 11.634384946
11.644277374, 11.644384078
11.654277375, 11.654400092
11.664277374, 11.664381625
11.674277380, 11.674381612
11.684277373, 11.684405424
11.694277375, 11.694383094
11.704277410, 11.704383511
11.714277372, 11.714382586
11.724277381, 11.724389655
11.734277375, 11.734382736
11.744277374, 11.744382873
11.754277375, 11.754401142
11.764277381, 11.764383196
11.774277374, 11.774383117
11.784277410, 11.784383249
11.794277378, 11.794390731
11.804277371, 11.804389530
11.814277375, 11.814388291
11.824277379, 11.824417011
11.834277372, 11.834385358
11.844277374, 11.844386342
11.854277374, 11.854389204
11.864277379, 11.864386199
11.874277377, 11.874384803
11.884277376, 11.884388926
11.894277374, 11.894410071
11.904277373, 11.904385656
11.914277411, 11.914390327
11.924277373, 11.924415480
11.934277375, 11.934385129
11.944277374, 11.944385744
11.954277372, 11.954386372
11.964277379, 11.964395649
11.974277378, 11.974385665
11.984277377, 11.984384611
11.994277364, 11.994390144
12.004277371, 12.004386083
12.014277367, 12.014381838
12.024277365, 12.024383649
12.034277364, 12.034385733
12.044277366, 12.044384553
12.054277364, 12.054383065
------------------------------
