------------------------------
test was performed using the following parameters: --mps=100 --burst=1 --reply-every=1 --msg-size=14 --time=10
------------------------------
sockperf: [Total Run] RunTime=10.100 sec; SentMessages=1011; ReceivedMessages=1010
sockperf: ========= Printing statistics for Server No: 0
sockperf: [Valid Duration] RunTime=9.991 sec; SentMessages=1000; ReceivedMessages=1000
sockperf: [2;35m====> avg-lat=303.249 (std-dev=29.432)[0m
sockperf: # dropped messages = 0; # duplicated messages = 0; # out-of-order messages = 0
sockperf: [2;35mTotal 1000 observations[0m; each percentile contains 10.00 observations
sockperf: ---> <MAX> observation =  396.317
sockperf: ---> percentile 99.999 =  396.317
sockperf: ---> percentile 99.990 =  396.317
sockperf: ---> percentile 99.900 =  393.745
sockperf: ---> percentile 99.000 =  374.110
sockperf: ---> percentile 90.000 =  342.536
sockperf: ---> percentile 75.000 =  322.595
sockperf: ---> percentile 50.000 =  301.813
sockperf: ---> percentile 25.000 =  282.342
sockperf: ---> <MIN> observation =  218.348
------------------------------
txTime, rxTime
2.062340361, 2.062935586
2.072340360, 2.072873743
2.082340364, 2.082941776
2.092340364, 2.092915539
2.102340361, 2.102893808
2.112340355, 2.112939542
2.122340361, 2.122923999
2.132340364, 2.132894860
2.142340363, 2.142923954
2.152340362, 2.152971947
2.162340360, 2.162928702
2.172340363, 2.172950242
2.182340363, 2.182899711
2.192340356, 2.192852586
2.202340356, 2.202883691
2.212340359, 2.212908264
2.222340359, 2.222901066
2.232340359, 2.232877975
2.242340361, 2.242927566
2.252340366, 2.252974729
2.262340363, 2.262905448
2.272340363, 2.272939728
2.282340356, 2.282920964
2.292340359, 2.292979289
2.302340359, 2.302880955
2.312340360, 2.312925149
2.322340355, 2.322978855
2.332340363, 2.332952321
2.342340356, 2.342934689
2.352340360, 2.352914009
2.362340364, 2.362916822
2.372340361, 2.373038661
2.382340365, 2.382953121
2.392340368, 2.392933162
2.402340362, 2.402951048
2.412345536, 2.412885267
2.422340367, 2.422963212
2.432340359, 2.432864291
2.442340363, 2.443007727
2.452340368, 2.452777065
2.462340367, 2.462964168
2.472340369, 2.472937860
2.482340371, 2.482904301
2.492340361, 2.493018100
2.502340363, 2.502939753
2.512340358, 2.512873958
2.522340359, 2.522923812
2.532340367, 2.532964658
2.542340362, 2.542971730
2.552340366, 2.552857321
2.562340360, 2.562843286
2.572340364, 2.572919859
2.582340364, 2.582832382
2.592340365, 2.592900065
2.602340367, 2.602953910
2.612340362, 2.612895747
2.622340364, 2.622925115
2.632340362, 2.632906686
2.642340361, 2.642910175
2.652340370, 2.652939128
2.662340363, 2.662979766
2.672340367, 2.672864171
2.682340367, 2.682867288
2.692340415, 2.692895312
2.702340362, 2.702875058
2.712340369, 2.712893507
2.722340362, 2.722846780
2.732340361, 2.732941722
2.742340360, 2.742954335
2.752340368, 2.752939236
2.762340356, 2.762960130
2.772340369, 2.772840562
2.782340367, 2.782916630
2.792340365, 2.792929122
2.802340369, 2.802938900
2.812340364, 2.812874240
2.822340362, 2.822870071
2.832340363, 2.833016233
2.842340366, 2.842968878
2.852340369, 2.852905429
2.862340359, 2.862896112
2.872340357, 2.873043140
2.882340362, 2.882957125
2.892340365, 2.893014638
2.902340398, 2.902942529
2.912340360, 2.913030613
2.922340369, 2.922917752
2.932340364, 2.932918051
2.942340357, 2.942852863
2.952340363, 2.952868967
2.962340354, 2.962876394
2.972340360, 2.972940573
2.982340363, 2.982942959
2.992340368, 2.992873166
3.002340362, 3.002919674
3.012340369, 3.012949975
3.022340366, 3.022984821
3.032340362, 3.032960869
3.042340365, 3.042960234
3.052340359, 3.052979885
3.062340360, 3.062854128
3.072340365, 3.072938965
3.082340358, 3.082901638
3.092340360, 3.092926493
3.102340360, 3.102990433
3.112340359, 3.112970392
3.122340361, 3.123015879
3.132340370, 3.132904090
3.142340359, 3.143053610
3.152340359, 3.152969358
3.162340356, 3.162975474
3.172340357, 3.172935978
3.182340364, 3.182872175
3.192340362, 3.192834356
3.202340367, 3.202949121
3.212340360, 3.212943984
3.222340365, 3.222955108
3.232340354, 3.233021304
3.242340362, 3.242921497
3.252340356, 3.252950834
3.262340362, 3.262985487
3.272340365, 3.272921610
3.282340367, 3.282942993
3.292340363, 3.292937039
3.302340362, 3.302949904
3.312340367, 3.312967739
3.322340363, 3.322904207
3.332340355, 3.332903824
3.342340368, 3.342938001
3.352340362, 3.353005872
3.362340359, 3.363007382
3.372340363, 3.373059080
3.382340359, 3.382856260
3.392340362, 3.392946689
3.402340359, 3.403000175
3.412340364, 3.412926379
3.422340365, 3.422935725
3.432340356, 3.433096207
3.442340357, 3.442955041
3.452340357, 3.452969381
3.462340367, 3.462878948
3.472340358, 3.472942628
3.482340362, 3.482878131
3.492340362, 3.492860426
3.502340361, 3.502983892
3.512340360, 3.513070246
3.522340356, 3.522957425
3.532340358, 3.532909651
3.542340359, 3.542967527
3.552340358, 3.553014623
3.562340359, 3.562986301
3.572340360, 3.572991007
3.582340369, 3.582948763
3.592340363, 3.592876316
3.602340365, 3.602938967
3.612340362, 3.612940173
3.622340364, 3.622843199
3.632340374, 3.632949953
3.642340362, 3.642979558
3.652340357, 3.652894765
3.662340364, 3.662827152
3.672340377, 3.672903566
3.682340363, 3.682973791
3.692340359, 3.692966087
3.702340364, 3.703007785
3.712340361, 3.712954687
3.722340356, 3.722870601
3.732340359, 3.732891953
3.742340357, 3.743007277
3.752340361, 3.752844140
3.762340359, 3.762986268
3.772340361, 3.773045076
3.782340360, 3.782904975
3.792340365, 3.792974165
3.802340363, 3.802930590
3.812340355, 3.812968748
3.822340359, 3.822993484
3.832340442, 3.832998207
3.842340362, 3.842901747
3.852340583, 3.853025657
3.862340366, 3.862919834
3.872340364, 3.872921571
3.882340363, 3.882997296
3.892340362, 3.893090669
3.902340369, 3.903049677
3.912340360, 3.913010451
3.922340361, 3.922898760
3.932340359, 3.932961908
3.942340363, 3.942927030
3.952340403, 3.953003947
3.962340366, 3.962893321
3.972340365, 3.972957693
3.982340358, 3.982867982
3.992340365, 3.992863234
4.002340356, 4.002880841
4.012340357, 4.012955603
4.022340360, 4.022950504
4.032340367, 4.032902436
4.042340407, 4.042897306
4.052340364, 4.053001930
4.062340367, 4.062960239
4.072340362, 4.072891475
4.082340361, 4.082881400
4.092340362, 4.092996017
4.102340364, 4.103015867
4.112340364, 4.112969073
4.122340359, 4.123020172
4.132342488, 4.132999128
4.142340367, 4.142998693
4.152340364, 4.152947016
4.162340362, 4.162979205
4.172340367, 4.172913244
4.182340360, 4.182894376
4.192340359, 4.192946177
4.202340356, 4.202970084
4.212340379, 4.212906861
4.222340359, 4.222941208
4.232340367, 4.232943995
4.242340359, 4.242838247
4.252340358, 4.253021045
4.262340394, 4.262921698
4.272340362, 4.272964307
4.282340363, 4.282933446
4.292340392, 4.293011125
4.302340359, 4.302926734
4.312340358, 4.313031820
4.322340360, 4.322943538
4.332340360, 4.332940126
4.342340359, 4.342959954
4.352340409, 4.352943073
4.362340363, 4.363005872
4.372340358, 4.372917961
4.382340366, 4.383059187
4.392340392, 4.393042756
4.402342339, 4.402966049
4.412340365, 4.412901463
4.422340403, 4.422911249
4.432340366, 4.432905965
4.442340360, 4.442906995
4.452340367, 4.452954157
4.462340361, 4.462945756
4.472340366, 4.472917162
4.482340402, 4.482996929
4.492340356, 4.492838347
4.502340357, 4.502958415
4.512340364, 4.512895776
4.522340395, 4.522882001
4.532340365, 4.533022922
4.542340363, 4.542930053
4.552340363, 4.552960705
4.562340402, 4.562901365
4.572349158, 4.572914762
4.582340359, 4.582995783
4.592340367, 4.592879781
4.602340359, 4.602935426
4.612340367, 4.612895281
4.622340395, 4.622945041
4.632340369, 4.632908190
4.642340364, 4.642934458
4.652340366, 4.652835082
4.662340367, 4.662974808
4.672340363, 4.672954806
4.682340369, 4.682927391
4.692340373, 4.692938074
4.702340366, 4.703005509
4.712340364, 4.712903290
4.722340363, 4.722872659
4.732340366, 4.732933416
4.742340365, 4.742851142
4.752340398, 4.752973401
4.762340362, 4.762947063
4.772340366, 4.772931188
4.782340365, 4.782952304
4.792340367, 4.792912399
4.802340364, 4.802932595
4.812340362, 4.812852531
4.822340361, 4.822875552
4.832340361, 4.832825714
4.842340369, 4.842867650
4.852340363, 4.852886995
4.862340364, 4.862880681
4.872340362, 4.873001275
4.882340357, 4.883000350
4.892340365, 4.892947831
4.902340364, 4.902940239
4.912340366, 4.912928893
4.922340364, 4.922929376
4.932340365, 4.932937093
4.942340361, 4.942892522
4.952340362, 4.952973726
4.962340363, 4.962937159
4.972340363, 4.972918690
4.982340362, 4.982867385
4.992340362, 4.992908499
5.002340364, 5.002896774
5.012340359, 5.012903122
5.022340365, 5.022911411
5.032340359, 5.032946125
5.042340364, 5.042828228
5.052340367, 5.052942365
5.062340359, 5.062892363
5.072340366, 5.072940018
5.082340358, 5.082998460
5.092340361, 5.092947834
5.102340360, 5.102929671
5.112340363, 5.112893370
5.122340361, 5.122949609
5.132340364, 5.132889940
5.142340360, 5.142863025
5.152340362, 5.152921665
5.162340356, 5.162881802
5.172340360, 5.172953858
5.182340358, 5.182871716
5.192340364, 5.192999064
5.202340365, 5.202910870
5.212340411, 5.212937661
5.222340365, 5.222916940
5.232340362, 5.232901066
5.242340359, 5.242904635
5.252340414, 5.253044307
5.262340356, 5.262951473
5.272340359, 5.272875023
5.282340361, 5.282950656
5.292340367, 5.292882606
5.302340362, 5.302878842
5.312340369, 5.312947772
5.322340363, 5.322921439
5.332340366, 5.332920294
5.342340361, 5.342931668
5.352340360, 5.352924603
5.362340358, 5.362992643
5.372340365, 5.372894754
5.382340363, 5.382935959
5.392340362, 5.392996546
5.402340360, 5.402893463
5.412340363, 5.412954478
5.422340361, 5.422823916
5.432340361, 5.432845491
5.442340363, 5.442868516
5.452340354, 5.452920779
5.462340357, 5.462903058
5.472340362, 5.472862506
5.482340364, 5.482900024
5.492340364, 5.492956107
5.502340364, 5.502938188
5.512340361, 5.512880995
5.522340360, 5.522841978
5.532340407, 5.532891289
5.542340356, 5.543014869
5.552340357, 5.552825369
5.562340358, 5.562964277
5.572340359, 5.572920500
5.582340362, 5.582953022
5.592340365, 5.592872469
5.602340358, 5.603001815
5.612340365, 5.612914962
5.622340364, 5.622870890
5.632340362, 5.632818227
5.642340364, 5.642900963
5.652340360, 5.652927308
5.662340356, 5.662968574
5.672340399, 5.672874236
5.682340358, 5.682846558
5.692340362, 5.692892080
5.702340362, 5.702903331
5.712340359, 5.712901338
5.722340361, 5.722915436
5.732340365, 5.732959847
5.742340355, 5.742898168
5.752340361, 5.752932976
5.762340359, 5.762878495
5.772340364, 5.772955246
5.782340359, 5.782859670
5.792340365, 5.792949527
5.802340398, 5.802903260
5.812340358, 5.812806765
5.822340360, 5.822888938
5.832340362, 5.832837859
5.842340369, 5.842964164
5.852340355, 5.852791070
5.862341770, 5.862897592
5.872340361, 5.872890821
5.882340365, 5.882902780
5.892340359, 5.892991010
5.902340364, 5.902948623
5.912340360, 5.912924714
5.922340364, 5.922949734
5.932340361, 5.932882063
5.942340361, 5.942926796
5.952340360, 5.952914577
5.962340367, 5.962994304
5.972340360, 5.972852513
5.982340367, 5.982919740
5.992340363, 5.992899391
6.002340375, 6.002826049
6.012340368, 6.012865901
6.022340356, 6.022949508
6.032340389, 6.032981712
6.042340365, 6.042958129
6.052340363, 6.052889356
6.062340362, 6.062820140
6.072340362, 6.072980081
6.082340366, 6.082897314
6.092340365, 6.092875452
6.102340365, 6.102837193
6.112340361, 6.112941664
6.122340365, 6.122866529
6.132340359, 6.132916438
6.142340364, 6.142863825
6.152340364, 6.152805276
6.162340369, 6.162975926
6.172340358, 6.173046520
6.182340364, 6.182889834
6.192340359, 6.193004707
6.202340366, 6.202924963
6.212340366, 6.213072534
6.222340358, 6.222976992
6.232340357, 6.232932065
6.242340360, 6.242953405
6.252340367, 6.252967415
6.262342312, 6.262894330
6.272340379, 6.272908648
6.282340362, 6.282877477
6.292340359, 6.292960690
6.302340369, 6.302973035
6.312340364, 6.312960427
6.322340357, 6.323019705
6.332340364, 6.332996574
6.342340404, 6.342917761
6.352340359, 6.352887964
6.362340364, 6.362975357
6.372340367, 6.372978969
6.382340364, 6.382873161
6.392340359, 6.392963483
6.402340365, 6.402976576
6.412340364, 6.412973567
6.422340357, 6.422867211
6.432340359, 6.432862109
6.442340395, 6.443012403
6.452348686, 6.452928503
6.462340374, 6.462993388
6.472340368, 6.472973784
6.482340366, 6.482836845
6.492340365, 6.492917121
6.502340367, 6.502956805
6.512340365, 6.512898267
6.522340393, 6.522997894
6.532340367, 6.532880537
6.542340369, 6.542888280
6.552340397, 6.552893112
6.562340363, 6.563026003
6.572340364, 6.572843048
6.582340365, 6.583046344
6.592340368, 6.592857365
6.602340362, 6.602945702
6.612340359, 6.612924002
6.622340358, 6.622966187
6.632340365, 6.633048689
6.642340367, 6.642918210
6.652340359, 6.652954752
6.662340362, 6.662903269
6.672340364, 6.672886918
6.682340364, 6.682962628
6.692340364, 6.692883509
6.702340359, 6.702960737
6.712340393, 6.712926785
6.722340365, 6.723003604
6.732340369, 6.733010389
6.742340364, 6.742990639
6.752340361, 6.752935790
6.762340360, 6.762910967
6.772340359, 6.772898162
6.782340361, 6.783080731
6.792340355, 6.792889544
6.802340354, 6.803007739
6.812340360, 6.812932406
6.822340358, 6.822875208
6.832340359, 6.832907424
6.842340361, 6.842967053
6.852340364, 6.852973421
6.862340361, 6.862967220
6.872340367, 6.873034824
6.882340360, 6.882819656
6.892340358, 6.892917873
6.902340689, 6.903039536
6.912340359, 6.912990198
6.922340361, 6.922885848
6.932340360, 6.933031026
6.942340367, 6.942965845
6.952340363, 6.952960131
6.962340364, 6.962942608
6.972340360, 6.972866093
6.982340362, 6.983092098
6.992340356, 6.993079195
7.002340359, 7.002932462
7.012340392, 7.013060969
7.022340361, 7.022986097
7.032340362, 7.032979125
7.042340364, 7.042894528
7.052340366, 7.052919518
7.062340362, 7.062839233
7.072340358, 7.072919100
7.082340360, 7.083043782
7.092340364, 7.092899563
7.102340361, 7.102933037
7.112340396, 7.112958025
7.122340360, 7.122816162
7.132347359, 7.132935457
7.142340362, 7.143018678
7.152340360, 7.152963547
7.162340366, 7.163050819
7.172340375, 7.172917614
7.182340364, 7.182925497
7.192340359, 7.193061059
7.202340362, 7.202886863
7.212340365, 7.212937293
7.222340364, 7.223048106
7.232340397, 7.233012773
7.242340362, 7.243003413
7.252340362, 7.252829868
7.262340361, 7.263003250
7.272340355, 7.272949616
7.282340373, 7.283028306
7.292340364, 7.292937598
7.302340363, 7.302899814
7.312340359, 7.312952535
7.322340362, 7.322948718
7.332340358, 7.333036911
7.342340364, 7.342954568
7.352340360, 7.353042074
7.362340365, 7.363044860
7.372340388, 7.372838899
7.382340369, 7.382973815
7.392340359, 7.392961723
7.402340428, 7.402984027
7.412340361, 7.413028302
7.422340359, 7.422945003
7.432340366, 7.432845090
7.442340364, 7.443125898
7.452340398, 7.452872721
7.462340364, 7.462881407
7.472340355, 7.472899266
7.482340360, 7.483009096
7.492340363, 7.492883081
7.502340364, 7.503007269
7.512340360, 7.512896816
7.522340364, 7.523067529
7.532340369, 7.533046428
7.542340362, 7.542932972
7.552340367, 7.552943628
7.562340366, 7.562990799
7.572340359, 7.572993379
7.582340359, 7.583005213
7.592340361, 7.592904183
7.602341983, 7.602930087
7.612340398, 7.612976763
7.622340361, 7.622897091
7.632340362, 7.632980088
7.642340357, 7.642942999
7.652340369, 7.652948389
7.662340359, 7.663018947
7.672340364, 7.672876721
7.682340395, 7.682931167
7.692340363, 7.693009696
7.702340359, 7.702969967
7.712340359, 7.713045129
7.722340412, 7.722887601
7.732340359, 7.732992733
7.742340362, 7.742946376
7.752340363, 7.753021486
7.762340358, 7.762986607
7.772340360, 7.773073332
7.782340359, 7.783009677
7.792340358, 7.792985846
7.802340362, 7.802973918
7.812340362, 7.813025737
7.822340364, 7.822928534
7.832340359, 7.832907140
7.842340363, 7.843082960
7.852340358, 7.852922531
7.862340365, 7.862984526
7.872340359, 7.873068633
7.882340358, 7.883004076
7.892340366, 7.892927013
7.902340364, 7.902979702
7.912340363, 7.912953872
7.922340364, 7.922966341
7.932340359, 7.932892757
7.942340361, 7.942983235
7.952340389, 7.952925517
7.962340363, 7.963015882
7.972340359, 7.972897484
7.982340360, 7.983029567
7.992340367, 7.992911496
8.002340364, 8.003015525
8.012340355, 8.012894203
8.022340362, 8.023008340
8.032340389, 8.032968402
8.042340355, 8.042958248
8.052340362, 8.052896243
8.062340364, 8.063000331
8.072340366, 8.073014546
8.082340362, 8.082891842
8.092340363, 8.092937058
8.102340366, 8.102912120
8.112340365, 8.112925024
8.122340364, 8.122921350
8.132340360, 8.132979237
8.142340368, 8.142983608
8.152340358, 8.152879041
8.162340364, 8.162921821
8.172340363, 8.173013615
8.182340397, 8.183056773
8.192340362, 8.193038859
8.202340364, 8.202848985
8.212340361, 8.213035230
8.222340366, 8.223007262
8.232340392, 8.232913110
8.242348623, 8.242962210
8.252340361, 8.252930988
8.262340365, 8.262995424
8.272340358, 8.273051709
8.282340362, 8.282947980
8.292340359, 8.292886429
8.302340361, 8.302922467
8.312340364, 8.312824051
8.322340355, 8.322908152
8.332340368, 8.332905054
8.342340391, 8.342940091
8.352340365, 8.353019630
8.362340367, 8.362957917
8.372340369, 8.372978376
8.382340369, 8.382934519
8.392340366, 8.392920909
8.402340365, 8.402878359
8.412340362, 8.412975957
8.422340359, 8.423026435
8.432340360, 8.432951440
8.442340362, 8.442974782
8.452340362, 8.452955353
8.462340361, 8.462988506
8.472340365, 8.472975134
8.482340362, 8.483022071
8.492340364, 8.492947748
8.502340360, 8.502918409
8.512340361, 8.512857843
8.522340362, 8.523046980
8.532340358, 8.532963032
8.542340362, 8.542925352
8.552340360, 8.552991488
8.562340365, 8.563002176
8.572340358, 8.572974238
8.582340359, 8.582962632
8.592340359, 8.592863507
8.602340363, 8.602930872
8.612340361, 8.612920144
8.622340369, 8.622907052
8.632340354, 8.632920373
8.642340360, 8.642966450
8.652340365, 8.653047849
8.662340364, 8.662970966
8.672340364, 8.672929261
8.682340363, 8.682959009
8.692340356, 8.693019298
8.702340359, 8.702952211
8.712340362, 8.712864659
8.722340359, 8.722984370
8.732340355, 8.733077735
8.742340360, 8.742967885
8.752340359, 8.753033765
8.762340365, 8.762972933
8.772340360, 8.772972574
8.782340363, 8.783097697
8.792340360, 8.792949696
8.802340365, 8.803054372
8.812340357, 8.812843884
8.822340360, 8.822962403
8.832340356, 8.832933778
8.842340359, 8.842952155
8.852340359, 8.853027805
8.862340359, 8.862842765
8.872340359, 8.872922818
8.882340362, 8.883044372
8.892340364, 8.893014550
8.902340356, 8.902943980
8.912340361, 8.913011503
8.922340359, 8.922905156
8.932340357, 8.933004574
8.942340361, 8.943021348
8.952340364, 8.953029680
8.962340367, 8.962997387
8.972340365, 8.972998668
8.982340365, 8.982908377
8.992340362, 8.993052594
9.002340362, 9.002970856
9.012340390, 9.013011513
9.022340361, 9.022897161
9.032340359, 9.032894209
9.042342213, 9.042920821
9.052340363, 9.052981419
9.062340359, 9.062884275
9.072340364, 9.072878907
9.082340361, 9.083031110
9.092340366, 9.092912541
9.102340364, 9.102965115
9.112340358, 9.112965627
9.122340356, 9.123127848
9.132340360, 9.133011539
9.142340393, 9.142954526
9.152340362, 9.153003978
9.162340362, 9.162968687
9.172340363, 9.172948036
9.182340359, 9.182817775
9.192340355, 9.192913943
9.202340359, 9.202897845
9.212340359, 9.212875780
9.222340365, 9.222951445
9.232340361, 9.232933409
9.242340364, 9.242913450
9.252340363, 9.252965823
9.262340411, 9.262953167
9.272340362, 9.272930465
9.282340364, 9.282963445
9.292340363, 9.293033606
9.302340370, 9.303008962
9.312340363, 9.312985554
9.322340358, 9.323001638
9.332343926, 9.332906097
9.342340365, 9.342848137
9.352340364, 9.352964575
9.362340390, 9.362995281
9.372340362, 9.373017887
9.382340366, 9.383003925
9.392340357, 9.393005735
9.402340362, 9.403046111
9.412340361, 9.413041277
9.422340361, 9.422860027
9.432340362, 9.432989116
9.442340358, 9.442951486
9.452340367, 9.452934859
9.462340359, 9.462938472
9.472340366, 9.472922196
9.482340365, 9.483031702
9.492340362, 9.492948703
9.502340361, 9.502911542
9.512340365, 9.512888865
9.522340364, 9.522915447
9.532340364, 9.533017833
9.542340365, 9.542834952
9.552340360, 9.553013139
9.562340364, 9.562864118
9.572340359, 9.572988350
9.582340364, 9.582950187
9.592340356, 9.592975440
9.602340390, 9.602975753
9.612340360, 9.613001572
9.622340364, 9.622961234
9.632340365, 9.632972837
9.642340364, 9.642998187
9.652340364, 9.652931584
9.662340359, 9.663004570
9.672340362, 9.672967721
9.682340387, 9.682924282
9.692340355, 9.693018054
9.702340358, 9.703057619
9.712340362, 9.713022504
9.722340361, 9.722889348
9.732340367, 9.732918907
9.742340359, 9.742914476
9.752340367, 9.752988032
9.762340363, 9.762926480
9.772340403, 9.773060116
9.782340360, 9.782957763
9.792340365, 9.792949410
9.802340367, 9.802984770
9.812340362, 9.812998050
9.822340360, 9.822921515
9.832340363, 9.832996649
9.842340366, 9.842898567
9.852340365, 9.852943098
9.862340363, 9.863132998
9.872340367, 9.873031062
9.882340355, 9.882883292
9.892340364, 9.893106664
9.902340366, 9.902931132
9.912340359, 9.912967280
9.922340358, 9.922927556
9.932340365, 9.932893065
9.942340363, 9.942998969
9.952340361, 9.952949475
9.962340361, 9.962977928
9.972340365, 9.973069447
9.982340389, 9.982984286
9.992346169, 9.992877838
10.002340364, 10.002928859
10.012340366, 10.013017238
10.022340362, 10.022843491
10.032340369, 10.033003528
10.042340363, 10.042943101
10.052340361, 10.052964716
10.062340392, 10.063097169
10.072340367, 10.073016450
10.082340366, 10.082995113
10.092340400, 10.092956781
10.102340361, 10.103053465
10.112340364, 10.112954493
10.122340363, 10.123012450
10.132340363, 10.132977029
10.142340392, 10.142901922
10.152340369, 10.153055966
10.162340368, 10.162942333
10.172340357, 10.173020994
10.182340358, 10.182997577
10.192340362, 10.192939211
10.202340360, 10.202867367
10.212340364, 10.212963218
10.222340362, 10.223009162
10.232340364, 10.232982312
10.242340364, 10.242941894
10.252349847, 10.252919815
10.262340365, 10.263014075
10.272340364, 10.272934147
10.282340397, 10.282962032
10.292340365, 10.292922942
10.302340368, 10.303002546
10.312340358, 10.313040675
10.322340362, 10.322925824
10.332340363, 10.333039698
10.342340367, 10.342969018
10.352340359, 10.352927990
10.362340360, 10.363035337
10.372340359, 10.372977836
10.382340359, 10.382903046
10.392340359, 10.392965049
10.402340364, 10.402889528
10.412340364, 10.412976527
10.422340360, 10.422896040
10.432340362, 10.432981987
10.442340356, 10.442987095
10.452340356, 10.452973150
10.462340361, 10.462926748
10.472340356, 10.473004782
10.482340364, 10.483043164
10.492340362, 10.492966199
10.502340360, 10.503050245
10.512340364, 10.512935189
10.522340358, 10.523027233
10.532340364, 10.532852403
10.542340365, 10.543009817
10.552340354, 10.552993456
10.562340356, 10.562964610
10.572340365, 10.572848085
10.582340363, 10.582949167
10.592340362, 10.592932768
10.602340364, 10.602888359
10.612340362, 10.612870130
10.622340361, 10.622859843
10.632340363, 10.632996411
10.642340364, 10.642962498
10.652340361, 10.652974205
10.662341632, 10.662912026
10.672340361, 10.672937935
10.682340364, 10.682979136
10.692340362, 10.692854013
10.702340362, 10.702950381
10.712340394, 10.712804339
10.722340364, 10.722912382
10.732340354, 10.732991603
10.742340356, 10.743035441
10.752340358, 10.752934030
10.762340358, 10.762975275
10.772340361, 10.772961839
10.782340409, 10.783016840
10.792340361, 10.792984788
10.802341019, 10.802936236
10.812340359, 10.813058606
10.822340364, 10.822947573
10.832343684, 10.832986317
10.842340360, 10.842984515
10.852340362, 10.852896358
10.862340365, 10.863041523
10.872340393, 10.872980744
10.882340363, 10.883045015
10.892340360, 10.892875868
10.902340359, 10.902974920
10.912340364, 10.912912170
10.922340364, 10.922989828
10.932340359, 10.932795603
10.942340362, 10.943029555
10.952340362, 10.953007599
10.962340360, 10.962918116
10.972340361, 10.972961707
10.982340365, 10.982908438
10.992340365, 10.992911355
11.002340363, 11.002963320
11.012340362, 11.013041043
11.022340356, 11.022914102
11.032340391, 11.033010780
11.042340360, 11.042931247
11.052340362, 11.053031920
11.062340363, 11.063003845
11.072340365, 11.072947664
11.082340367, 11.082940273
11.092340368, 11.093012819
11.102340362, 11.102958697
11.112340364, 11.113003493
11.122340361, 11.122922093
11.132340356, 11.132927658
11.142340362, 11.143025432
11.152340396, 11.152912260
11.162340362, 11.162940314
11.172340362, 11.172945683
11.182340362, 11.183048871
11.192340364, 11.192983041
11.202340364, 11.202938411
11.212340362, 11.213011438
11.222340369, 11.222916651
11.232340360, 11.232970454
11.242340361, 11.242955769
11.252340361, 11.252958759
11.262340359, 11.263040740
11.272340395, 11.272904530
11.282340364, 11.282961174
11.292340355, 11.293001836
11.302340361, 11.302963404
11.312340359, 11.312948315
11.322340362, 11.322936441
11.332340391, 11.333088613
11.342340361, 11.342907179
11.352340365, 11.353034273
11.362340361, 11.363098944
11.372340360, 11.372906018
11.382340363, 11.382981418
11.392340361, 11.392980621
11.402340364, 11.402892594
11.412340372, 11.412861949
11.422340361, 11.423019419
11.432340362, 11.432912731
11.442340395, 11.442903209
11.452340362, 11.452920988
11.462340360, 11.462958400
11.472340363, 11.472954317
11.482340361, 11.482927409
11.492340364, 11.492885877
11.502340365, 11.502925267
11.512340362, 11.513030789
11.522340361, 11.522909948
11.532340397, 11.533017714
11.542340363, 11.542927080
11.552340362, 11.552968644
11.562340368, 11.562918239
11.572340363, 11.572873935
11.582340362, 11.582917831
11.592340368, 11.593050273
11.602340364, 11.602954438
11.612340359, 11.612939264
11.622340365, 11.623024769
11.632340363, 11.632915201
11.642340361, 11.642948236
11.652340367, 11.652929076
11.662340363, 11.662863638
11.672340397, 11.672908021
11.682340364, 11.682920648
11.692340381, 11.692896432
11.702340367, 11.702957784
11.712340363, 11.712937139
11.722340361, 11.722965040
11.732340366, 11.732958069
11.742340367, 11.742860605
11.752340361, 11.752831542
11.762340362, 11.762868528
11.772340364, 11.772864946
11.782340362, 11.783011286
11.792340361, 11.792981305
11.802340395, 11.803032612
11.812340366, 11.812847562
11.822340364, 11.823080871
11.832340368, 11.832965592
11.842340363, 11.842914796
11.852340364, 11.853052392
11.862340365, 11.862908654
11.872340359, 11.872930440
11.882340394, 11.882983152
11.892340360, 11.892937388
11.902340354, 11.903001044
11.912340365, 11.913044208
11.922340364, 11.922976554
11.932340366, 11.932943827
11.942349410, 11.942935610
11.952340363, 11.952894432
11.962340363, 11.962940504
11.972340391, 11.972854247
11.982340356, 11.982993958
11.992340356, 11.992865712
12.002340361, 12.002996378
12.012340360, 12.013066600
12.022351801, 12.023014514
12.032340365, 12.033036904
12.042340356, 12.042917453
12.052340364, 12.052962881
------------------------------
