------------------------------------------------------------
Client connecting to 10.10.1.2, TCP port 5001
TCP window size: 85.0 KByte (default)
------------------------------------------------------------
[  3] local 10.10.1.1 port 48894 connected with 10.10.1.2 port 5001
[ ID] Interval       Transfer     Bandwidth
[  3]  0.0- 1.0 sec  14.6 MBytes   123 Mbits/sec
[  3]  1.0- 2.0 sec  11.9 MBytes  99.6 Mbits/sec
[  3]  2.0- 3.0 sec  16.5 MBytes   138 Mbits/sec
[  3]  3.0- 4.0 sec  12.4 MBytes   104 Mbits/sec
[  3]  4.0- 5.0 sec  14.9 MBytes   125 Mbits/sec
[  3]  5.0- 6.0 sec  12.9 MBytes   108 Mbits/sec
[  3]  6.0- 7.0 sec  15.4 MBytes   129 Mbits/sec
[  3]  7.0- 8.0 sec  12.0 MBytes   101 Mbits/sec
[  3]  8.0- 9.0 sec  13.9 MBytes   116 Mbits/sec
[  3]  9.0-10.0 sec  15.2 MBytes   128 Mbits/sec
[  3] 10.0-11.0 sec  16.8 MBytes   141 Mbits/sec
[  3] 11.0-12.0 sec  15.1 MBytes   127 Mbits/sec
[  3] 12.0-13.0 sec  9.88 MBytes  82.8 Mbits/sec
[  3] 13.0-14.0 sec  21.0 MBytes   176 Mbits/sec
[  3] 14.0-15.0 sec  14.9 MBytes   125 Mbits/sec
[  3] 15.0-16.0 sec  16.1 MBytes   135 Mbits/sec
[  3] 16.0-17.0 sec  14.5 MBytes   122 Mbits/sec
[  3] 17.0-18.0 sec  16.2 MBytes   136 Mbits/sec
[  3] 18.0-19.0 sec  13.6 MBytes   114 Mbits/sec
[  3] 19.0-20.0 sec  18.2 MBytes   153 Mbits/sec
[  3]  0.0-20.0 sec   296 MBytes   124 Mbits/sec
