------------------------------
test was performed using the following parameters: --mps=100 --burst=1 --reply-every=1 --msg-size=14 --time=10
------------------------------
sockperf: [Total Run] RunTime=10.100 sec; SentMessages=1011; ReceivedMessages=1010
sockperf: ========= Printing statistics for Server No: 0
sockperf: [Valid Duration] RunTime=9.990 sec; SentMessages=1000; ReceivedMessages=1000
sockperf: [2;35m====> avg-lat= 62.153 (std-dev=13.417)[0m
sockperf: # dropped messages = 0; # duplicated messages = 0; # out-of-order messages = 0
sockperf: [2;35mTotal 1000 observations[0m; each percentile contains 10.00 observations
sockperf: ---> <MAX> observation =  117.367
sockperf: ---> percentile 99.999 =  117.367
sockperf: ---> percentile 99.990 =  117.367
sockperf: ---> percentile 99.900 =  112.927
sockperf: ---> percentile 99.000 =  100.886
sockperf: ---> percentile 90.000 =   80.074
sockperf: ---> percentile 75.000 =   67.774
sockperf: ---> percentile 50.000 =   60.505
sockperf: ---> percentile 25.000 =   55.942
sockperf: ---> <MIN> observation =   27.268
------------------------------
txTime, rxTime
2.064126806, 2.064220277
2.074126789, 2.074249813
2.084126793, 2.084251684
2.094126798, 2.094278484
2.104126799, 2.104223750
2.114126793, 2.114241079
2.124126783, 2.124247966
2.134126779, 2.134241880
2.144126790, 2.144216245
2.154126786, 2.154243115
2.164126778, 2.164233824
2.174126780, 2.174267639
2.184126831, 2.184352687
2.194126830, 2.194327119
2.204126808, 2.204341872
2.214126811, 2.214246782
2.224126813, 2.224242055
2.234126796, 2.234246420
2.244126799, 2.244294167
2.254126855, 2.254291335
2.264126800, 2.264264772
2.274126801, 2.274252525
2.284126796, 2.284243379
2.294126789, 2.294263499
2.304126796, 2.304265475
2.314126794, 2.314270222
2.324126786, 2.324309650
2.334126827, 2.334280158
2.344126833, 2.344264116
2.354126820, 2.354250962
2.364126825, 2.364252948
2.374126799, 2.374278972
2.384126802, 2.384261129
2.394126815, 2.394248645
2.404126799, 2.404256827
2.414126822, 2.414348457
2.424126835, 2.424361570
2.434126814, 2.434265683
2.444126811, 2.444260111
2.454126815, 2.454261376
2.464126806, 2.464282272
2.474126803, 2.474263600
2.484126798, 2.484242426
2.494126799, 2.494251772
2.504126801, 2.504289267
2.514126793, 2.514244075
2.524126790, 2.524254192
2.534126784, 2.534262214
2.544126778, 2.544242047
2.554126781, 2.554246338
2.564126779, 2.564245360
2.574126783, 2.574239207
2.584126779, 2.584241424
2.594126779, 2.594212121
2.604126783, 2.604243726
2.614126782, 2.614236143
2.624126813, 2.624278684
2.634126823, 2.634274203
2.644126813, 2.644326272
2.654126823, 2.654291481
2.664126813, 2.664250842
2.674126803, 2.674247852
2.684126799, 2.684317003
2.694126799, 2.694218439
2.704126793, 2.704252517
2.714126801, 2.714248858
2.724126789, 2.724245244
2.734126791, 2.734263103
2.744126792, 2.744249095
2.754126785, 2.754252821
2.764126784, 2.764237973
2.774126784, 2.774234199
2.784126786, 2.784244289
2.794126788, 2.794270607
2.804126783, 2.804237657
2.814126780, 2.814233376
2.824126785, 2.824257446
2.834126834, 2.834270660
2.844126813, 2.844253387
2.854126807, 2.854263853
2.864126806, 2.864276576
2.874126803, 2.874245803
2.884126795, 2.884243989
2.894126801, 2.894254593
2.904126805, 2.904297358
2.914126827, 2.914247838
2.924126795, 2.924250271
2.934126792, 2.934249750
2.944126786, 2.944263615
2.954126783, 2.954249888
2.964126784, 2.964262703
2.974126789, 2.974315889
2.984126833, 2.984292832
2.994126857, 2.994272423
3.004126820, 3.004265352
3.014126807, 3.014286363
3.024126813, 3.024246445
3.034126802, 3.034263970
3.044126822, 3.044271550
3.054126823, 3.054254462
3.064126815, 3.064328590
3.074126825, 3.074334123
3.084126807, 3.084281888
3.094126810, 3.094245786
3.104126796, 3.104253980
3.114126798, 3.114254957
3.124126807, 3.124305243
3.134126794, 3.134239697
3.144126798, 3.144237599
3.154126792, 3.154250858
3.164126794, 3.164273946
3.174126780, 3.174238456
3.184126793, 3.184235360
3.194126785, 3.194252016
3.204126785, 3.204236205
3.214126784, 3.214244265
3.224126783, 3.224249909
3.234126786, 3.234242341
3.244126782, 3.244258312
3.254126830, 3.254282417
3.264126825, 3.264256299
3.274126817, 3.274262824
3.284126805, 3.284251721
3.294126796, 3.294250900
3.304126799, 3.304244220
3.314126797, 3.314246744
3.324126802, 3.324244463
3.334126802, 3.334252748
3.344126788, 3.344253892
3.354126798, 3.354241256
3.364126786, 3.364250045
3.374126790, 3.374251690
3.384126789, 3.384275085
3.394126779, 3.394241975
3.404126782, 3.404247321
3.414126781, 3.414259151
3.424126780, 3.424239096
3.434126783, 3.434255027
3.444126785, 3.444261903
3.454126825, 3.454304449
3.464126831, 3.464247688
3.474126811, 3.474241590
3.484126803, 3.484317359
3.494126830, 3.494324614
3.504126805, 3.504255861
3.514126810, 3.514255235
3.524126815, 3.524253026
3.534126805, 3.534244025
3.544126800, 3.544240766
3.554126797, 3.554252034
3.564126792, 3.564262002
3.574126787, 3.574240270
3.584126794, 3.584255696
3.594126785, 3.594264246
3.604126791, 3.604235484
3.614126781, 3.614241146
3.624126783, 3.624247065
3.634126816, 3.634247274
3.644126779, 3.644256886
3.654126788, 3.654262796
3.664126820, 3.664329964
3.674126822, 3.674241312
3.684126811, 3.684218018
3.694126812, 3.694234147
3.704126800, 3.704263203
3.714126808, 3.714235255
3.724126791, 3.724194252
3.734126809, 3.734184790
3.744126792, 3.744252362
3.754126788, 3.754199858
3.764126789, 3.764239698
3.774126796, 3.774230787
3.784126783, 3.784235230
3.794126785, 3.794185606
3.804126783, 3.804206917
3.814126784, 3.814241800
3.824126781, 3.824239819
3.834126782, 3.834225449
3.844126781, 3.844210735
3.854126783, 3.854263264
3.864133086, 3.864234984
3.874126811, 3.874221364
3.884126812, 3.884215150
3.894126806, 3.894283703
3.904126794, 3.904239036
3.914126805, 3.914211276
3.924126806, 3.924225700
3.934126792, 3.934215048
3.944126825, 3.944209099
3.954126788, 3.954215778
3.964126789, 3.964212129
3.974126793, 3.974207570
3.984126783, 3.984231922
3.994126783, 3.994217218
4.004126783, 4.004229452
4.014126782, 4.014188021
4.024128880, 4.024213050
4.034126782, 4.034206132
4.044126780, 4.044277232
4.054126782, 4.054221431
4.064126816, 4.064239761
4.074126807, 4.074222567
4.084126811, 4.084231279
4.094126801, 4.094220197
4.104126808, 4.104208901
4.114126801, 4.114258385
4.124126799, 4.124206714
4.134126805, 4.134220737
4.144126797, 4.144236935
4.154126798, 4.154252596
4.164126789, 4.164203872
4.174126784, 4.174246320
4.184126795, 4.184248426
4.194126788, 4.194241769
4.204131061, 4.204206540
4.214126787, 4.214213089
4.224126788, 4.224270654
4.234126779, 4.234206314
4.244126782, 4.244200354
4.254126782, 4.254267706
4.264126827, 4.264279037
4.274126817, 4.274195715
4.284126818, 4.284260792
4.294126815, 4.294245986
4.304126807, 4.304287381
4.314126796, 4.314273160
4.324126820, 4.324211804
4.334126795, 4.334268860
4.344126797, 4.344220753
4.354126791, 4.354238854
4.364126789, 4.364214088
4.374126791, 4.374238911
4.384126796, 4.384205145
4.394126783, 4.394248770
4.404126784, 4.404244851
4.414126779, 4.414280342
4.424126780, 4.424201074
4.434126787, 4.434201684
4.444126779, 4.444248419
4.454126785, 4.454292353
4.464126823, 4.464240586
4.474126820, 4.474264816
4.484126821, 4.484303448
4.494126806, 4.494213522
4.504126809, 4.504217126
4.514126804, 4.514220196
4.524126796, 4.524258467
4.534126798, 4.534219680
4.544126792, 4.544220673
4.554126791, 4.554208407
4.564126789, 4.564222195
4.574126781, 4.574214166
4.584126790, 4.584212530
4.594126786, 4.594303058
4.604126782, 4.604212396
4.614126783, 4.614215528
4.624126779, 4.624245246
4.634126779, 4.634242250
4.644126786, 4.644242204
4.654126788, 4.654251225
4.664126820, 4.664279852
4.674126818, 4.674243490
4.684126806, 4.684214009
4.694126810, 4.694212278
4.704126795, 4.704252070
4.714126792, 4.714247482
4.724126798, 4.724246566
4.734126802, 4.734228102
4.744126789, 4.744229099
4.754126797, 4.754237045
4.764126791, 4.764248619
4.774126789, 4.774262666
4.784126783, 4.784205725
4.794126785, 4.794245723
4.804126781, 4.804241427
4.814126783, 4.814181320
4.824126785, 4.824252077
4.834126782, 4.834238916
4.844126782, 4.844241911
4.854126783, 4.854196644
4.864126816, 4.864281661
4.874126815, 4.874307762
4.884126818, 4.884218779
4.894126806, 4.894212877
4.904126802, 4.904248439
4.914126827, 4.914248944
4.924126799, 4.924230397
4.934126802, 4.934214470
4.944126793, 4.944221553
4.954126789, 4.954249577
4.964126792, 4.964280897
4.974126826, 4.974298356
4.984126796, 4.984223338
4.994126786, 4.994241984
5.004126789, 5.004246180
5.014126778, 5.014243642
5.024126785, 5.024261859
5.034126784, 5.034245497
5.044126777, 5.044221284
5.054126782, 5.054297052
5.064126786, 5.064217752
5.074126826, 5.074269870
5.084126831, 5.084278096
5.094126816, 5.094252198
5.104126814, 5.104238843
5.114126804, 5.114219384
5.124126811, 5.124252812
5.134126791, 5.134238814
5.144126798, 5.144213394
5.154126796, 5.154217519
5.164126790, 5.164226305
5.174126791, 5.174218758
5.184126788, 5.184244970
5.194126783, 5.194220458
5.204126786, 5.204272388
5.214126786, 5.214205323
5.224126783, 5.224218171
5.234126781, 5.234220181
5.244126777, 5.244236325
5.254126785, 5.254183527
5.264126777, 5.264254098
5.274126815, 5.274228777
5.284126812, 5.284216032
5.294126804, 5.294207327
5.304126803, 5.304256736
5.314126796, 5.314205665
5.324126799, 5.324207452
5.334126797, 5.334230969
5.344126806, 5.344259799
5.354126791, 5.354252062
5.364126786, 5.364213875
5.374126787, 5.374238409
5.384126793, 5.384269571
5.394126784, 5.394189913
5.404126780, 5.404209183
5.414126785, 5.414217222
5.424126784, 5.424209851
5.434126783, 5.434214412
5.444126780, 5.444272966
5.454126781, 5.454234822
5.464126787, 5.464211572
5.474126823, 5.474237736
5.484126822, 5.484257903
5.494126813, 5.494297876
5.504126810, 5.504206267
5.514126812, 5.514208568
5.524126803, 5.524211151
5.534126790, 5.534231488
5.544126797, 5.544198142
5.554126801, 5.554212017
5.564126789, 5.564214117
5.574126794, 5.574214119
5.584126786, 5.584248405
5.594126785, 5.594212972
5.604126789, 5.604203052
5.614126785, 5.614219906
5.624126783, 5.624198134
5.634126785, 5.634226290
5.644126783, 5.644250010
5.654126787, 5.654209935
5.664126785, 5.664264182
5.674126815, 5.674279274
5.684126809, 5.684225825
5.694126811, 5.694254975
5.704126810, 5.704258765
5.714126796, 5.714244273
5.724126796, 5.724215382
5.734126796, 5.734242656
5.744126799, 5.744238932
5.754126800, 5.754207302
5.764126797, 5.764241051
5.774126790, 5.774210612
5.784126790, 5.784241645
5.794126786, 5.794197260
5.804126781, 5.804215961
5.814126788, 5.814209222
5.824126784, 5.824240325
5.834126842, 5.834225320
5.844126827, 5.844223977
5.854126821, 5.854257948
5.864126817, 5.864229320
5.874126813, 5.874216902
5.884126820, 5.884238027
5.894126813, 5.894278627
5.904126816, 5.904276606
5.914126810, 5.914232891
5.924126801, 5.924216393
5.934126804, 5.934242118
5.944126802, 5.944200579
5.954126798, 5.954213772
5.964126791, 5.964246112
5.974126786, 5.974215422
5.984126800, 5.984229943
5.994126788, 5.994247928
6.004126789, 6.004208005
6.014126783, 6.014261107
6.024126779, 6.024228631
6.034126784, 6.034243518
6.044126787, 6.044199068
6.054129038, 6.054257172
6.064126785, 6.064257672
6.074126788, 6.074260949
6.084126821, 6.084234911
6.094126813, 6.094216508
6.104126818, 6.104229514
6.114126813, 6.114208444
6.124126799, 6.124216358
6.134126838, 6.134250886
6.144126805, 6.144281261
6.154126797, 6.154210208
6.164126803, 6.164206778
6.174126799, 6.174214173
6.184126784, 6.184221209
6.194126787, 6.194235769
6.204126783, 6.204212040
6.214126788, 6.214228902
6.224126789, 6.224193042
6.234126786, 6.234231485
6.244126783, 6.244264082
6.254126779, 6.254240325
6.264126783, 6.264266390
6.274126784, 6.274239939
6.284126823, 6.284268436
6.294126826, 6.294214653
6.304126804, 6.304194544
6.314126805, 6.314233787
6.324126801, 6.324232483
6.334126806, 6.334203211
6.344126805, 6.344248628
6.354126807, 6.354246065
6.364126796, 6.364219021
6.374126796, 6.374209042
6.384126788, 6.384245154
6.394126789, 6.394237249
6.404126789, 6.404186016
6.414126783, 6.414208274
6.424126780, 6.424244938
6.434126782, 6.434249023
6.444126781, 6.444211683
6.454126780, 6.454197068
6.464126783, 6.464252942
6.474126786, 6.474226474
6.484126820, 6.484273856
6.494126833, 6.494236333
6.504126811, 6.504263534
6.514126799, 6.514231411
6.524126803, 6.524211827
6.534126794, 6.534210286
6.544126798, 6.544237371
6.554126798, 6.554203763
6.564126791, 6.564287113
6.574126790, 6.574229723
6.584126790, 6.584218358
6.594126795, 6.594246331
6.604126786, 6.604266378
6.614126787, 6.614233746
6.624126850, 6.624252905
6.634126784, 6.634236246
6.644126785, 6.644252286
6.654126787, 6.654200773
6.664126785, 6.664194890
6.674126782, 6.674230051
6.684126782, 6.684214807
6.694126786, 6.694213400
6.704126825, 6.704233258
6.714126811, 6.714231484
6.724126821, 6.724205814
6.734126809, 6.734325000
6.744126837, 6.744272528
6.754126806, 6.754264818
6.764126810, 6.764239116
6.774126799, 6.774243733
6.784126801, 6.784257010
6.794126788, 6.794239129
6.804126789, 6.804246890
6.814126798, 6.814244784
6.824126786, 6.824305707
6.834126794, 6.834236430
6.844126778, 6.844234453
6.854126781, 6.854250164
6.864126782, 6.864240674
6.874126784, 6.874299439
6.884126827, 6.884301849
6.894126784, 6.894312771
6.904126779, 6.904244100
6.914126779, 6.914260063
6.924126823, 6.924278938
6.934126829, 6.934260164
6.944126809, 6.944254270
6.954126806, 6.954272021
6.964126811, 6.964275558
6.974126800, 6.974243110
6.984126794, 6.984253026
6.994126791, 6.994251190
7.004126793, 7.004254165
7.014126796, 7.014241553
7.024126793, 7.024237472
7.034126786, 7.034253075
7.044126789, 7.044238884
7.054126791, 7.054237091
7.064126787, 7.064247653
7.074126781, 7.074306628
7.084126781, 7.084237225
7.094126785, 7.094256146
7.104126785, 7.104244739
7.114126785, 7.114292870
7.124126831, 7.124284941
7.134126823, 7.134256125
7.144126807, 7.144251306
7.154126799, 7.154323980
7.164126820, 7.164303506
7.174126810, 7.174265724
7.184126803, 7.184261419
7.194126796, 7.194243501
7.204126800, 7.204244301
7.214126794, 7.214242941
7.224126786, 7.224279301
7.234126837, 7.234281030
7.244126808, 7.244254391
7.254126783, 7.254257574
7.264126783, 7.264237663
7.274126782, 7.274237969
7.284126783, 7.284248984
7.294126787, 7.294268205
7.304126784, 7.304232584
7.314126779, 7.314248567
7.324126782, 7.324250258
7.334126786, 7.334249676
7.344126819, 7.344266868
7.354126816, 7.354260926
7.364126815, 7.364258700
7.374126808, 7.374243040
7.384126810, 7.384244252
7.394126796, 7.394245337
7.404126801, 7.404259833
7.414126797, 7.414240224
7.424126816, 7.424239727
7.434126797, 7.434250800
7.444126784, 7.444267680
7.454126788, 7.454238558
7.464126789, 7.464247472
7.474126785, 7.474249113
7.484126783, 7.484279599
7.494126833, 7.494290229
7.504126786, 7.504242268
7.514126782, 7.514252451
7.524126781, 7.524238995
7.534126779, 7.534240609
7.544126788, 7.544263195
7.554126833, 7.554283453
7.564126813, 7.564247339
7.574126830, 7.574252922
7.584126814, 7.584249962
7.594126802, 7.594259253
7.604126803, 7.604246169
7.614126802, 7.614249932
7.624126803, 7.624317259
7.634126853, 7.634305928
7.644126825, 7.644258965
7.654126796, 7.654252001
7.664126793, 7.664244661
7.674126785, 7.674246281
7.684126792, 7.684256209
7.694126793, 7.694252405
7.704126786, 7.704240374
7.714126786, 7.714243884
7.724126785, 7.724249793
7.734126779, 7.734257719
7.744126777, 7.744242251
7.754126780, 7.754308961
7.764126782, 7.764279745
7.774126817, 7.774263540
7.784126818, 7.784249908
7.794126810, 7.794251837
7.804142577, 7.804262465
7.814126813, 7.814241693
7.824126799, 7.824240402
7.834126806, 7.834257907
7.844126804, 7.844311485
7.854126792, 7.854237578
7.864126787, 7.864243215
7.874126787, 7.874244215
7.884126790, 7.884278018
7.894126786, 7.894235439
7.904126782, 7.904241227
7.914126785, 7.914240822
7.924126783, 7.924237138
7.934126785, 7.934268945
7.944126782, 7.944248244
7.954126788, 7.954288862
7.964126783, 7.964265956
7.974126813, 7.974256611
7.984126808, 7.984255546
7.994126817, 7.994262858
8.004126802, 8.004239923
8.014126799, 8.014249529
8.024126799, 8.024250268
8.034126805, 8.034238820
8.044126796, 8.044238448
8.054126789, 8.054273310
8.064126794, 8.064256442
8.074126796, 8.074237667
8.084126785, 8.084244064
8.094126786, 8.094254663
8.104126789, 8.104250586
8.114126787, 8.114251955
8.124126786, 8.124249747
8.134126778, 8.134293295
8.144126785, 8.144247200
8.154126785, 8.154290244
8.164126837, 8.164273574
8.174126822, 8.174323860
8.184126830, 8.184269851
8.194126816, 8.194258356
8.204126799, 8.204262216
8.214126803, 8.214241955
8.224126798, 8.224251242
8.234126793, 8.234260296
8.244126804, 8.244295686
8.254126797, 8.254239685
8.264126800, 8.264243127
8.274126793, 8.274250306
8.284126789, 8.284244496
8.294126791, 8.294234812
8.304126781, 8.304260845
8.314126787, 8.314245200
8.324126785, 8.324233558
8.334126780, 8.334235063
8.344126786, 8.344241722
8.354126799, 8.354291350
8.364126778, 8.364268002
8.374126826, 8.374265525
8.384126813, 8.384253252
8.394126820, 8.394239519
8.404126799, 8.404243166
8.414126804, 8.414261882
8.424126793, 8.424276188
8.434126796, 8.434242382
8.444126803, 8.444235437
8.454126803, 8.454255284
8.464126800, 8.464261516
8.474126791, 8.474305145
8.484126826, 8.484299075
8.494126826, 8.494269087
8.504126814, 8.504255934
8.514126812, 8.514244409
8.524126810, 8.524254314
8.534126799, 8.534258360
8.544126810, 8.544240978
8.554126803, 8.554250510
8.564126797, 8.564256516
8.574126801, 8.574284107
8.584126823, 8.584273743
8.594126822, 8.594260583
8.604126817, 8.604265339
8.614126813, 8.614324818
8.624126826, 8.624319599
8.634126806, 8.634279065
8.644126813, 8.644273430
8.654126796, 8.654247555
8.664126789, 8.664249903
8.674126794, 8.674243081
8.684129454, 8.684253762
8.694126796, 8.694239280
8.704126784, 8.704235815
8.714126789, 8.714247752
8.724126786, 8.724258258
8.734126781, 8.734240802
8.744126784, 8.744244868
8.754126779, 8.754257498
8.764126782, 8.764242056
8.774126782, 8.774242930
8.784126779, 8.784276818
8.794126831, 8.794304999
8.804126822, 8.804247919
8.814126815, 8.814239299
8.824126803, 8.824245546
8.834126809, 8.834256763
8.844126807, 8.844312920
8.854126830, 8.854304449
8.864126796, 8.864262918
8.874126792, 8.874243210
8.884126802, 8.884245626
8.894126792, 8.894246788
8.904126792, 8.904259788
8.914126788, 8.914266298
8.924126789, 8.924237073
8.934126781, 8.934242516
8.944126791, 8.944302294
8.954126785, 8.954240419
8.964126776, 8.964242325
8.974126779, 8.974249732
8.984126788, 8.984236596
8.994126783, 8.994291220
9.004126850, 9.004294883
9.014142754, 9.014289510
9.024126808, 9.024254686
9.034126810, 9.034251363
9.044126810, 9.044262443
9.054126799, 9.054264752
9.064126804, 9.064238523
9.074126803, 9.074245891
9.084126805, 9.084249012
9.094126803, 9.094241299
9.104126794, 9.104253104
9.114126787, 9.114241234
9.124126791, 9.124270570
9.134126786, 9.134238227
9.144126781, 9.144243639
9.154126789, 9.154243733
9.164126782, 9.164241810
9.174126785, 9.174306790
9.184126825, 9.184296192
9.194126838, 9.194289281
9.204126826, 9.204256466
9.214126837, 9.214260087
9.224126822, 9.224256302
9.234126808, 9.234285848
9.244126816, 9.244242878
9.254126796, 9.254243456
9.264126811, 9.264265155
9.274126804, 9.274264024
9.284126792, 9.284239797
9.294126796, 9.294236102
9.304126798, 9.304242654
9.314126786, 9.314239417
9.324126783, 9.324245724
9.334126786, 9.334239828
9.344126786, 9.344260070
9.354126786, 9.354302329
9.364126833, 9.364302564
9.374126820, 9.374268520
9.384126823, 9.384279118
9.394126806, 9.394242075
9.404126808, 9.404251819
9.414126810, 9.414300098
9.424126822, 9.424270514
9.434126827, 9.434251474
9.444126813, 9.444242528
9.454126818, 9.454259272
9.464126805, 9.464243092
9.474126808, 9.474248766
9.484126796, 9.484247069
9.494126796, 9.494314738
9.504126788, 9.504243051
9.514126791, 9.514243728
9.524126786, 9.524245370
9.534126787, 9.534237445
9.544126789, 9.544265555
9.554126791, 9.554257384
9.564126790, 9.564256568
9.574126784, 9.574234790
9.584126776, 9.584252516
9.594126782, 9.594255873
9.604126784, 9.604262018
9.614126784, 9.614278829
9.624126826, 9.624267087
9.634126817, 9.634252226
9.644126810, 9.644243267
9.654126803, 9.654262031
9.664126804, 9.664260650
9.674126802, 9.674305108
9.684126845, 9.684289930
9.694126835, 9.694258338
9.704126820, 9.704252871
9.714126814, 9.714244597
9.724126815, 9.724244153
9.734126806, 9.734244633
9.744126799, 9.744288254
9.754126801, 9.754240699
9.764126804, 9.764254883
9.774126789, 9.774247200
9.784126788, 9.784286937
9.794126779, 9.794240566
9.804126791, 9.804250463
9.814126793, 9.814248149
9.824126778, 9.824254463
9.834126828, 9.834261519
9.844126811, 9.844261946
9.854126807, 9.854243632
9.864126813, 9.864253147
9.874126805, 9.874249453
9.884126793, 9.884259285
9.894126788, 9.894239863
9.904126793, 9.904234780
9.914126788, 9.914256958
9.924126789, 9.924239728
9.934126787, 9.934238347
9.944126789, 9.944247873
9.954126790, 9.954267158
9.964126838, 9.964305073
9.974126791, 9.974256125
9.984126781, 9.984248978
9.994126779, 9.994236289
10.004126781, 10.004243034
10.014126779, 10.014240629
10.024126785, 10.024296574
10.034126786, 10.034250640
10.044126823, 10.044268145
10.054126814, 10.054257155
10.064126816, 10.064244259
10.074126809, 10.074242137
10.084126806, 10.084212888
10.094126803, 10.094250490
10.104126801, 10.104242129
10.114126797, 10.114238967
10.124126793, 10.124244329
10.134126793, 10.134273751
10.144126799, 10.144241115
10.154126794, 10.154245925
10.164126791, 10.164243171
10.174126779, 10.174237742
10.184126783, 10.184236211
10.194126785, 10.194329409
10.204126825, 10.204296550
10.214126832, 10.214261231
10.224126817, 10.224258799
10.234126818, 10.234255911
10.244126805, 10.244290666
10.254126806, 10.254269289
10.264126810, 10.264270564
10.274126818, 10.274270690
10.284126827, 10.284307480
10.294126803, 10.294255081
10.304126806, 10.304256194
10.314126799, 10.314289187
10.324126804, 10.324238709
10.334126792, 10.334243444
10.344126786, 10.344246137
10.354126793, 10.354244502
10.364126794, 10.364238472
10.374126795, 10.374235878
10.384126786, 10.384325705
10.394126833, 10.394274986
10.404126789, 10.404252402
10.414126782, 10.414244366
10.424126778, 10.424265426
10.434126781, 10.434249043
10.444126779, 10.444231773
10.454126782, 10.454241693
10.464126779, 10.464255247
10.474126783, 10.474258728
10.484126821, 10.484269013
10.494126813, 10.494268491
10.504126819, 10.504240624
10.514126811, 10.514248053
10.524126809, 10.524249899
10.534126802, 10.534243055
10.544126798, 10.544245134
10.554126807, 10.554243748
10.564126795, 10.564304231
10.574126787, 10.574239472
10.584126793, 10.584250474
10.594126791, 10.594250522
10.604126788, 10.604293294
10.614126783, 10.614236943
10.624126782, 10.624244299
10.634126784, 10.634250040
10.644126783, 10.644247501
10.654126785, 10.654234843
10.664126786, 10.664265374
10.674126813, 10.674285404
10.684126814, 10.684247020
10.694126815, 10.694241806
10.704126813, 10.704252637
10.714126797, 10.714250817
10.724126803, 10.724240947
10.734126799, 10.734284702
10.744126797, 10.744247385
10.754126801, 10.754241709
10.764126793, 10.764248959
10.774126790, 10.774256823
10.784126787, 10.784278233
10.794126783, 10.794237023
10.804126782, 10.804232619
10.814126782, 10.814238478
10.824126786, 10.824243082
10.834126784, 10.834238024
10.844126796, 10.844268832
10.854126786, 10.854349136
10.864126822, 10.864311479
10.874126815, 10.874270394
10.884126824, 10.884269938
10.894126820, 10.894336290
10.904126810, 10.904257486
10.914126810, 10.914240376
10.924126799, 10.924248281
10.934126802, 10.934256164
10.944126799, 10.944248808
10.954126806, 10.954243031
10.964126798, 10.964304043
10.974126794, 10.974240367
10.984126786, 10.984240968
10.994126786, 10.994263556
11.004126786, 11.004284325
11.014126781, 11.014235238
11.024126782, 11.024244708
11.034126783, 11.034246021
11.044126784, 11.044236853
11.054126780, 11.054243806
11.064126785, 11.064232601
11.074126782, 11.074337776
11.084137010, 11.084273101
11.094129333, 11.094249607
11.104126811, 11.104259708
11.114126806, 11.114243212
11.124126798, 11.124313490
11.134126821, 11.134266715
11.144126804, 11.144314793
11.154126806, 11.154247583
11.164126790, 11.164272314
11.174126788, 11.174245918
11.184126794, 11.184310103
11.194126787, 11.194256817
11.204126783, 11.204244604
11.214126790, 11.214247365
11.224126784, 11.224238886
11.234126783, 11.234237765
11.244126782, 11.244239531
11.254126783, 11.254299460
11.264126776, 11.264231463
11.274126782, 11.274243840
11.284126783, 11.284255263
11.294126817, 11.294266352
11.304126819, 11.304255272
11.314126818, 11.314267900
11.324126809, 11.324250018
11.334126796, 11.334243581
11.344126803, 11.344255846
11.354126799, 11.354248722
11.364126802, 11.364285812
11.374126796, 11.374237796
11.384126790, 11.384243895
11.394126802, 11.394316190
11.404126821, 11.404315678
11.414126831, 11.414261274
11.424126826, 11.424258574
11.434126817, 11.434308018
11.444126808, 11.444243174
11.454126813, 11.454253845
11.464126803, 11.464246788
11.474126806, 11.474266706
11.484126807, 11.484240574
11.494126794, 11.494273196
11.504126835, 11.504277023
11.514126813, 11.514254696
11.524126821, 11.524246062
11.534126804, 11.534258791
11.544126810, 11.544259175
11.554126793, 11.554268790
11.564126791, 11.564239905
11.574126801, 11.574251107
11.584126789, 11.584270164
11.594126795, 11.594239145
11.604126796, 11.604249957
11.614126785, 11.614246625
11.624126787, 11.624262337
11.634126845, 11.634291053
11.644126786, 11.644290504
11.654126786, 11.654258443
11.664126782, 11.664234869
11.674126778, 11.674244706
11.684126786, 11.684240116
11.694126786, 11.694279839
11.704126782, 11.704267100
11.714126826, 11.714268657
11.724126813, 11.724252854
11.734126813, 11.734243889
11.744126808, 11.744250557
11.754126807, 11.754248274
11.764126800, 11.764286711
11.774126806, 11.774242892
11.784126805, 11.784239642
11.794126801, 11.794250074
11.804126787, 11.804297163
11.814126840, 11.814288144
11.824126787, 11.824258178
11.834126792, 11.834244124
11.844126785, 11.844238669
11.854126783, 11.854237365
11.864126786, 11.864319245
11.874126836, 11.874315609
11.884126780, 11.884248152
11.894126783, 11.894252643
11.904126784, 11.904252025
11.914126785, 11.914242427
11.924126783, 11.924281032
11.934126834, 11.934261003
11.944126823, 11.944301665
11.954126823, 11.954243784
11.964126806, 11.964251931
11.974126807, 11.974256499
11.984126802, 11.984277842
11.994126799, 11.994250048
12.004126797, 12.004236065
12.014126791, 12.014246175
12.024126793, 12.024241436
12.034126778, 12.034237596
12.044126787, 12.044243881
12.054126789, 12.054245899
------------------------------
