580.000000
642.400000
525.800000
664.600000
566.600000
644.000000
591.200000
590.800000
723.200000
659.600000
566.800000
706.200000
795.800000
639.800000
531.200000
501.400000
533.600000
799.200000
638.600000
687.400000
576.400000
687.600000
753.200000
568.400000
520.600000
617.600000
657.400000
596.600000
692.400000
520.400000
505.000000
532.800000
446.200000
568.800000
637.800000
683.600000
526.200000
684.000000
558.200000
692.400000
709.200000
677.600000
630.600000
782.400000
717.800000
495.400000
580.200000
557.000000
534.000000
596.800000
736.000000
574.400000
550.600000
642.600000
779.000000
643.400000
623.000000
595.000000
744.200000
670.200000
658.600000
503.200000
554.400000
525.000000
547.400000
587.400000
501.600000
838.000000
565.200000
681.000000
680.200000
599.400000
510.800000
753.400000
623.400000
697.800000
703.400000
574.400000
526.000000
513.000000
638.400000
804.400000
698.600000
600.600000
531.800000
743.800000
740.000000
541.800000
647.200000
566.800000
537.000000
618.200000
628.600000
585.800000
471.000000
504.000000
619.000000
631.000000
638.800000
821.800000
583.200000
499.600000
674.400000
748.000000
663.000000
639.800000
661.800000
617.200000
523.200000
584.800000
439.000000
548.600000
439.600000
617.000000
653.200000
719.200000
500.000000
757.200000
835.200000
527.400000
602.400000
651.800000
622.400000
634.000000
580.200000
685.400000
508.200000
537.000000
632.800000
699.200000
615.800000
729.600000
579.000000
728.200000
629.800000
662.200000
477.800000
658.200000
674.600000
756.800000
558.600000
532.400000
432.000000
514.000000
627.000000
579.400000
515.600000
593.400000
547.800000
753.800000
594.600000
604.600000
601.200000
828.600000
648.400000
730.200000
723.400000
583.200000
571.400000
597.400000
