------------------------------------------------------------
Client connecting to 10.10.1.2, TCP port 5001
TCP window size: 85.0 KByte (default)
------------------------------------------------------------
[  3] local 10.10.1.1 port 48836 connected with 10.10.1.2 port 5001
[ ID] Interval       Transfer     Bandwidth
[  3]  0.0- 1.0 sec  14.6 MBytes   123 Mbits/sec
[  3]  1.0- 2.0 sec  15.2 MBytes   128 Mbits/sec
[  3]  2.0- 3.0 sec  14.6 MBytes   123 Mbits/sec
[  3]  3.0- 4.0 sec  15.1 MBytes   127 Mbits/sec
[  3]  4.0- 5.0 sec  10.6 MBytes  89.1 Mbits/sec
[  3]  5.0- 6.0 sec  16.4 MBytes   137 Mbits/sec
[  3]  6.0- 7.0 sec  14.9 MBytes   125 Mbits/sec
[  3]  7.0- 8.0 sec  11.6 MBytes  97.5 Mbits/sec
[  3]  8.0- 9.0 sec  14.0 MBytes   117 Mbits/sec
[  3]  9.0-10.0 sec  13.8 MBytes   115 Mbits/sec
[  3] 10.0-11.0 sec  13.6 MBytes   114 Mbits/sec
[  3] 11.0-12.0 sec  14.0 MBytes   117 Mbits/sec
[  3] 12.0-13.0 sec  14.4 MBytes   121 Mbits/sec
[  3] 13.0-14.0 sec  13.0 MBytes   109 Mbits/sec
[  3] 14.0-15.0 sec  12.0 MBytes   101 Mbits/sec
[  3] 15.0-16.0 sec  11.5 MBytes  96.5 Mbits/sec
[  3] 16.0-17.0 sec  20.8 MBytes   174 Mbits/sec
[  3] 17.0-18.0 sec  15.4 MBytes   129 Mbits/sec
[  3] 18.0-19.0 sec  17.8 MBytes   149 Mbits/sec
[  3] 19.0-20.0 sec  16.1 MBytes   135 Mbits/sec
[  3]  0.0-20.0 sec   290 MBytes   121 Mbits/sec
