------------------------------------------------------------
Client connecting to 10.10.1.2, TCP port 5001
TCP window size: 85.0 KByte (default)
------------------------------------------------------------
[  3] local 10.10.1.1 port 48928 connected with 10.10.1.2 port 5001
[ ID] Interval       Transfer     Bandwidth
[  3]  0.0- 1.0 sec  13.1 MBytes   110 Mbits/sec
[  3]  1.0- 2.0 sec  12.1 MBytes   102 Mbits/sec
[  3]  2.0- 3.0 sec  16.5 MBytes   138 Mbits/sec
[  3]  3.0- 4.0 sec  14.4 MBytes   121 Mbits/sec
[  3]  4.0- 5.0 sec  12.0 MBytes   101 Mbits/sec
[  3]  5.0- 6.0 sec  12.2 MBytes   103 Mbits/sec
[  3]  6.0- 7.0 sec  14.6 MBytes   123 Mbits/sec
[  3]  7.0- 8.0 sec  16.5 MBytes   138 Mbits/sec
[  3]  8.0- 9.0 sec  17.9 MBytes   150 Mbits/sec
[  3]  9.0-10.0 sec  18.8 MBytes   157 Mbits/sec
[  3] 10.0-11.0 sec  13.1 MBytes   110 Mbits/sec
[  3] 11.0-12.0 sec  19.2 MBytes   161 Mbits/sec
[  3] 12.0-13.0 sec  10.8 MBytes  90.2 Mbits/sec
[  3] 13.0-14.0 sec  14.1 MBytes   118 Mbits/sec
[  3] 14.0-15.0 sec  11.5 MBytes  96.5 Mbits/sec
[  3] 15.0-16.0 sec  15.8 MBytes   132 Mbits/sec
[  3] 16.0-17.0 sec  11.1 MBytes  93.3 Mbits/sec
[  3] 17.0-18.0 sec  9.88 MBytes  82.8 Mbits/sec
[  3] 18.0-19.0 sec  14.1 MBytes   118 Mbits/sec
[  3] 19.0-20.0 sec  21.5 MBytes   180 Mbits/sec
[  3]  0.0-20.0 sec   289 MBytes   121 Mbits/sec
