775.600000
551.600000
631.200000
590.600000
667.000000
580.000000
612.600000
628.200000
611.000000
533.800000
609.800000
598.600000
638.800000
577.400000
689.600000
547.800000
688.000000
527.600000
658.000000
565.600000
731.000000
613.600000
526.400000
702.400000
530.000000
618.000000
707.800000
615.000000
694.400000
546.400000
581.600000
583.600000
637.800000
594.400000
556.400000
604.600000
729.200000
593.200000
581.600000
736.200000
638.000000
544.800000
657.600000
597.200000
577.000000
554.200000
732.200000
565.000000
752.600000
575.600000
580.000000
603.800000
738.200000
606.800000
615.800000
596.800000
537.800000
621.600000
595.200000
582.600000
629.600000
599.200000
569.800000
712.800000
737.400000
557.400000
524.400000
615.200000
723.400000
579.000000
540.200000
599.400000
557.000000
638.600000
613.600000
592.600000
616.200000
734.400000
719.600000
560.800000
633.000000
552.600000
612.400000
624.200000
685.000000
605.000000
600.600000
684.800000
602.000000
613.600000
582.200000
576.800000
679.600000
684.200000
555.600000
634.600000
673.600000
646.600000
538.000000
590.200000
755.400000
592.600000
606.800000
576.200000
614.200000
628.200000
624.600000
704.400000
565.200000
576.200000
583.800000
580.600000
654.400000
596.200000
568.600000
739.000000
681.200000
620.800000
558.600000
660.200000
635.000000
581.800000
539.800000
608.400000
628.800000
640.200000
657.400000
589.000000
679.600000
568.200000
600.800000
650.800000
831.400000
639.400000
593.400000
675.000000
526.800000
583.200000
667.400000
647.000000
625.600000
549.400000
798.000000
558.600000
650.400000
537.000000
551.800000
552.400000
702.600000
622.800000
686.800000
641.000000
615.200000
558.200000
547.800000
608.600000
593.400000
735.400000
718.800000
576.600000
