------------------------------
test was performed using the following parameters: --mps=100 --burst=1 --reply-every=1 --msg-size=14 --time=10
------------------------------
sockperf: [Total Run] RunTime=10.100 sec; SentMessages=1011; ReceivedMessages=1010
sockperf: ========= Printing statistics for Server No: 0
sockperf: [Valid Duration] RunTime=9.980 sec; SentMessages=999; ReceivedMessages=999
sockperf: [2;35m====> avg-lat= 65.982 (std-dev=11.774)[0m
sockperf: # dropped messages = 0; # duplicated messages = 0; # out-of-order messages = 0
sockperf: [2;35mTotal 999 observations[0m; each percentile contains 9.99 observations
sockperf: ---> <MAX> observation =  127.002
sockperf: ---> percentile 99.999 =  127.002
sockperf: ---> percentile 99.990 =  127.002
sockperf: ---> percentile 99.900 =  119.960
sockperf: ---> percentile 99.000 =  106.947
sockperf: ---> percentile 90.000 =   78.504
sockperf: ---> percentile 75.000 =   69.771
sockperf: ---> percentile 50.000 =   63.559
sockperf: ---> percentile 25.000 =   59.783
sockperf: ---> <MIN> observation =   29.963
------------------------------
txTime, rxTime
2.064196547, 2.064322598
2.074196540, 2.074319134
2.084196540, 2.084316136
2.094196533, 2.094342453
2.104196543, 2.104349072
2.114196565, 2.114355356
2.124196562, 2.124331008
2.134196560, 2.134291808
2.144196539, 2.144327656
2.154196536, 2.154315709
2.164196540, 2.164326440
2.174196533, 2.174315699
2.184196574, 2.184348476
2.194196556, 2.194288755
2.204196530, 2.204314796
2.214196550, 2.214336578
2.224196523, 2.224343058
2.234196548, 2.234333921
2.244196528, 2.244321938
2.254196523, 2.254282648
2.264196533, 2.264307136
2.274196519, 2.274316924
2.284196534, 2.284316841
2.294196525, 2.294325416
2.304196534, 2.304360609
2.314196574, 2.314341672
2.324196580, 2.324324755
2.334196552, 2.334334733
2.344196559, 2.344348664
2.354196574, 2.354323381
2.364196536, 2.364317709
2.374196570, 2.374318857
2.384196541, 2.384317580
2.394196536, 2.394331570
2.404196528, 2.404314846
2.414196534, 2.414330358
2.424196530, 2.424295477
2.434196558, 2.434325995
2.444196526, 2.444324060
2.454196523, 2.454310623
2.464196526, 2.464332998
2.474196547, 2.474346212
2.484196574, 2.484276383
2.494196543, 2.494317112
2.504196520, 2.504327951
2.514196560, 2.514340589
2.524196574, 2.524357875
2.534196555, 2.534382456
2.544196548, 2.544300395
2.554196548, 2.554323941
2.564196543, 2.564329607
2.574196535, 2.574394937
2.584196573, 2.584380736
2.594196570, 2.594347994
2.604196541, 2.604327180
2.614196533, 2.614353541
2.624196534, 2.624333307
2.634196523, 2.634349162
2.644196527, 2.644320090
2.654196525, 2.654323190
2.664196528, 2.664323456
2.674196528, 2.674357139
2.684196524, 2.684320076
2.694196537, 2.694335699
2.704196531, 2.704349791
2.714196522, 2.714345581
2.724196559, 2.724352683
2.734196550, 2.734343694
2.744196548, 2.744323052
2.754196544, 2.754322170
2.764196551, 2.764379510
2.774196543, 2.774327781
2.784196536, 2.784322238
2.794196542, 2.794337260
2.804196535, 2.804324111
2.814196533, 2.814335344
2.824196530, 2.824325558
2.834196535, 2.834310312
2.844196529, 2.844315826
2.854196522, 2.854328554
2.864196524, 2.864325443
2.874196527, 2.874375225
2.884196526, 2.884309474
2.894196525, 2.894315075
2.904196520, 2.904317810
2.914196522, 2.914328973
2.924196565, 2.924348189
2.934196561, 2.934385963
2.944196556, 2.944326496
2.954196548, 2.954323087
2.964196545, 2.964372783
2.974196540, 2.974334181
2.984196532, 2.984321099
2.994196540, 2.994369329
3.004196529, 3.004322959
3.014196531, 3.014282778
3.024196533, 3.024316110
3.034196524, 3.034324801
3.044196525, 3.044352717
3.054196527, 3.054366321
3.064196522, 3.064277973
3.074196523, 3.074326224
3.084196543, 3.084336631
3.094196523, 3.094336356
3.104196519, 3.104319814
3.114196521, 3.114347240
3.124196574, 3.124343651
3.134196587, 3.134330287
3.144196561, 3.144322912
3.154196552, 3.154333110
3.164196553, 3.164332139
3.174196539, 3.174320101
3.184196542, 3.184320044
3.194196538, 3.194316328
3.204196540, 3.204360805
3.214196537, 3.214329704
3.224196533, 3.224342466
3.234196526, 3.234290229
3.244196544, 3.244341210
3.254196524, 3.254338014
3.264196527, 3.264315744
3.274196542, 3.274312116
3.284196522, 3.284391611
3.294196525, 3.294278296
3.304196519, 3.304406830
3.314196562, 3.314376476
3.324196538, 3.324351429
3.334196560, 3.334360470
3.344196556, 3.344342340
3.354196559, 3.354273323
3.364196537, 3.364321666
3.374196557, 3.374320585
3.384196560, 3.384329622
3.394196539, 3.394318188
3.404196541, 3.404347686
3.414196538, 3.414323901
3.424196541, 3.424334047
3.434196540, 3.434321408
3.444196524, 3.444343669
3.454196537, 3.454339908
3.464196570, 3.464308774
3.474196535, 3.474317898
3.484196537, 3.484320635
3.494196523, 3.494330286
3.504196577, 3.504345725
3.514196517, 3.514316363
3.524196570, 3.524322239
3.534196520, 3.534364078
3.544196571, 3.544349191
3.554196556, 3.554344745
3.564196556, 3.564326362
3.574196552, 3.574414655
3.584196574, 3.584390068
3.594196557, 3.594335316
3.604196556, 3.604337207
3.614196545, 3.614322555
3.624196545, 3.624335514
3.634196560, 3.634343248
3.644196539, 3.644318452
3.654196541, 3.654318003
3.664196541, 3.664320033
3.674196533, 3.674318267
3.684196532, 3.684328659
3.694196565, 3.694325613
3.704196528, 3.704315373
3.714196526, 3.714324596
3.724196520, 3.724318894
3.734196526, 3.734331390
3.744196523, 3.744335036
3.754196556, 3.754320888
3.764196558, 3.764325992
3.774196561, 3.774339088
3.784196556, 3.784327210
3.794196546, 3.794336921
3.804196532, 3.804396515
3.814196560, 3.814285054
3.824196542, 3.824322694
3.834196534, 3.834329546
3.844196530, 3.844323088
3.854196535, 3.854337001
3.864196531, 3.864346682
3.874196527, 3.874311828
3.884196522, 3.884316780
3.894196530, 3.894322715
3.904196529, 3.904333449
3.914196520, 3.914346101
3.924196523, 3.924323172
3.934196520, 3.934271413
3.944196567, 3.944349587
3.954196552, 3.954334571
3.964196555, 3.964324863
3.974196552, 3.974346583
3.984196546, 3.984304487
3.994196545, 3.994329613
4.004196537, 4.004329352
4.014196536, 4.014322240
4.024199354, 4.024326192
4.034196528, 4.034353138
4.044196526, 4.044260064
4.054196533, 4.054320172
4.064196526, 4.064331408
4.074196530, 4.074326950
4.084196523, 4.084325389
4.094196521, 4.094334083
4.104196528, 4.104306401
4.114196525, 4.114309104
4.124196526, 4.124311581
4.134196519, 4.134330688
4.144196577, 4.144349721
4.154196547, 4.154323763
4.164196554, 4.164327846
4.174196566, 4.174338790
4.184196564, 4.184397892
4.194196568, 4.194346065
4.204196568, 4.204326293
4.214196552, 4.214311905
4.224196541, 4.224319924
4.234196548, 4.234331258
4.244196545, 4.244329129
4.254196553, 4.254329259
4.264196548, 4.264344424
4.274196524, 4.274307199
4.284196534, 4.284336400
4.294196540, 4.294325451
4.304196533, 4.304309710
4.314196534, 4.314314343
4.324196533, 4.324313859
4.334196540, 4.334310693
4.344196536, 4.344338064
4.354196565, 4.354345435
4.364196580, 4.364329226
4.374196563, 4.374343255
4.384196573, 4.384323747
4.394196567, 4.394321377
4.404196569, 4.404418292
4.414196559, 4.414383854
4.424196546, 4.424328589
4.434196536, 4.434321025
4.444196539, 4.444320069
4.454196541, 4.454331441
4.464196552, 4.464328106
4.474196535, 4.474313963
4.484196527, 4.484315443
4.494196530, 4.494339933
4.504196523, 4.504307750
4.514196525, 4.514313388
4.524196527, 4.524325127
4.534196523, 4.534324683
4.544196520, 4.544313169
4.554196525, 4.554356803
4.564196577, 4.564338156
4.574196560, 4.574436481
4.584196568, 4.584388043
4.594196563, 4.594339587
4.604196553, 4.604365221
4.614196548, 4.614312970
4.624196543, 4.624313455
4.634196539, 4.634328968
4.644196536, 4.644318155
4.654196536, 4.654334690
4.664196538, 4.664382104
4.674196576, 4.674310685
4.684196534, 4.684315345
4.694196523, 4.694317210
4.704196524, 4.704311544
4.714196525, 4.714327646
4.724196525, 4.724375525
4.734196554, 4.734307608
4.744196525, 4.744399174
4.754196560, 4.754384793
4.764196573, 4.764345580
4.774196561, 4.774353802
4.784196577, 4.784388097
4.794196587, 4.794319830
4.804196558, 4.804339126
4.814196550, 4.814330566
4.824196542, 4.824321369
4.834196549, 4.834329444
4.844196531, 4.844336988
4.854196548, 4.854317411
4.864196543, 4.864316656
4.874196534, 4.874326125
4.884196527, 4.884325845
4.894196533, 4.894377841
4.904196534, 4.904306627
4.914196541, 4.914325034
4.924196523, 4.924320660
4.934196524, 4.934330069
4.944196521, 4.944325313
4.954196524, 4.954374949
4.964196556, 4.964307075
4.974196526, 4.974355924
4.984196567, 4.984339844
4.994196560, 4.994329297
5.004196555, 5.004330408
5.014196539, 5.014325797
5.024196546, 5.024311113
5.034196543, 5.034322216
5.044196543, 5.044322196
5.054196546, 5.054316983
5.064196543, 5.064314132
5.074196538, 5.074358796
5.084196532, 5.084315457
5.094196526, 5.094309795
5.104196521, 5.104314853
5.114196523, 5.114315998
5.124196523, 5.124333245
5.134196521, 5.134419687
5.144196560, 5.144396865
5.154196570, 5.154338052
5.164196550, 5.164325462
5.174196551, 5.174320251
5.184196558, 5.184358779
5.194196562, 5.194282345
5.204196556, 5.204338876
5.214196563, 5.214344034
5.224196546, 5.224332387
5.234196546, 5.234322829
5.244196549, 5.244348516
5.254196536, 5.254259798
5.264196533, 5.264315825
5.274196541, 5.274317934
5.284196537, 5.284312637
5.294196527, 5.294311671
5.304196533, 5.304355855
5.314196565, 5.314303483
5.324196526, 5.324327767
5.334196524, 5.334316711
5.344196526, 5.344312812
5.354196523, 5.354316338
5.364196518, 5.364322104
5.374196526, 5.374318548
5.384196526, 5.384349498
5.394196562, 5.394336410
5.404196553, 5.404329953
5.414196546, 5.414333987
5.424196550, 5.424270436
5.434196537, 5.434331451
5.444196546, 5.444319833
5.454196565, 5.454325587
5.464196558, 5.464330855
5.474196540, 5.474349768
5.484196537, 5.484257663
5.494196527, 5.494314928
5.504196533, 5.504318209
5.514196533, 5.514314855
5.524196536, 5.524311933
5.534196522, 5.534350342
5.544196564, 5.544307432
5.554196538, 5.554311070
5.564196536, 5.564325857
5.574196519, 5.574324468
5.584196524, 5.584366476
5.594196578, 5.594341920
5.604196587, 5.604329855
5.614196566, 5.614337960
5.624196560, 5.624330319
5.634196541, 5.634326553
5.644196544, 5.644328926
5.654196560, 5.654305841
5.664196538, 5.664324339
5.674196537, 5.674319377
5.684196533, 5.684319338
5.694196526, 5.694317858
5.704196532, 5.704344069
5.714196525, 5.714279168
5.724196531, 5.724328509
5.734196521, 5.734324153
5.744196533, 5.744310434
5.754196527, 5.754332618
5.764196526, 5.764358089
5.774196523, 5.774271199
5.784196527, 5.784322453
5.794196584, 5.794343774
5.804196562, 5.804323346
5.814196550, 5.814328288
5.824196553, 5.824321467
5.834196550, 5.834316392
5.844196545, 5.844318619
5.854196544, 5.854317419
5.864196541, 5.864323920
5.874196537, 5.874327529
5.884196531, 5.884310280
5.894196530, 5.894259156
5.904196526, 5.904326140
5.914196534, 5.914318212
5.924196519, 5.924326526
5.934196545, 5.934330457
5.944196521, 5.944284319
5.954196519, 5.954314094
5.964196519, 5.964314214
5.974196526, 5.974322314
5.984196518, 5.984331746
5.994196560, 5.994319959
6.004196563, 6.004314361
6.014196547, 6.014331025
6.024196551, 6.024331543
6.034196548, 6.034333590
6.044196534, 6.044319277
6.054196545, 6.054360189
6.064199643, 6.064271724
6.074196539, 6.074312507
6.084196530, 6.084318784
6.094196528, 6.094326901
6.104196533, 6.104320473
6.114196519, 6.114299149
6.124196527, 6.124324530
6.134196526, 6.134311936
6.144196519, 6.144320090
6.154196518, 6.154321638
6.164196518, 6.164333036
6.174196524, 6.174256451
6.184196519, 6.184327228
6.194196577, 6.194340291
6.204196556, 6.204325878
6.214196565, 6.214324153
6.224196547, 6.224376810
6.234196540, 6.234273166
6.244196538, 6.244319881
6.254196540, 6.254320409
6.264196545, 6.264318831
6.274196540, 6.274329775
6.284196538, 6.284325130
6.294196536, 6.294315235
6.304196526, 6.304320052
6.314196531, 6.314319244
6.324196523, 6.324303946
6.334196522, 6.334320653
6.344196523, 6.344310750
6.354196526, 6.354308662
6.364196521, 6.364337499
6.374196526, 6.374331267
6.384196526, 6.384348906
6.394196569, 6.394366156
6.404196563, 6.404308079
6.414196563, 6.414321207
6.424196559, 6.424311102
6.434196551, 6.434401697
6.444196560, 6.444339428
6.454196538, 6.454338521
6.464196541, 6.464300827
6.474196537, 6.474308283
6.484196536, 6.484314110
6.494196529, 6.494331303
6.504196531, 6.504344540
6.514196536, 6.514324549
6.524196526, 6.524303034
6.534196526, 6.534307011
6.544196526, 6.544309501
6.554196521, 6.554307116
6.564196524, 6.564326212
6.574196555, 6.574305913
6.584196527, 6.584304503
6.594196526, 6.594345897
6.604196574, 6.604343470
6.614196557, 6.614322123
6.624196566, 6.624342219
6.634196556, 6.634312920
6.644196544, 6.644309881
6.654196540, 6.654333266
6.664196529, 6.664323516
6.674196533, 6.674319669
6.684196540, 6.684402026
6.694196536, 6.694310897
6.704196530, 6.704320477
6.714196529, 6.714322642
6.724196525, 6.724316343
6.734196524, 6.734316510
6.744196519, 6.744340267
6.754196523, 6.754314668
6.764196519, 6.764311188
6.774196521, 6.774320687
6.784196526, 6.784310758
6.794196521, 6.794356819
6.804196553, 6.804329947
6.814196555, 6.814322196
6.824196557, 6.824323469
6.834196552, 6.834316237
6.844196540, 6.844328031
6.854196543, 6.854331731
6.864196542, 6.864313783
6.874196540, 6.874410436
6.884196576, 6.884381465
6.894196538, 6.894324706
6.904196533, 6.904313995
6.914196529, 6.914390922
6.924196523, 6.924306459
6.934196530, 6.934316054
6.944196523, 6.944315110
6.954196529, 6.954311051
6.964196527, 6.964311225
6.974196521, 6.974329671
6.984196527, 6.984277926
6.994196523, 6.994311776
7.004196519, 7.004337485
7.014196576, 7.014339154
7.024196559, 7.024342558
7.034196554, 7.034291207
7.044196570, 7.044339409
7.054196536, 7.054325965
7.064196540, 7.064318126
7.074196610, 7.074323739
7.084196535, 7.084319134
7.094196533, 7.094291661
7.104196533, 7.104311432
7.114196527, 7.114319701
7.124196526, 7.124326955
7.134196526, 7.134320063
7.144196519, 7.144416604
7.154196571, 7.154336011
7.164196526, 7.164325345
7.174196524, 7.174317004
7.184196527, 7.184315948
7.194196521, 7.194313967
7.204196519, 7.204354264
7.214196523, 7.214320595
7.224196574, 7.224359892
7.234196583, 7.234319097
7.244196547, 7.244323225
7.254196547, 7.254336090
7.264196543, 7.264307255
7.274196560, 7.274318140
7.284196550, 7.284322082
7.294196537, 7.294309522
7.304196533, 7.304316100
7.314196549, 7.314315591
7.324196543, 7.324300905
7.334196531, 7.334312935
7.344196528, 7.344314203
7.354196523, 7.354310437
7.364196527, 7.364313901
7.374196523, 7.374336267
7.384196560, 7.384305907
7.394196518, 7.394314490
7.404196526, 7.404313827
7.414196523, 7.414328492
7.424196573, 7.424351184
7.434196548, 7.434395345
7.444196561, 7.444315346
7.454196549, 7.454326777
7.464196541, 7.464321044
7.474196540, 7.474322039
7.484196537, 7.484325154
7.494196539, 7.494337010
7.504196533, 7.504317834
7.514196540, 7.514317856
7.524196536, 7.524316309
7.534196534, 7.534318447
7.544196540, 7.544318293
7.554196536, 7.554307719
7.564196528, 7.564332211
7.574196525, 7.574314660
7.584196522, 7.584314491
7.594196519, 7.594309255
7.604196530, 7.604316472
7.614196519, 7.614340706
7.624196560, 7.624334390
7.634196555, 7.634344470
7.644196554, 7.644320434
7.654196559, 7.654325787
7.664196550, 7.664368685
7.674196538, 7.674308923
7.684196545, 7.684320658
7.694196537, 7.694329033
7.704196534, 7.704324385
7.714196533, 7.714335102
7.724196532, 7.724333591
7.734196533, 7.734302487
7.744196523, 7.744322940
7.754196526, 7.754317029
7.764196529, 7.764319459
7.774196520, 7.774326492
7.784196523, 7.784308103
7.794196523, 7.794318645
7.804196523, 7.804311262
7.814196526, 7.814327060
7.824196566, 7.824343939
7.834196554, 7.834324270
7.844196541, 7.844318462
7.854196548, 7.854321247
7.864196541, 7.864319581
7.874196536, 7.874316301
7.884196535, 7.884317064
7.894196540, 7.894328983
7.904196592, 7.904310910
7.914196529, 7.914318189
7.924196535, 7.924321452
7.934196531, 7.934311760
7.944196525, 7.944311854
7.954196521, 7.954352311
7.964196521, 7.964308388
7.974196516, 7.974320102
7.984196519, 7.984315056
7.994196523, 7.994316557
8.004196524, 8.004313588
8.014196521, 8.014343750
8.024196565, 8.024338783
8.034196556, 8.034337629
8.044196574, 8.044321603
8.054196547, 8.054331927
8.064196550, 8.064317056
8.074196550, 8.074421660
8.084196566, 8.084397327
8.094196540, 8.094330944
8.104196541, 8.104323340
8.114196536, 8.114318328
8.124196538, 8.124319788
8.134196530, 8.134314783
8.144196526, 8.144315884
8.154196527, 8.154332171
8.164196524, 8.164315292
8.174196532, 8.174312996
8.184196524, 8.184323623
8.194196529, 8.194289649
8.204196521, 8.204313642
8.214196519, 8.214309433
8.224196525, 8.224325706
8.234196573, 8.234337913
8.244196547, 8.244392803
8.254196555, 8.254282308
8.264196543, 8.264317490
8.274196543, 8.274315571
8.284196543, 8.284321462
8.294196533, 8.294333291
8.304196540, 8.304344064
8.314196542, 8.314316350
8.324196541, 8.324316457
8.334196531, 8.334315582
8.344196536, 8.344313174
8.354196531, 8.354316112
8.364196529, 8.364315917
8.374196524, 8.374323048
8.384196522, 8.384313475
8.394196519, 8.394398572
8.404196593, 8.404368956
8.414196521, 8.414324264
8.424196523, 8.424316824
8.434196523, 8.434333777
8.444196566, 8.444350912
8.454196568, 8.454325265
8.464196548, 8.464332672
8.474196551, 8.474335442
8.484196546, 8.484314051
8.494196541, 8.494329957
8.504196545, 8.504329513
8.514196543, 8.514336380
8.524196541, 8.524321943
8.534196531, 8.534342682
8.544196533, 8.544326286
8.554196529, 8.554323719
8.564196533, 8.564336720
8.574196527, 8.574315035
8.584196532, 8.584335656
8.594196525, 8.594317450
8.604196526, 8.604313704
8.614196524, 8.614312410
8.624196520, 8.624308944
8.634196527, 8.634329242
8.644196558, 8.644339796
8.654196557, 8.654322666
8.664196559, 8.664401093
8.674196575, 8.674383934
8.684196544, 8.684333204
8.694199913, 8.694333652
8.704196540, 8.704321265
8.714196541, 8.714311604
8.724196535, 8.724317778
8.734196539, 8.734321679
8.744196533, 8.744313486
8.754196528, 8.754365756
8.764196573, 8.764388195
8.774196565, 8.774346367
8.784196560, 8.784326034
8.794196543, 8.794325051
8.804196547, 8.804323192
8.814196540, 8.814323818
8.824196540, 8.824344179
8.834196542, 8.834311147
8.844196536, 8.844316218
8.854196536, 8.854337468
8.864196576, 8.864345283
8.874196560, 8.874321789
8.884196553, 8.884397399
8.894196560, 8.894398210
8.904196546, 8.904340753
8.914196550, 8.914328565
8.924196546, 8.924345009
8.934196543, 8.934325979
8.944196536, 8.944318330
8.954196568, 8.954319350
8.964196532, 8.964323669
8.974196536, 8.974317192
8.984196530, 8.984322913
8.994196529, 8.994326639
9.004196527, 9.004276215
9.014196553, 9.014315242
9.024196521, 9.024315830
9.034196521, 9.034312081
9.044196525, 9.044311656
9.054196528, 9.054319292
9.064196523, 9.064303057
9.074196564, 9.074344275
9.084196577, 9.084355137
9.094196562, 9.094332460
9.104196537, 9.104325397
9.114196544, 9.114346506
9.124196542, 9.124311249
9.134196545, 9.134323664
9.144196529, 9.144320691
9.154196558, 9.154317831
9.164196534, 9.164340065
9.174196533, 9.174303457
9.184196526, 9.184311259
9.194196529, 9.194314459
9.204196536, 9.204310832
9.214196528, 9.214311205
9.224196520, 9.224311610
9.234196517, 9.234273315
9.244196517, 9.244310506
9.254196525, 9.254326202
9.264196526, 9.264344526
9.274196577, 9.274341872
9.284196561, 9.284395784
9.294196565, 9.294281699
9.304196550, 9.304341685
9.314196553, 9.314318565
9.324196538, 9.324317869
9.334196540, 9.334347209
9.344196538, 9.344366875
9.354196540, 9.354313499
9.364196534, 9.364321594
9.374196530, 9.374424106
9.384196573, 9.384406304
9.394196538, 9.394332584
9.404196533, 9.404319172
9.414196533, 9.414319785
9.424196527, 9.424315599
9.434196524, 9.434316348
9.444196525, 9.444312118
9.454196522, 9.454315439
9.464196526, 9.464309467
9.474196520, 9.474322601
9.484196569, 9.484343007
9.494196580, 9.494326874
9.504196558, 9.504343513
9.514196542, 9.514329008
9.524196551, 9.524319782
9.534196539, 9.534320457
9.544196542, 9.544328480
9.554196536, 9.554323637
9.564196531, 9.564324255
9.574196537, 9.574373447
9.584196527, 9.584309077
9.594196531, 9.594313792
9.604196526, 9.604327123
9.614196529, 9.614312633
9.624196521, 9.624320111
9.634196525, 9.634331412
9.644196522, 9.644325473
9.654196568, 9.654317282
9.664196519, 9.664312980
9.674196523, 9.674353061
9.684196578, 9.684342134
9.694196577, 9.694329422
9.704196553, 9.704319808
9.714196580, 9.714333830
9.724196553, 9.724325687
9.734196537, 9.734318598
9.744196560, 9.744323346
9.754196542, 9.754329340
9.764196535, 9.764344080
9.774196531, 9.774319581
9.784196535, 9.784319067
9.794196561, 9.794332874
9.804196556, 9.804320871
9.814196536, 9.814308492
9.824196555, 9.824315988
9.834196523, 9.834316147
9.844196522, 9.844316692
9.854196519, 9.854322162
9.864196541, 9.864450546
9.874196572, 9.874396756
9.884196528, 9.884344166
9.894196566, 9.894339680
9.904196554, 9.904329748
9.914196548, 9.914327176
9.924196543, 9.924322415
9.934196539, 9.934344797
9.944196538, 9.944327374
9.954196537, 9.954322866
9.964196547, 9.964324668
9.974196532, 9.974322556
9.984196577, 9.984287133
9.994196530, 9.994316386
10.004196520, 10.004314796
10.014196522, 10.014317292
10.024196522, 10.024316441
10.034196521, 10.034327656
10.044196519, 10.044278993
10.054196524, 10.054312573
10.064196519, 10.064311691
10.074196523, 10.074316046
10.084196519, 10.084344114
10.094196566, 10.094331125
10.104196570, 10.104288736
10.114196564, 10.114324081
10.124196558, 10.124328260
10.134196552, 10.134326216
10.144196547, 10.144321699
10.154196567, 10.154325034
10.164196547, 10.164325836
10.174196532, 10.174312254
10.184196530, 10.184325467
10.194196534, 10.194319934
10.204196534, 10.204348958
10.214196530, 10.214311299
10.224196527, 10.224306144
10.234196537, 10.234310447
10.244196527, 10.244314910
10.254196520, 10.254310296
10.264196522, 10.264311831
10.274196527, 10.274287396
10.284196524, 10.284358347
10.294196563, 10.294335499
10.304196556, 10.304422563
10.314196557, 10.314388157
10.324196565, 10.324342460
10.334196540, 10.334329088
10.344196548, 10.344324976
10.354196538, 10.354330160
10.364196541, 10.364321274
10.374196540, 10.374318514
10.384196543, 10.384401098
10.394196534, 10.394312735
10.404196531, 10.404325795
10.414196526, 10.414344186
10.424196528, 10.424314307
10.434196525, 10.434321613
10.444196526, 10.444337138
10.454196516, 10.454312704
10.464196521, 10.464315398
10.474196525, 10.474326875
10.484196525, 10.484313939
10.494196520, 10.494344368
10.504196574, 10.504359926
10.514196596, 10.514349570
10.524196559, 10.524326949
10.534196569, 10.534325766
10.544196570, 10.544323344
10.554196575, 10.554328064
10.564196566, 10.564338726
10.574196534, 10.574323515
10.584196535, 10.584319972
10.594196540, 10.594321352
10.604196553, 10.604335033
10.614196553, 10.614341364
10.624196546, 10.624307896
10.634196544, 10.634338561
10.644196547, 10.644313590
10.654196546, 10.654309568
10.664196538, 10.664311444
10.674196540, 10.674367593
10.684196540, 10.684304008
10.694196524, 10.694317730
10.704196553, 10.704345892
10.714196557, 10.714327922
10.724196552, 10.724359093
10.734196552, 10.734329513
10.744196555, 10.744325941
10.754196563, 10.754329130
10.764196537, 10.764317140
10.774196555, 10.774321455
10.784196539, 10.784320842
10.794196578, 10.794315340
10.804196537, 10.804347076
10.814196537, 10.814317214
10.824196533, 10.824325745
10.834196529, 10.834316121
10.844196523, 10.844385579
10.854196575, 10.854386902
10.864196533, 10.864337249
10.874196532, 10.874323356
10.884196525, 10.884311212
10.894196523, 10.894315637
10.904196521, 10.904421618
10.914196559, 10.914344383
10.924196586, 10.924327481
10.934196548, 10.934325386
10.944196546, 10.944322011
10.954196541, 10.954323128
10.964196540, 10.964372159
10.974196576, 10.974353659
10.984196545, 10.984321295
10.994196563, 10.994326871
11.004196557, 11.004326160
11.014196556, 11.014335790
11.024196555, 11.024307145
11.034196546, 11.034322661
11.044196527, 11.044317608
11.054196523, 11.054314991
11.064196523, 11.064319626
11.074196526, 11.074324769
11.084196543, 11.084279356
11.094196543, 11.094306705
11.104196546, 11.104343993
11.114196565, 11.114346124
11.124196556, 11.124327235
11.134196555, 11.134342259
11.144196551, 11.144323493
11.154196558, 11.154324019
11.164196657, 11.164318091
11.174196550, 11.174321435
11.184196546, 11.184326556
11.194196546, 11.194301715
11.204196535, 11.204306937
11.214196533, 11.214333604
11.224196536, 11.224315867
11.234196525, 11.234391430
11.244196565, 11.244392893
11.254196519, 11.254334591
11.264196528, 11.264320044
11.274196520, 11.274311223
11.284196523, 11.284314114
11.294196518, 11.294321137
11.304196522, 11.304314388
11.314196523, 11.314320627
11.324196577, 11.324344401
11.334196561, 11.334324963
11.344196556, 11.344342281
11.354196553, 11.354324077
11.364196551, 11.364321631
11.374196566, 11.374314651
11.384196539, 11.384309608
11.394196541, 11.394327960
11.404196533, 11.404316791
11.414196535, 11.414320785
11.424196526, 11.424348844
11.434196562, 11.434315062
11.444196535, 11.444324750
11.454196531, 11.454326288
11.464196524, 11.464339111
11.474196527, 11.474314339
11.484196523, 11.484345818
11.494196560, 11.494305989
11.504196523, 11.504314721
11.514196522, 11.514344158
11.524196560, 11.524345377
11.534196554, 11.534354209
11.544196555, 11.544326849
11.554196540, 11.554329732
11.564196545, 11.564320623
11.574196543, 11.574317438
11.584196603, 11.584325697
11.594196559, 11.594322080
11.604196531, 11.604319615
11.614196531, 11.614320890
11.624196533, 11.624314857
11.634196528, 11.634319036
11.644196524, 11.644319095
11.654196528, 11.654381383
11.664196522, 11.664306917
11.674196522, 11.674314479
11.684196523, 11.684336427
11.694196519, 11.694321385
11.704196526, 11.704316527
11.714196520, 11.714365720
11.724196559, 11.724335041
11.734196553, 11.734325746
11.744196553, 11.744318538
11.754196583, 11.754318858
11.764196546, 11.764317739
11.774196568, 11.774409074
11.784196577, 11.784382927
11.794196555, 11.794332852
11.804196537, 11.804335518
11.814196544, 11.814320722
11.824196534, 11.824318505
11.834196538, 11.834310301
11.844196532, 11.844331909
11.854196530, 11.854314681
11.864196528, 11.864322788
11.874196533, 11.874327146
11.884196524, 11.884319020
11.894196524, 11.894312488
11.904196526, 11.904311101
11.914196526, 11.914322410
11.924196522, 11.924348005
11.934196567, 11.934339955
11.944196543, 11.944378972
11.954206395, 11.954322250
11.964196552, 11.964324121
11.974196542, 11.974331784
11.984196534, 11.984323611
11.994196538, 11.994321657
12.004196546, 12.004356459
12.014196528, 12.014321704
12.024196532, 12.024326844
12.034196533, 12.034324631
12.044196541, 12.044356204
------------------------------
